[2.473s] Invoking command in '/home/pro/Mars_Rover/build/serial_motor_demo': PYTHONPATH=/home/pro/Mars_Rover/build/serial_motor_demo/prefix_override:/home/pro/Mars_Rover/install/serial_motor_demo/lib/python3.8/site-packages:/home/pro/Mars_Rover/install/serial_motor_demo_msgs/lib/python3.8/site-packages:/home/pro/Mars_Rover/build/serial_motor_demo:/home/pro/Mars_Rover/install/serial_motor_demo/lib/python3.8/site-packages:/opt/ros/foxy/lib/python3.8/site-packages /usr/bin/python3 -W ignore:setup.py install is deprecated setup.py develop --editable --build-directory /home/pro/Mars_Rover/build/serial_motor_demo/build --no-deps symlink_data
[3.401s] running develop
[3.906s] running egg_info
[3.906s] writing serial_motor_demo.egg-info/PKG-INFO
[3.907s] writing dependency_links to serial_motor_demo.egg-info/dependency_links.txt
[3.908s] writing entry points to serial_motor_demo.egg-info/entry_points.txt
[3.909s] writing requirements to serial_motor_demo.egg-info/requires.txt
[3.909s] writing top-level names to serial_motor_demo.egg-info/top_level.txt
[4.032s] reading manifest file 'serial_motor_demo.egg-info/SOURCES.txt'
[4.035s] writing manifest file 'serial_motor_demo.egg-info/SOURCES.txt'
[4.178s] running build_ext
[4.179s] Creating /home/pro/Mars_Rover/install/serial_motor_demo/lib/python3.8/site-packages/serial-motor-demo.egg-link (link to .)
[4.183s] Installing driver script to /home/pro/Mars_Rover/install/serial_motor_demo/lib/serial_motor_demo
[4.184s] Installing gui script to /home/pro/Mars_Rover/install/serial_motor_demo/lib/serial_motor_demo
[4.185s] Installing obstacle_avoid_sonar script to /home/pro/Mars_Rover/install/serial_motor_demo/lib/serial_motor_demo
[4.185s] Installing sonar script to /home/pro/Mars_Rover/install/serial_motor_demo/lib/serial_motor_demo
[4.186s] Installing sonar_array script to /home/pro/Mars_Rover/install/serial_motor_demo/lib/serial_motor_demo
[4.187s] 
[4.188s] Installed /home/pro/Mars_Rover/build/serial_motor_demo
[4.188s] running symlink_data
[4.307s] Invoked command in '/home/pro/Mars_Rover/build/serial_motor_demo' returned '0': PYTHONPATH=/home/pro/Mars_Rover/build/serial_motor_demo/prefix_override:/home/pro/Mars_Rover/install/serial_motor_demo/lib/python3.8/site-packages:/home/pro/Mars_Rover/install/serial_motor_demo_msgs/lib/python3.8/site-packages:/home/pro/Mars_Rover/build/serial_motor_demo:/home/pro/Mars_Rover/install/serial_motor_demo/lib/python3.8/site-packages:/opt/ros/foxy/lib/python3.8/site-packages /usr/bin/python3 -W ignore:setup.py install is deprecated setup.py develop --editable --build-directory /home/pro/Mars_Rover/build/serial_motor_demo/build --no-deps symlink_data
