[0.055s] Invoking command in '/home/pro/Mars_Rover/build/serial_motor_demo_msgs': CMAKE_PREFIX_PATH=/opt/ros/foxy /usr/bin/cmake --build /home/pro/Mars_Rover/build/serial_motor_demo_msgs -- -j4 -l4
[0.288s] [  1%] Built target serial_motor_demo_msgs__cpp
[0.297s] [ 12%] Built target serial_motor_demo_msgs__rosidl_generator_c
[0.437s] [ 23%] Built target serial_motor_demo_msgs__rosidl_typesupport_cpp
[0.454s] [ 34%] Built target serial_motor_demo_msgs__rosidl_typesupport_introspection_cpp
[0.496s] [ 45%] Built target serial_motor_demo_msgs__rosidl_typesupport_fastrtps_cpp
[0.527s] [ 56%] Built target serial_motor_demo_msgs__rosidl_typesupport_introspection_c
[0.575s] [ 67%] Built target serial_motor_demo_msgs__rosidl_typesupport_c
[0.638s] [ 78%] Built target serial_motor_demo_msgs__rosidl_typesupport_fastrtps_c
[0.722s] [ 78%] Built target serial_motor_demo_msgs
[0.823s] [ 80%] Built target serial_motor_demo_msgs__py
[0.962s] [ 89%] Built target serial_motor_demo_msgs__python
[1.114s] [ 92%] Built target serial_motor_demo_msgs__rosidl_typesupport_introspection_c__pyext
[1.128s] [ 96%] Built target serial_motor_demo_msgs__rosidl_typesupport_fastrtps_c__pyext
[1.137s] [100%] Built target serial_motor_demo_msgs__rosidl_typesupport_c__pyext
[1.185s] Invoked command in '/home/pro/Mars_Rover/build/serial_motor_demo_msgs' returned '0': CMAKE_PREFIX_PATH=/opt/ros/foxy /usr/bin/cmake --build /home/pro/Mars_Rover/build/serial_motor_demo_msgs -- -j4 -l4
[1.747s] Invoking command in '/home/pro/Mars_Rover/build/serial_motor_demo_msgs': CMAKE_PREFIX_PATH=/opt/ros/foxy /usr/bin/cmake --install /home/pro/Mars_Rover/build/serial_motor_demo_msgs
[1.781s] -- Install configuration: ""
[1.783s] -- Execute custom install script
[1.785s] -- Up-to-date symlink: /home/pro/Mars_Rover/install/serial_motor_demo_msgs/share/ament_index/resource_index/rosidl_interfaces/serial_motor_demo_msgs
[1.789s] -- Up-to-date symlink: /home/pro/Mars_Rover/install/serial_motor_demo_msgs/include/serial_motor_demo_msgs/msg/detail/encoder_vals__functions.h
[1.790s] -- Up-to-date symlink: /home/pro/Mars_Rover/install/serial_motor_demo_msgs/include/serial_motor_demo_msgs/msg/detail/encoder_vals__struct.h
[1.792s] -- Up-to-date symlink: /home/pro/Mars_Rover/install/serial_motor_demo_msgs/include/serial_motor_demo_msgs/msg/detail/encoder_vals__type_support.h
[1.793s] -- Up-to-date symlink: /home/pro/Mars_Rover/install/serial_motor_demo_msgs/include/serial_motor_demo_msgs/msg/detail/motor_command__functions.h
[1.794s] -- Up-to-date symlink: /home/pro/Mars_Rover/install/serial_motor_demo_msgs/include/serial_motor_demo_msgs/msg/detail/motor_command__struct.h
[1.796s] -- Up-to-date symlink: /home/pro/Mars_Rover/install/serial_motor_demo_msgs/include/serial_motor_demo_msgs/msg/detail/motor_command__type_support.h
[1.797s] -- Up-to-date symlink: /home/pro/Mars_Rover/install/serial_motor_demo_msgs/include/serial_motor_demo_msgs/msg/detail/motor_vels__functions.h
[1.798s] -- Up-to-date symlink: /home/pro/Mars_Rover/install/serial_motor_demo_msgs/include/serial_motor_demo_msgs/msg/detail/motor_vels__struct.h
[1.800s] -- Up-to-date symlink: /home/pro/Mars_Rover/install/serial_motor_demo_msgs/include/serial_motor_demo_msgs/msg/detail/motor_vels__type_support.h
[1.801s] -- Up-to-date symlink: /home/pro/Mars_Rover/install/serial_motor_demo_msgs/include/serial_motor_demo_msgs/msg/detail/steering_command__functions.h
[1.803s] -- Up-to-date symlink: /home/pro/Mars_Rover/install/serial_motor_demo_msgs/include/serial_motor_demo_msgs/msg/detail/steering_command__struct.h
[1.805s] -- Up-to-date symlink: /home/pro/Mars_Rover/install/serial_motor_demo_msgs/include/serial_motor_demo_msgs/msg/detail/steering_command__type_support.h
[1.806s] -- Up-to-date symlink: /home/pro/Mars_Rover/install/serial_motor_demo_msgs/include/serial_motor_demo_msgs/msg/encoder_vals.h
[1.807s] -- Up-to-date symlink: /home/pro/Mars_Rover/install/serial_motor_demo_msgs/include/serial_motor_demo_msgs/msg/motor_command.h
[1.809s] -- Up-to-date symlink: /home/pro/Mars_Rover/install/serial_motor_demo_msgs/include/serial_motor_demo_msgs/msg/motor_vels.h
[1.810s] -- Up-to-date symlink: /home/pro/Mars_Rover/install/serial_motor_demo_msgs/include/serial_motor_demo_msgs/msg/rosidl_generator_c__visibility_control.h
[1.811s] -- Up-to-date symlink: /home/pro/Mars_Rover/install/serial_motor_demo_msgs/include/serial_motor_demo_msgs/msg/steering_command.h
[1.813s] -- Up-to-date symlink: /home/pro/Mars_Rover/install/serial_motor_demo_msgs/share/serial_motor_demo_msgs/environment/library_path.sh
[1.814s] -- Up-to-date symlink: /home/pro/Mars_Rover/install/serial_motor_demo_msgs/share/serial_motor_demo_msgs/environment/library_path.dsv
[1.821s] -- Up-to-date symlink: /home/pro/Mars_Rover/install/serial_motor_demo_msgs/include/serial_motor_demo_msgs/msg/detail/encoder_vals__rosidl_typesupport_fastrtps_c.h
[1.822s] -- Up-to-date symlink: /home/pro/Mars_Rover/install/serial_motor_demo_msgs/include/serial_motor_demo_msgs/msg/detail/motor_command__rosidl_typesupport_fastrtps_c.h
[1.823s] -- Up-to-date symlink: /home/pro/Mars_Rover/install/serial_motor_demo_msgs/include/serial_motor_demo_msgs/msg/detail/motor_vels__rosidl_typesupport_fastrtps_c.h
[1.824s] -- Up-to-date symlink: /home/pro/Mars_Rover/install/serial_motor_demo_msgs/include/serial_motor_demo_msgs/msg/detail/steering_command__rosidl_typesupport_fastrtps_c.h
[1.826s] -- Up-to-date symlink: /home/pro/Mars_Rover/install/serial_motor_demo_msgs/include/serial_motor_demo_msgs/msg/rosidl_typesupport_fastrtps_c__visibility_control.h
[1.827s] -- Up-to-date symlink: /home/pro/Mars_Rover/install/serial_motor_demo_msgs/lib/libserial_motor_demo_msgs__rosidl_typesupport_fastrtps_c.so
[1.832s] -- Up-to-date symlink: /home/pro/Mars_Rover/install/serial_motor_demo_msgs/include/serial_motor_demo_msgs/msg/detail/encoder_vals__rosidl_typesupport_fastrtps_cpp.hpp
[1.833s] -- Up-to-date symlink: /home/pro/Mars_Rover/install/serial_motor_demo_msgs/include/serial_motor_demo_msgs/msg/detail/motor_command__rosidl_typesupport_fastrtps_cpp.hpp
[1.835s] -- Up-to-date symlink: /home/pro/Mars_Rover/install/serial_motor_demo_msgs/include/serial_motor_demo_msgs/msg/detail/motor_vels__rosidl_typesupport_fastrtps_cpp.hpp
[1.836s] -- Up-to-date symlink: /home/pro/Mars_Rover/install/serial_motor_demo_msgs/include/serial_motor_demo_msgs/msg/detail/steering_command__rosidl_typesupport_fastrtps_cpp.hpp
[1.838s] -- Up-to-date symlink: /home/pro/Mars_Rover/install/serial_motor_demo_msgs/include/serial_motor_demo_msgs/msg/rosidl_typesupport_fastrtps_cpp__visibility_control.h
[1.839s] -- Up-to-date symlink: /home/pro/Mars_Rover/install/serial_motor_demo_msgs/lib/libserial_motor_demo_msgs__rosidl_typesupport_fastrtps_cpp.so
[1.843s] -- Up-to-date symlink: /home/pro/Mars_Rover/install/serial_motor_demo_msgs/include/serial_motor_demo_msgs/msg/detail/encoder_vals__rosidl_typesupport_introspection_c.h
[1.844s] -- Up-to-date symlink: /home/pro/Mars_Rover/install/serial_motor_demo_msgs/include/serial_motor_demo_msgs/msg/detail/motor_command__rosidl_typesupport_introspection_c.h
[1.846s] -- Up-to-date symlink: /home/pro/Mars_Rover/install/serial_motor_demo_msgs/include/serial_motor_demo_msgs/msg/detail/motor_vels__rosidl_typesupport_introspection_c.h
[1.847s] -- Up-to-date symlink: /home/pro/Mars_Rover/install/serial_motor_demo_msgs/include/serial_motor_demo_msgs/msg/detail/steering_command__rosidl_typesupport_introspection_c.h
[1.849s] -- Up-to-date symlink: /home/pro/Mars_Rover/install/serial_motor_demo_msgs/include/serial_motor_demo_msgs/msg/rosidl_typesupport_introspection_c__visibility_control.h
[1.853s] -- Up-to-date symlink: /home/pro/Mars_Rover/install/serial_motor_demo_msgs/include/serial_motor_demo_msgs/msg/detail/encoder_vals__builder.hpp
[1.856s] -- Up-to-date symlink: /home/pro/Mars_Rover/install/serial_motor_demo_msgs/include/serial_motor_demo_msgs/msg/detail/encoder_vals__struct.hpp
[1.856s] -- Up-to-date symlink: /home/pro/Mars_Rover/install/serial_motor_demo_msgs/include/serial_motor_demo_msgs/msg/detail/encoder_vals__traits.hpp
[1.861s] -- Up-to-date symlink: /home/pro/Mars_Rover/install/serial_motor_demo_msgs/include/serial_motor_demo_msgs/msg/detail/encoder_vals__type_support.hpp
[1.862s] -- Up-to-date symlink: /home/pro/Mars_Rover/install/serial_motor_demo_msgs/include/serial_motor_demo_msgs/msg/detail/motor_command__builder.hpp
[1.862s] -- Up-to-date symlink: /home/pro/Mars_Rover/install/serial_motor_demo_msgs/include/serial_motor_demo_msgs/msg/detail/motor_command__struct.hpp
[1.863s] -- Up-to-date symlink: /home/pro/Mars_Rover/install/serial_motor_demo_msgs/include/serial_motor_demo_msgs/msg/detail/motor_command__traits.hpp
[1.863s] -- Up-to-date symlink: /home/pro/Mars_Rover/install/serial_motor_demo_msgs/include/serial_motor_demo_msgs/msg/detail/motor_command__type_support.hpp
[1.864s] -- Up-to-date symlink: /home/pro/Mars_Rover/install/serial_motor_demo_msgs/include/serial_motor_demo_msgs/msg/detail/motor_vels__builder.hpp
[1.865s] -- Up-to-date symlink: /home/pro/Mars_Rover/install/serial_motor_demo_msgs/include/serial_motor_demo_msgs/msg/detail/motor_vels__struct.hpp
[1.867s] -- Up-to-date symlink: /home/pro/Mars_Rover/install/serial_motor_demo_msgs/include/serial_motor_demo_msgs/msg/detail/motor_vels__traits.hpp
[1.876s] -- Up-to-date symlink: /home/pro/Mars_Rover/install/serial_motor_demo_msgs/include/serial_motor_demo_msgs/msg/detail/motor_vels__type_support.hpp
[1.877s] -- Up-to-date symlink: /home/pro/Mars_Rover/install/serial_motor_demo_msgs/include/serial_motor_demo_msgs/msg/detail/steering_command__builder.hpp
[1.877s] -- Up-to-date symlink: /home/pro/Mars_Rover/install/serial_motor_demo_msgs/include/serial_motor_demo_msgs/msg/detail/steering_command__struct.hpp
[1.878s] -- Up-to-date symlink: /home/pro/Mars_Rover/install/serial_motor_demo_msgs/include/serial_motor_demo_msgs/msg/detail/steering_command__traits.hpp
[1.878s] -- Up-to-date symlink: /home/pro/Mars_Rover/install/serial_motor_demo_msgs/include/serial_motor_demo_msgs/msg/detail/steering_command__type_support.hpp
[1.879s] -- Up-to-date symlink: /home/pro/Mars_Rover/install/serial_motor_demo_msgs/include/serial_motor_demo_msgs/msg/encoder_vals.hpp
[1.879s] -- Up-to-date symlink: /home/pro/Mars_Rover/install/serial_motor_demo_msgs/include/serial_motor_demo_msgs/msg/motor_command.hpp
[1.880s] -- Up-to-date symlink: /home/pro/Mars_Rover/install/serial_motor_demo_msgs/include/serial_motor_demo_msgs/msg/motor_vels.hpp
[1.881s] -- Up-to-date symlink: /home/pro/Mars_Rover/install/serial_motor_demo_msgs/include/serial_motor_demo_msgs/msg/rosidl_generator_cpp__visibility_control.hpp
[1.881s] -- Up-to-date symlink: /home/pro/Mars_Rover/install/serial_motor_demo_msgs/include/serial_motor_demo_msgs/msg/steering_command.hpp
[1.883s] -- Up-to-date symlink: /home/pro/Mars_Rover/install/serial_motor_demo_msgs/include/serial_motor_demo_msgs/msg/detail/encoder_vals__rosidl_typesupport_introspection_cpp.hpp
[1.884s] -- Up-to-date symlink: /home/pro/Mars_Rover/install/serial_motor_demo_msgs/include/serial_motor_demo_msgs/msg/detail/motor_command__rosidl_typesupport_introspection_cpp.hpp
[1.886s] -- Up-to-date symlink: /home/pro/Mars_Rover/install/serial_motor_demo_msgs/include/serial_motor_demo_msgs/msg/detail/motor_vels__rosidl_typesupport_introspection_cpp.hpp
[1.887s] -- Up-to-date symlink: /home/pro/Mars_Rover/install/serial_motor_demo_msgs/include/serial_motor_demo_msgs/msg/detail/steering_command__rosidl_typesupport_introspection_cpp.hpp
[1.889s] -- Up-to-date symlink: /home/pro/Mars_Rover/install/serial_motor_demo_msgs/share/serial_motor_demo_msgs/environment/pythonpath.sh
[1.891s] -- Up-to-date symlink: /home/pro/Mars_Rover/install/serial_motor_demo_msgs/share/serial_motor_demo_msgs/environment/pythonpath.dsv
[1.892s] -- Up-to-date symlink: /home/pro/Mars_Rover/install/serial_motor_demo_msgs/lib/python3.8/site-packages/serial_motor_demo_msgs/__init__.py
[1.895s] -- Up-to-date symlink: /home/pro/Mars_Rover/install/serial_motor_demo_msgs/lib/python3.8/site-packages/serial_motor_demo_msgs/msg/__init__.py
[1.897s] -- Up-to-date symlink: /home/pro/Mars_Rover/install/serial_motor_demo_msgs/lib/python3.8/site-packages/serial_motor_demo_msgs/msg/_encoder_vals.py
[1.898s] -- Up-to-date symlink: /home/pro/Mars_Rover/install/serial_motor_demo_msgs/lib/python3.8/site-packages/serial_motor_demo_msgs/msg/_motor_command.py
[1.899s] -- Up-to-date symlink: /home/pro/Mars_Rover/install/serial_motor_demo_msgs/lib/python3.8/site-packages/serial_motor_demo_msgs/msg/_motor_vels.py
[1.901s] -- Up-to-date symlink: /home/pro/Mars_Rover/install/serial_motor_demo_msgs/lib/python3.8/site-packages/serial_motor_demo_msgs/msg/_steering_command.py
[1.903s] -- Up-to-date symlink: /home/pro/Mars_Rover/install/serial_motor_demo_msgs/lib/python3.8/site-packages/serial_motor_demo_msgs/serial_motor_demo_msgs_s__rosidl_typesupport_fastrtps_c.cpython-38-aarch64-linux-gnu.so
[1.905s] -- Up-to-date symlink: /home/pro/Mars_Rover/install/serial_motor_demo_msgs/lib/python3.8/site-packages/serial_motor_demo_msgs/serial_motor_demo_msgs_s__rosidl_typesupport_introspection_c.cpython-38-aarch64-linux-gnu.so
[1.908s] -- Up-to-date symlink: /home/pro/Mars_Rover/install/serial_motor_demo_msgs/lib/python3.8/site-packages/serial_motor_demo_msgs/serial_motor_demo_msgs_s__rosidl_typesupport_c.cpython-38-aarch64-linux-gnu.so
[1.911s] -- Up-to-date symlink: /home/pro/Mars_Rover/install/serial_motor_demo_msgs/lib/libserial_motor_demo_msgs__python.so
[1.912s] -- Up-to-date symlink: /home/pro/Mars_Rover/install/serial_motor_demo_msgs/share/serial_motor_demo_msgs/msg/MotorCommand.idl
[1.914s] -- Up-to-date symlink: /home/pro/Mars_Rover/install/serial_motor_demo_msgs/share/serial_motor_demo_msgs/msg/MotorVels.idl
[1.917s] -- Up-to-date symlink: /home/pro/Mars_Rover/install/serial_motor_demo_msgs/share/serial_motor_demo_msgs/msg/EncoderVals.idl
[1.919s] -- Up-to-date symlink: /home/pro/Mars_Rover/install/serial_motor_demo_msgs/share/serial_motor_demo_msgs/msg/SteeringCommand.idl
[1.919s] -- Up-to-date symlink: /home/pro/Mars_Rover/install/serial_motor_demo_msgs/share/serial_motor_demo_msgs/msg/MotorCommand.msg
[1.922s] -- Up-to-date symlink: /home/pro/Mars_Rover/install/serial_motor_demo_msgs/share/serial_motor_demo_msgs/msg/MotorVels.msg
[1.924s] -- Up-to-date symlink: /home/pro/Mars_Rover/install/serial_motor_demo_msgs/share/serial_motor_demo_msgs/msg/EncoderVals.msg
[1.926s] -- Up-to-date symlink: /home/pro/Mars_Rover/install/serial_motor_demo_msgs/share/serial_motor_demo_msgs/msg/SteeringCommand.msg
[1.928s] -- Up-to-date symlink: /home/pro/Mars_Rover/install/serial_motor_demo_msgs/share/ament_index/resource_index/package_run_dependencies/serial_motor_demo_msgs
[1.930s] -- Up-to-date symlink: /home/pro/Mars_Rover/install/serial_motor_demo_msgs/share/ament_index/resource_index/parent_prefix_path/serial_motor_demo_msgs
[1.932s] -- Up-to-date symlink: /home/pro/Mars_Rover/install/serial_motor_demo_msgs/share/serial_motor_demo_msgs/environment/ament_prefix_path.sh
[1.934s] -- Up-to-date symlink: /home/pro/Mars_Rover/install/serial_motor_demo_msgs/share/serial_motor_demo_msgs/environment/ament_prefix_path.dsv
[1.935s] -- Up-to-date symlink: /home/pro/Mars_Rover/install/serial_motor_demo_msgs/share/serial_motor_demo_msgs/environment/path.sh
[1.937s] -- Up-to-date symlink: /home/pro/Mars_Rover/install/serial_motor_demo_msgs/share/serial_motor_demo_msgs/environment/path.dsv
[1.938s] -- Up-to-date symlink: /home/pro/Mars_Rover/install/serial_motor_demo_msgs/share/serial_motor_demo_msgs/local_setup.bash
[1.940s] -- Up-to-date symlink: /home/pro/Mars_Rover/install/serial_motor_demo_msgs/share/serial_motor_demo_msgs/local_setup.sh
[1.941s] -- Up-to-date symlink: /home/pro/Mars_Rover/install/serial_motor_demo_msgs/share/serial_motor_demo_msgs/local_setup.zsh
[1.943s] -- Up-to-date symlink: /home/pro/Mars_Rover/install/serial_motor_demo_msgs/share/serial_motor_demo_msgs/local_setup.dsv
[1.944s] -- Symlinking: /home/pro/Mars_Rover/install/serial_motor_demo_msgs/share/serial_motor_demo_msgs/package.dsv
[1.979s] -- Up-to-date symlink: /home/pro/Mars_Rover/install/serial_motor_demo_msgs/share/ament_index/resource_index/packages/serial_motor_demo_msgs
[1.982s] -- Up-to-date symlink: /home/pro/Mars_Rover/install/serial_motor_demo_msgs/share/serial_motor_demo_msgs/cmake/rosidl_cmake-extras.cmake
[1.983s] -- Up-to-date symlink: /home/pro/Mars_Rover/install/serial_motor_demo_msgs/share/serial_motor_demo_msgs/cmake/ament_cmake_export_dependencies-extras.cmake
[1.985s] -- Up-to-date symlink: /home/pro/Mars_Rover/install/serial_motor_demo_msgs/share/serial_motor_demo_msgs/cmake/ament_cmake_export_libraries-extras.cmake
[1.988s] -- Up-to-date symlink: /home/pro/Mars_Rover/install/serial_motor_demo_msgs/share/serial_motor_demo_msgs/cmake/ament_cmake_export_targets-extras.cmake
[1.989s] -- Up-to-date symlink: /home/pro/Mars_Rover/install/serial_motor_demo_msgs/share/serial_motor_demo_msgs/cmake/ament_cmake_export_include_directories-extras.cmake
[1.991s] -- Up-to-date symlink: /home/pro/Mars_Rover/install/serial_motor_demo_msgs/share/serial_motor_demo_msgs/cmake/rosidl_cmake_export_typesupport_libraries-extras.cmake
[1.993s] -- Up-to-date symlink: /home/pro/Mars_Rover/install/serial_motor_demo_msgs/share/serial_motor_demo_msgs/cmake/rosidl_cmake_export_typesupport_targets-extras.cmake
[1.995s] -- Up-to-date symlink: /home/pro/Mars_Rover/install/serial_motor_demo_msgs/share/serial_motor_demo_msgs/cmake/serial_motor_demo_msgsConfig.cmake
[1.996s] -- Up-to-date symlink: /home/pro/Mars_Rover/install/serial_motor_demo_msgs/share/serial_motor_demo_msgs/cmake/serial_motor_demo_msgsConfig-version.cmake
[1.998s] -- Up-to-date symlink: /home/pro/Mars_Rover/install/serial_motor_demo_msgs/share/serial_motor_demo_msgs/package.xml
[1.999s] -- Up-to-date: /home/pro/Mars_Rover/install/serial_motor_demo_msgs/lib/libserial_motor_demo_msgs__rosidl_generator_c.so
[2.002s] -- Up-to-date: /home/pro/Mars_Rover/install/serial_motor_demo_msgs/lib/libserial_motor_demo_msgs__rosidl_typesupport_introspection_c.so
[2.004s] -- Up-to-date: /home/pro/Mars_Rover/install/serial_motor_demo_msgs/lib/libserial_motor_demo_msgs__rosidl_typesupport_c.so
[2.006s] -- Up-to-date: /home/pro/Mars_Rover/install/serial_motor_demo_msgs/lib/libserial_motor_demo_msgs__rosidl_typesupport_introspection_cpp.so
[2.008s] -- Up-to-date: /home/pro/Mars_Rover/install/serial_motor_demo_msgs/lib/libserial_motor_demo_msgs__rosidl_typesupport_cpp.so
[2.167s] -- Up-to-date: /home/pro/Mars_Rover/install/serial_motor_demo_msgs/share/serial_motor_demo_msgs/cmake/serial_motor_demo_msgs__rosidl_generator_cExport.cmake
[2.168s] -- Up-to-date: /home/pro/Mars_Rover/install/serial_motor_demo_msgs/share/serial_motor_demo_msgs/cmake/serial_motor_demo_msgs__rosidl_generator_cExport-noconfig.cmake
[2.169s] -- Up-to-date: /home/pro/Mars_Rover/install/serial_motor_demo_msgs/share/serial_motor_demo_msgs/cmake/serial_motor_demo_msgs__rosidl_typesupport_introspection_cExport.cmake
[2.170s] -- Up-to-date: /home/pro/Mars_Rover/install/serial_motor_demo_msgs/share/serial_motor_demo_msgs/cmake/serial_motor_demo_msgs__rosidl_typesupport_introspection_cExport-noconfig.cmake
[2.170s] -- Up-to-date: /home/pro/Mars_Rover/install/serial_motor_demo_msgs/share/serial_motor_demo_msgs/cmake/serial_motor_demo_msgs__rosidl_typesupport_cExport.cmake
[2.171s] -- Up-to-date: /home/pro/Mars_Rover/install/serial_motor_demo_msgs/share/serial_motor_demo_msgs/cmake/serial_motor_demo_msgs__rosidl_typesupport_cExport-noconfig.cmake
[2.172s] -- Up-to-date: /home/pro/Mars_Rover/install/serial_motor_demo_msgs/share/serial_motor_demo_msgs/cmake/serial_motor_demo_msgs__rosidl_generator_cppExport.cmake
[2.174s] -- Up-to-date: /home/pro/Mars_Rover/install/serial_motor_demo_msgs/share/serial_motor_demo_msgs/cmake/serial_motor_demo_msgs__rosidl_typesupport_introspection_cppExport.cmake
[2.174s] -- Up-to-date: /home/pro/Mars_Rover/install/serial_motor_demo_msgs/share/serial_motor_demo_msgs/cmake/serial_motor_demo_msgs__rosidl_typesupport_introspection_cppExport-noconfig.cmake
[2.175s] -- Up-to-date: /home/pro/Mars_Rover/install/serial_motor_demo_msgs/share/serial_motor_demo_msgs/cmake/serial_motor_demo_msgs__rosidl_typesupport_cppExport.cmake
[2.176s] -- Up-to-date: /home/pro/Mars_Rover/install/serial_motor_demo_msgs/share/serial_motor_demo_msgs/cmake/serial_motor_demo_msgs__rosidl_typesupport_cppExport-noconfig.cmake
[2.184s] Invoked command in '/home/pro/Mars_Rover/build/serial_motor_demo_msgs' returned '0': CMAKE_PREFIX_PATH=/opt/ros/foxy /usr/bin/cmake --install /home/pro/Mars_Rover/build/serial_motor_demo_msgs
