[2.586s] Invoking command in '/home/pro/Mars_Rover/build/serial_motor_demo': AMENT_PREFIX_PATH=/home/pro/Mars_Rover/install/serial_motor_demo_msgs:${AMENT_PREFIX_PATH} CMAKE_PREFIX_PATH=/home/pro/Mars_Rover/install/serial_motor_demo_msgs LD_LIBRARY_PATH=/home/pro/Mars_Rover/install/serial_motor_demo_msgs/lib:${LD_LIBRARY_PATH} PYTHONPATH=/home/pro/Mars_Rover/build/serial_motor_demo/prefix_override:/home/pro/Mars_Rover/install/serial_motor_demo/lib/python3.8/site-packages:/home/pro/Mars_Rover/install/serial_motor_demo_msgs/lib/python3.8/site-packages:${PYTHONPATH} /usr/bin/python3 -W ignore:setup.py install is deprecated setup.py develop --editable --build-directory /home/pro/Mars_Rover/build/serial_motor_demo/build --no-deps symlink_data
[3.508s] running develop
[4.006s] running egg_info
[4.006s] writing serial_motor_demo.egg-info/PKG-INFO
[4.007s] writing dependency_links to serial_motor_demo.egg-info/dependency_links.txt
[4.008s] writing entry points to serial_motor_demo.egg-info/entry_points.txt
[4.009s] writing requirements to serial_motor_demo.egg-info/requires.txt
[4.010s] writing top-level names to serial_motor_demo.egg-info/top_level.txt
[4.137s] reading manifest file 'serial_motor_demo.egg-info/SOURCES.txt'
[4.141s] writing manifest file 'serial_motor_demo.egg-info/SOURCES.txt'
[4.282s] running build_ext
[4.284s] Creating /home/pro/Mars_Rover/install/serial_motor_demo/lib/python3.8/site-packages/serial-motor-demo.egg-link (link to .)
[4.287s] Installing driver script to /home/pro/Mars_Rover/install/serial_motor_demo/lib/serial_motor_demo
[4.288s] Installing gui script to /home/pro/Mars_Rover/install/serial_motor_demo/lib/serial_motor_demo
[4.289s] Installing obstacle_avoid_sonar script to /home/pro/Mars_Rover/install/serial_motor_demo/lib/serial_motor_demo
[4.289s] Installing sonar script to /home/pro/Mars_Rover/install/serial_motor_demo/lib/serial_motor_demo
[4.290s] Installing sonar_array script to /home/pro/Mars_Rover/install/serial_motor_demo/lib/serial_motor_demo
[4.291s] 
[4.292s] Installed /home/pro/Mars_Rover/build/serial_motor_demo
[4.292s] running symlink_data
[4.412s] Invoked command in '/home/pro/Mars_Rover/build/serial_motor_demo' returned '0': AMENT_PREFIX_PATH=/home/pro/Mars_Rover/install/serial_motor_demo_msgs:${AMENT_PREFIX_PATH} CMAKE_PREFIX_PATH=/home/pro/Mars_Rover/install/serial_motor_demo_msgs LD_LIBRARY_PATH=/home/pro/Mars_Rover/install/serial_motor_demo_msgs/lib:${LD_LIBRARY_PATH} PYTHONPATH=/home/pro/Mars_Rover/build/serial_motor_demo/prefix_override:/home/pro/Mars_Rover/install/serial_motor_demo/lib/python3.8/site-packages:/home/pro/Mars_Rover/install/serial_motor_demo_msgs/lib/python3.8/site-packages:${PYTHONPATH} /usr/bin/python3 -W ignore:setup.py install is deprecated setup.py develop --editable --build-directory /home/pro/Mars_Rover/build/serial_motor_demo/build --no-deps symlink_data
