[0.735s] DEBUG:colcon:Command line arguments: ['/usr/bin/colcon', 'build', '--symlink-install']
[0.736s] DEBUG:colcon:Parsed command line arguments: Namespace(ament_cmake_args=None, base_paths=['.'], build_base='build', catkin_cmake_args=None, catkin_skip_building_tests=False, cmake_args=None, cmake_clean_cache=False, cmake_clean_first=False, cmake_force_configure=False, cmake_target=None, cmake_target_skip_unavailable=False, continue_on_error=False, event_handlers=None, executor='parallel', ignore_user_meta=False, install_base='install', log_base=None, log_level=None, main=<bound method BuildVerb.main of <colcon_core.verb.build.BuildVerb object at 0xffffa05c6d00>>, merge_install=False, metas=['./colcon.meta'], packages_above=None, packages_above_and_dependencies=None, packages_above_depth=None, packages_end=None, packages_ignore=None, packages_ignore_regex=None, packages_select=None, packages_select_build_failed=False, packages_select_by_dep=None, packages_select_regex=None, packages_select_test_failures=False, packages_skip=None, packages_skip_build_finished=False, packages_skip_by_dep=None, packages_skip_regex=None, packages_skip_test_passed=False, packages_skip_up_to=None, packages_start=None, packages_up_to=None, packages_up_to_regex=None, parallel_workers=4, paths=None, symlink_install=True, test_result_base=None, verb_extension=<colcon_core.verb.build.BuildVerb object at 0xffffa05c6d00>, verb_name='build', verb_parser=<colcon_defaults.argument_parser.defaults.DefaultArgumentsDecorator object at 0xffffa05d42b0>)
[1.352s] Level 1:colcon.colcon_core.package_discovery:discover_packages(colcon_meta) check parameters
[1.353s] Level 1:colcon.colcon_core.package_discovery:discover_packages(recursive) check parameters
[1.353s] Level 1:colcon.colcon_core.package_discovery:discover_packages(ignore) check parameters
[1.353s] Level 1:colcon.colcon_core.package_discovery:discover_packages(path) check parameters
[1.353s] Level 1:colcon.colcon_core.package_discovery:discover_packages(colcon_meta) discover
[1.353s] Level 1:colcon.colcon_core.package_discovery:discover_packages(recursive) discover
[1.354s] INFO:colcon.colcon_core.package_discovery:Crawling recursively for packages in '/home/pro/Mars_Rover'
[1.354s] Level 1:colcon.colcon_core.package_identification:_identify(.) by extensions ['ignore', 'ignore_ament_install']
[1.355s] Level 1:colcon.colcon_core.package_identification:_identify(.) by extension 'ignore'
[1.356s] Level 1:colcon.colcon_core.package_identification:_identify(.) by extension 'ignore_ament_install'
[1.356s] Level 1:colcon.colcon_core.package_identification:_identify(.) by extensions ['colcon_pkg']
[1.356s] Level 1:colcon.colcon_core.package_identification:_identify(.) by extension 'colcon_pkg'
[1.357s] Level 1:colcon.colcon_core.package_identification:_identify(.) by extensions ['colcon_meta']
[1.357s] Level 1:colcon.colcon_core.package_identification:_identify(.) by extension 'colcon_meta'
[1.357s] Level 1:colcon.colcon_core.package_identification:_identify(.) by extensions ['ros']
[1.357s] Level 1:colcon.colcon_core.package_identification:_identify(.) by extension 'ros'
[1.399s] Level 1:colcon.colcon_core.package_identification:_identify(.) by extensions ['cmake', 'python']
[1.399s] Level 1:colcon.colcon_core.package_identification:_identify(.) by extension 'cmake'
[1.399s] Level 1:colcon.colcon_core.package_identification:_identify(.) by extension 'python'
[1.399s] Level 1:colcon.colcon_core.package_identification:_identify(.) by extensions ['python_setup_py']
[1.400s] Level 1:colcon.colcon_core.package_identification:_identify(.) by extension 'python_setup_py'
[1.400s] Level 1:colcon.colcon_core.package_identification:_identify(build) by extensions ['ignore', 'ignore_ament_install']
[1.400s] Level 1:colcon.colcon_core.package_identification:_identify(build) by extension 'ignore'
[1.401s] Level 1:colcon.colcon_core.package_identification:_identify(build) ignored
[1.401s] Level 1:colcon.colcon_core.package_identification:_identify(install) by extensions ['ignore', 'ignore_ament_install']
[1.402s] Level 1:colcon.colcon_core.package_identification:_identify(install) by extension 'ignore'
[1.402s] Level 1:colcon.colcon_core.package_identification:_identify(install) ignored
[1.402s] Level 1:colcon.colcon_core.package_identification:_identify(log) by extensions ['ignore', 'ignore_ament_install']
[1.403s] Level 1:colcon.colcon_core.package_identification:_identify(log) by extension 'ignore'
[1.403s] Level 1:colcon.colcon_core.package_identification:_identify(log) ignored
[1.403s] Level 1:colcon.colcon_core.package_identification:_identify(src) by extensions ['ignore', 'ignore_ament_install']
[1.404s] Level 1:colcon.colcon_core.package_identification:_identify(src) by extension 'ignore'
[1.404s] Level 1:colcon.colcon_core.package_identification:_identify(src) by extension 'ignore_ament_install'
[1.404s] Level 1:colcon.colcon_core.package_identification:_identify(src) by extensions ['colcon_pkg']
[1.404s] Level 1:colcon.colcon_core.package_identification:_identify(src) by extension 'colcon_pkg'
[1.405s] Level 1:colcon.colcon_core.package_identification:_identify(src) by extensions ['colcon_meta']
[1.405s] Level 1:colcon.colcon_core.package_identification:_identify(src) by extension 'colcon_meta'
[1.405s] Level 1:colcon.colcon_core.package_identification:_identify(src) by extensions ['ros']
[1.405s] Level 1:colcon.colcon_core.package_identification:_identify(src) by extension 'ros'
[1.405s] Level 1:colcon.colcon_core.package_identification:_identify(src) by extensions ['cmake', 'python']
[1.406s] Level 1:colcon.colcon_core.package_identification:_identify(src) by extension 'cmake'
[1.406s] Level 1:colcon.colcon_core.package_identification:_identify(src) by extension 'python'
[1.406s] Level 1:colcon.colcon_core.package_identification:_identify(src) by extensions ['python_setup_py']
[1.406s] Level 1:colcon.colcon_core.package_identification:_identify(src) by extension 'python_setup_py'
[1.406s] Level 1:colcon.colcon_core.package_identification:_identify(src/serial_motor_demo) by extensions ['ignore', 'ignore_ament_install']
[1.407s] Level 1:colcon.colcon_core.package_identification:_identify(src/serial_motor_demo) by extension 'ignore'
[1.407s] Level 1:colcon.colcon_core.package_identification:_identify(src/serial_motor_demo) by extension 'ignore_ament_install'
[1.407s] Level 1:colcon.colcon_core.package_identification:_identify(src/serial_motor_demo) by extensions ['colcon_pkg']
[1.407s] Level 1:colcon.colcon_core.package_identification:_identify(src/serial_motor_demo) by extension 'colcon_pkg'
[1.408s] Level 1:colcon.colcon_core.package_identification:_identify(src/serial_motor_demo) by extensions ['colcon_meta']
[1.408s] Level 1:colcon.colcon_core.package_identification:_identify(src/serial_motor_demo) by extension 'colcon_meta'
[1.408s] Level 1:colcon.colcon_core.package_identification:_identify(src/serial_motor_demo) by extensions ['ros']
[1.408s] Level 1:colcon.colcon_core.package_identification:_identify(src/serial_motor_demo) by extension 'ros'
[1.408s] Level 1:colcon.colcon_core.package_identification:_identify(src/serial_motor_demo) by extensions ['cmake', 'python']
[1.408s] Level 1:colcon.colcon_core.package_identification:_identify(src/serial_motor_demo) by extension 'cmake'
[1.409s] Level 1:colcon.colcon_core.package_identification:_identify(src/serial_motor_demo) by extension 'python'
[1.409s] Level 1:colcon.colcon_core.package_identification:_identify(src/serial_motor_demo) by extensions ['python_setup_py']
[1.409s] Level 1:colcon.colcon_core.package_identification:_identify(src/serial_motor_demo) by extension 'python_setup_py'
[1.409s] Level 1:colcon.colcon_core.package_identification:_identify(src/serial_motor_demo/serial_motor_demo) by extensions ['ignore', 'ignore_ament_install']
[1.410s] Level 1:colcon.colcon_core.package_identification:_identify(src/serial_motor_demo/serial_motor_demo) by extension 'ignore'
[1.410s] Level 1:colcon.colcon_core.package_identification:_identify(src/serial_motor_demo/serial_motor_demo) by extension 'ignore_ament_install'
[1.410s] Level 1:colcon.colcon_core.package_identification:_identify(src/serial_motor_demo/serial_motor_demo) by extensions ['colcon_pkg']
[1.410s] Level 1:colcon.colcon_core.package_identification:_identify(src/serial_motor_demo/serial_motor_demo) by extension 'colcon_pkg'
[1.411s] Level 1:colcon.colcon_core.package_identification:_identify(src/serial_motor_demo/serial_motor_demo) by extensions ['colcon_meta']
[1.411s] Level 1:colcon.colcon_core.package_identification:_identify(src/serial_motor_demo/serial_motor_demo) by extension 'colcon_meta'
[1.411s] Level 1:colcon.colcon_core.package_identification:_identify(src/serial_motor_demo/serial_motor_demo) by extensions ['ros']
[1.411s] Level 1:colcon.colcon_core.package_identification:_identify(src/serial_motor_demo/serial_motor_demo) by extension 'ros'
[1.420s] DEBUG:colcon.colcon_core.package_identification:Package 'src/serial_motor_demo/serial_motor_demo' with type 'ros.ament_python' and name 'serial_motor_demo'
[1.421s] Level 1:colcon.colcon_core.package_identification:_identify(src/serial_motor_demo/serial_motor_demo_msgs) by extensions ['ignore', 'ignore_ament_install']
[1.421s] Level 1:colcon.colcon_core.package_identification:_identify(src/serial_motor_demo/serial_motor_demo_msgs) by extension 'ignore'
[1.421s] Level 1:colcon.colcon_core.package_identification:_identify(src/serial_motor_demo/serial_motor_demo_msgs) by extension 'ignore_ament_install'
[1.422s] Level 1:colcon.colcon_core.package_identification:_identify(src/serial_motor_demo/serial_motor_demo_msgs) by extensions ['colcon_pkg']
[1.422s] Level 1:colcon.colcon_core.package_identification:_identify(src/serial_motor_demo/serial_motor_demo_msgs) by extension 'colcon_pkg'
[1.422s] Level 1:colcon.colcon_core.package_identification:_identify(src/serial_motor_demo/serial_motor_demo_msgs) by extensions ['colcon_meta']
[1.422s] Level 1:colcon.colcon_core.package_identification:_identify(src/serial_motor_demo/serial_motor_demo_msgs) by extension 'colcon_meta'
[1.422s] Level 1:colcon.colcon_core.package_identification:_identify(src/serial_motor_demo/serial_motor_demo_msgs) by extensions ['ros']
[1.423s] Level 1:colcon.colcon_core.package_identification:_identify(src/serial_motor_demo/serial_motor_demo_msgs) by extension 'ros'
[1.424s] DEBUG:colcon.colcon_core.package_identification:Package 'src/serial_motor_demo/serial_motor_demo_msgs' with type 'ros.ament_cmake' and name 'serial_motor_demo_msgs'
[1.425s] Level 1:colcon.colcon_core.package_discovery:discover_packages(recursive) using defaults
[1.425s] Level 1:colcon.colcon_core.package_discovery:discover_packages(ignore) discover
[1.425s] Level 1:colcon.colcon_core.package_discovery:discover_packages(ignore) using defaults
[1.425s] Level 1:colcon.colcon_core.package_discovery:discover_packages(path) discover
[1.425s] Level 1:colcon.colcon_core.package_discovery:discover_packages(path) using defaults
[1.488s] Level 5:colcon.colcon_core.verb:set package 'serial_motor_demo_msgs' build argument 'cmake_args' from command line to 'None'
[1.489s] Level 5:colcon.colcon_core.verb:set package 'serial_motor_demo_msgs' build argument 'cmake_target' from command line to 'None'
[1.489s] Level 5:colcon.colcon_core.verb:set package 'serial_motor_demo_msgs' build argument 'cmake_target_skip_unavailable' from command line to 'False'
[1.489s] Level 5:colcon.colcon_core.verb:set package 'serial_motor_demo_msgs' build argument 'cmake_clean_cache' from command line to 'False'
[1.489s] Level 5:colcon.colcon_core.verb:set package 'serial_motor_demo_msgs' build argument 'cmake_clean_first' from command line to 'False'
[1.489s] Level 5:colcon.colcon_core.verb:set package 'serial_motor_demo_msgs' build argument 'cmake_force_configure' from command line to 'False'
[1.489s] Level 5:colcon.colcon_core.verb:set package 'serial_motor_demo_msgs' build argument 'ament_cmake_args' from command line to 'None'
[1.489s] Level 5:colcon.colcon_core.verb:set package 'serial_motor_demo_msgs' build argument 'catkin_cmake_args' from command line to 'None'
[1.489s] Level 5:colcon.colcon_core.verb:set package 'serial_motor_demo_msgs' build argument 'catkin_skip_building_tests' from command line to 'False'
[1.489s] DEBUG:colcon.colcon_core.verb:Building package 'serial_motor_demo_msgs' with the following arguments: {'ament_cmake_args': None, 'build_base': '/home/pro/Mars_Rover/build/serial_motor_demo_msgs', 'catkin_cmake_args': None, 'catkin_skip_building_tests': False, 'cmake_args': None, 'cmake_clean_cache': False, 'cmake_clean_first': False, 'cmake_force_configure': False, 'cmake_target': None, 'cmake_target_skip_unavailable': False, 'install_base': '/home/pro/Mars_Rover/install/serial_motor_demo_msgs', 'merge_install': False, 'path': '/home/pro/Mars_Rover/src/serial_motor_demo/serial_motor_demo_msgs', 'symlink_install': True, 'test_result_base': None}
[1.491s] Level 5:colcon.colcon_core.verb:set package 'serial_motor_demo' build argument 'cmake_args' from command line to 'None'
[1.491s] Level 5:colcon.colcon_core.verb:set package 'serial_motor_demo' build argument 'cmake_target' from command line to 'None'
[1.491s] Level 5:colcon.colcon_core.verb:set package 'serial_motor_demo' build argument 'cmake_target_skip_unavailable' from command line to 'False'
[1.491s] Level 5:colcon.colcon_core.verb:set package 'serial_motor_demo' build argument 'cmake_clean_cache' from command line to 'False'
[1.492s] Level 5:colcon.colcon_core.verb:set package 'serial_motor_demo' build argument 'cmake_clean_first' from command line to 'False'
[1.492s] Level 5:colcon.colcon_core.verb:set package 'serial_motor_demo' build argument 'cmake_force_configure' from command line to 'False'
[1.492s] Level 5:colcon.colcon_core.verb:set package 'serial_motor_demo' build argument 'ament_cmake_args' from command line to 'None'
[1.492s] Level 5:colcon.colcon_core.verb:set package 'serial_motor_demo' build argument 'catkin_cmake_args' from command line to 'None'
[1.492s] Level 5:colcon.colcon_core.verb:set package 'serial_motor_demo' build argument 'catkin_skip_building_tests' from command line to 'False'
[1.492s] DEBUG:colcon.colcon_core.verb:Building package 'serial_motor_demo' with the following arguments: {'ament_cmake_args': None, 'build_base': '/home/pro/Mars_Rover/build/serial_motor_demo', 'catkin_cmake_args': None, 'catkin_skip_building_tests': False, 'cmake_args': None, 'cmake_clean_cache': False, 'cmake_clean_first': False, 'cmake_force_configure': False, 'cmake_target': None, 'cmake_target_skip_unavailable': False, 'install_base': '/home/pro/Mars_Rover/install/serial_motor_demo', 'merge_install': False, 'path': '/home/pro/Mars_Rover/src/serial_motor_demo/serial_motor_demo', 'symlink_install': True, 'test_result_base': None}
[1.493s] INFO:colcon.colcon_core.executor:Executing jobs using 'parallel' executor
[1.496s] DEBUG:colcon.colcon_parallel_executor.executor.parallel:run_until_complete
[1.498s] INFO:colcon.colcon_ros.task.ament_cmake.build:Building ROS package in '/home/pro/Mars_Rover/src/serial_motor_demo/serial_motor_demo_msgs' with build type 'ament_cmake'
[1.499s] INFO:colcon.colcon_cmake.task.cmake.build:Building CMake package in '/home/pro/Mars_Rover/src/serial_motor_demo/serial_motor_demo_msgs'
[1.508s] INFO:colcon.colcon_core.plugin_system:Skipping extension 'colcon_core.shell.bat': Not used on non-Windows systems
[1.508s] INFO:colcon.colcon_core.shell:Skip shell extension 'powershell' for command environment: Not usable outside of PowerShell
[1.509s] DEBUG:colcon.colcon_core.shell:Skip shell extension 'dsv' for command environment
[1.552s] DEBUG:colcon.colcon_core.event_handler.log_command:Invoking command in '/home/pro/Mars_Rover/build/serial_motor_demo_msgs': CMAKE_PREFIX_PATH=${CMAKE_PREFIX_PATH}:/home/pro/Mars_Rover/install/serial_motor_demo:/opt/ros/foxy /usr/bin/cmake --build /home/pro/Mars_Rover/build/serial_motor_demo_msgs -- -j4 -l4
[2.558s] DEBUG:colcon.colcon_core.event_handler.log_command:Invoked command in '/home/pro/Mars_Rover/build/serial_motor_demo_msgs' returned '0': CMAKE_PREFIX_PATH=${CMAKE_PREFIX_PATH}:/home/pro/Mars_Rover/install/serial_motor_demo:/opt/ros/foxy /usr/bin/cmake --build /home/pro/Mars_Rover/build/serial_motor_demo_msgs -- -j4 -l4
[3.094s] DEBUG:colcon.colcon_core.event_handler.log_command:Invoking command in '/home/pro/Mars_Rover/build/serial_motor_demo_msgs': CMAKE_PREFIX_PATH=${CMAKE_PREFIX_PATH}:/home/pro/Mars_Rover/install/serial_motor_demo:/opt/ros/foxy /usr/bin/cmake --install /home/pro/Mars_Rover/build/serial_motor_demo_msgs
[3.492s] Level 1:colcon.colcon_core.environment:create_environment_scripts_only(serial_motor_demo_msgs)
[3.493s] DEBUG:colcon.colcon_core.event_handler.log_command:Invoked command in '/home/pro/Mars_Rover/build/serial_motor_demo_msgs' returned '0': CMAKE_PREFIX_PATH=${CMAKE_PREFIX_PATH}:/home/pro/Mars_Rover/install/serial_motor_demo:/opt/ros/foxy /usr/bin/cmake --install /home/pro/Mars_Rover/build/serial_motor_demo_msgs
[3.503s] Level 1:colcon.colcon_core.environment:checking '/home/pro/Mars_Rover/install/serial_motor_demo_msgs' for CMake module files
[3.507s] Level 1:colcon.colcon_core.environment:checking '/home/pro/Mars_Rover/install/serial_motor_demo_msgs' for CMake config files
[3.514s] Level 1:colcon.colcon_core.shell:create_environment_hook('serial_motor_demo_msgs', 'cmake_prefix_path')
[3.515s] INFO:colcon.colcon_core.shell:Creating environment hook '/home/pro/Mars_Rover/install/serial_motor_demo_msgs/share/serial_motor_demo_msgs/hook/cmake_prefix_path.ps1'
[3.518s] INFO:colcon.colcon_core.shell:Creating environment descriptor '/home/pro/Mars_Rover/install/serial_motor_demo_msgs/share/serial_motor_demo_msgs/hook/cmake_prefix_path.dsv'
[3.520s] INFO:colcon.colcon_core.shell:Creating environment hook '/home/pro/Mars_Rover/install/serial_motor_demo_msgs/share/serial_motor_demo_msgs/hook/cmake_prefix_path.sh'
[3.524s] Level 1:colcon.colcon_core.environment:checking '/home/pro/Mars_Rover/install/serial_motor_demo_msgs/lib'
[3.525s] Level 1:colcon.colcon_core.shell:create_environment_hook('serial_motor_demo_msgs', 'ld_library_path_lib')
[3.526s] INFO:colcon.colcon_core.shell:Creating environment hook '/home/pro/Mars_Rover/install/serial_motor_demo_msgs/share/serial_motor_demo_msgs/hook/ld_library_path_lib.ps1'
[3.528s] INFO:colcon.colcon_core.shell:Creating environment descriptor '/home/pro/Mars_Rover/install/serial_motor_demo_msgs/share/serial_motor_demo_msgs/hook/ld_library_path_lib.dsv'
[3.530s] INFO:colcon.colcon_core.shell:Creating environment hook '/home/pro/Mars_Rover/install/serial_motor_demo_msgs/share/serial_motor_demo_msgs/hook/ld_library_path_lib.sh'
[3.532s] Level 1:colcon.colcon_core.environment:checking '/home/pro/Mars_Rover/install/serial_motor_demo_msgs/bin'
[3.532s] Level 1:colcon.colcon_core.environment:checking '/home/pro/Mars_Rover/install/serial_motor_demo_msgs/lib/pkgconfig/serial_motor_demo_msgs.pc'
[3.535s] Level 1:colcon.colcon_core.environment:checking '/home/pro/Mars_Rover/install/serial_motor_demo_msgs/lib/python3.8/site-packages'
[3.536s] Level 1:colcon.colcon_core.shell:create_environment_hook('serial_motor_demo_msgs', 'pythonpath')
[3.537s] INFO:colcon.colcon_core.shell:Creating environment hook '/home/pro/Mars_Rover/install/serial_motor_demo_msgs/share/serial_motor_demo_msgs/hook/pythonpath.ps1'
[3.538s] INFO:colcon.colcon_core.shell:Creating environment descriptor '/home/pro/Mars_Rover/install/serial_motor_demo_msgs/share/serial_motor_demo_msgs/hook/pythonpath.dsv'
[3.540s] INFO:colcon.colcon_core.shell:Creating environment hook '/home/pro/Mars_Rover/install/serial_motor_demo_msgs/share/serial_motor_demo_msgs/hook/pythonpath.sh'
[3.543s] Level 1:colcon.colcon_core.environment:checking '/home/pro/Mars_Rover/install/serial_motor_demo_msgs/bin'
[3.544s] INFO:colcon.colcon_core.shell:Creating package script '/home/pro/Mars_Rover/install/serial_motor_demo_msgs/share/serial_motor_demo_msgs/package.ps1'
[3.548s] INFO:colcon.colcon_core.shell:Creating package descriptor '/home/pro/Mars_Rover/install/serial_motor_demo_msgs/share/serial_motor_demo_msgs/package.dsv'
[3.551s] INFO:colcon.colcon_core.shell:Creating package script '/home/pro/Mars_Rover/install/serial_motor_demo_msgs/share/serial_motor_demo_msgs/package.sh'
[3.554s] INFO:colcon.colcon_core.shell:Creating package script '/home/pro/Mars_Rover/install/serial_motor_demo_msgs/share/serial_motor_demo_msgs/package.bash'
[3.558s] INFO:colcon.colcon_core.shell:Creating package script '/home/pro/Mars_Rover/install/serial_motor_demo_msgs/share/serial_motor_demo_msgs/package.zsh'
[3.561s] Level 1:colcon.colcon_core.environment:create_file_with_runtime_dependencies(/home/pro/Mars_Rover/install/serial_motor_demo_msgs/share/colcon-core/packages/serial_motor_demo_msgs)
[4.054s] Level 1:colcon.colcon_core.environment:create_environment_scripts_only(serial_motor_demo_msgs)
[4.055s] Level 1:colcon.colcon_core.environment:checking '/home/pro/Mars_Rover/install/serial_motor_demo_msgs' for CMake module files
[4.059s] Level 1:colcon.colcon_core.environment:checking '/home/pro/Mars_Rover/install/serial_motor_demo_msgs' for CMake config files
[4.066s] Level 1:colcon.colcon_core.shell:create_environment_hook('serial_motor_demo_msgs', 'cmake_prefix_path')
[4.067s] INFO:colcon.colcon_core.shell:Creating environment hook '/home/pro/Mars_Rover/install/serial_motor_demo_msgs/share/serial_motor_demo_msgs/hook/cmake_prefix_path.ps1'
[4.069s] INFO:colcon.colcon_core.shell:Creating environment descriptor '/home/pro/Mars_Rover/install/serial_motor_demo_msgs/share/serial_motor_demo_msgs/hook/cmake_prefix_path.dsv'
[4.071s] INFO:colcon.colcon_core.shell:Creating environment hook '/home/pro/Mars_Rover/install/serial_motor_demo_msgs/share/serial_motor_demo_msgs/hook/cmake_prefix_path.sh'
[4.074s] Level 1:colcon.colcon_core.environment:checking '/home/pro/Mars_Rover/install/serial_motor_demo_msgs/lib'
[4.075s] Level 1:colcon.colcon_core.shell:create_environment_hook('serial_motor_demo_msgs', 'ld_library_path_lib')
[4.076s] INFO:colcon.colcon_core.shell:Creating environment hook '/home/pro/Mars_Rover/install/serial_motor_demo_msgs/share/serial_motor_demo_msgs/hook/ld_library_path_lib.ps1'
[4.077s] INFO:colcon.colcon_core.shell:Creating environment descriptor '/home/pro/Mars_Rover/install/serial_motor_demo_msgs/share/serial_motor_demo_msgs/hook/ld_library_path_lib.dsv'
[4.079s] INFO:colcon.colcon_core.shell:Creating environment hook '/home/pro/Mars_Rover/install/serial_motor_demo_msgs/share/serial_motor_demo_msgs/hook/ld_library_path_lib.sh'
[4.081s] Level 1:colcon.colcon_core.environment:checking '/home/pro/Mars_Rover/install/serial_motor_demo_msgs/bin'
[4.081s] Level 1:colcon.colcon_core.environment:checking '/home/pro/Mars_Rover/install/serial_motor_demo_msgs/lib/pkgconfig/serial_motor_demo_msgs.pc'
[4.082s] Level 1:colcon.colcon_core.environment:checking '/home/pro/Mars_Rover/install/serial_motor_demo_msgs/lib/python3.8/site-packages'
[4.082s] Level 1:colcon.colcon_core.shell:create_environment_hook('serial_motor_demo_msgs', 'pythonpath')
[4.083s] INFO:colcon.colcon_core.shell:Creating environment hook '/home/pro/Mars_Rover/install/serial_motor_demo_msgs/share/serial_motor_demo_msgs/hook/pythonpath.ps1'
[4.085s] INFO:colcon.colcon_core.shell:Creating environment descriptor '/home/pro/Mars_Rover/install/serial_motor_demo_msgs/share/serial_motor_demo_msgs/hook/pythonpath.dsv'
[4.086s] INFO:colcon.colcon_core.shell:Creating environment hook '/home/pro/Mars_Rover/install/serial_motor_demo_msgs/share/serial_motor_demo_msgs/hook/pythonpath.sh'
[4.088s] Level 1:colcon.colcon_core.environment:checking '/home/pro/Mars_Rover/install/serial_motor_demo_msgs/bin'
[4.090s] INFO:colcon.colcon_core.shell:Creating package script '/home/pro/Mars_Rover/install/serial_motor_demo_msgs/share/serial_motor_demo_msgs/package.ps1'
[4.093s] INFO:colcon.colcon_core.shell:Creating package descriptor '/home/pro/Mars_Rover/install/serial_motor_demo_msgs/share/serial_motor_demo_msgs/package.dsv'
[4.095s] INFO:colcon.colcon_core.shell:Creating package script '/home/pro/Mars_Rover/install/serial_motor_demo_msgs/share/serial_motor_demo_msgs/package.sh'
[4.098s] INFO:colcon.colcon_core.shell:Creating package script '/home/pro/Mars_Rover/install/serial_motor_demo_msgs/share/serial_motor_demo_msgs/package.bash'
[4.100s] INFO:colcon.colcon_core.shell:Creating package script '/home/pro/Mars_Rover/install/serial_motor_demo_msgs/share/serial_motor_demo_msgs/package.zsh'
[4.102s] Level 1:colcon.colcon_core.environment:create_file_with_runtime_dependencies(/home/pro/Mars_Rover/install/serial_motor_demo_msgs/share/colcon-core/packages/serial_motor_demo_msgs)
[4.103s] INFO:colcon.colcon_ros.task.ament_python.build:Building ROS package in '/home/pro/Mars_Rover/src/serial_motor_demo/serial_motor_demo' with build type 'ament_python'
[4.104s] Level 1:colcon.colcon_core.shell:create_environment_hook('serial_motor_demo', 'ament_prefix_path')
[4.105s] INFO:colcon.colcon_core.shell:Creating environment hook '/home/pro/Mars_Rover/install/serial_motor_demo/share/serial_motor_demo/hook/ament_prefix_path.ps1'
[4.108s] INFO:colcon.colcon_core.shell:Creating environment descriptor '/home/pro/Mars_Rover/install/serial_motor_demo/share/serial_motor_demo/hook/ament_prefix_path.dsv'
[4.110s] INFO:colcon.colcon_core.shell:Creating environment hook '/home/pro/Mars_Rover/install/serial_motor_demo/share/serial_motor_demo/hook/ament_prefix_path.sh'
[4.113s] INFO:colcon.colcon_core.shell:Skip shell extension 'powershell' for command environment: Not usable outside of PowerShell
[4.114s] DEBUG:colcon.colcon_core.shell:Skip shell extension 'dsv' for command environment
[5.045s] INFO:colcon.colcon_core.task.python.build:Building Python package in '/home/pro/Mars_Rover/src/serial_motor_demo/serial_motor_demo'
[5.047s] INFO:colcon.colcon_core.shell:Skip shell extension 'powershell' for command environment: Not usable outside of PowerShell
[5.047s] DEBUG:colcon.colcon_core.shell:Skip shell extension 'dsv' for command environment
[6.615s] DEBUG:colcon.colcon_core.event_handler.log_command:Invoking command in '/home/pro/Mars_Rover/build/serial_motor_demo': PYTHONPATH=/home/pro/Mars_Rover/build/serial_motor_demo/prefix_override:/home/pro/Mars_Rover/install/serial_motor_demo/lib/python3.8/site-packages:/home/pro/Mars_Rover/install/serial_motor_demo_msgs/lib/python3.8/site-packages:/home/pro/Mars_Rover/build/serial_motor_demo:/home/pro/Mars_Rover/install/serial_motor_demo/lib/python3.8/site-packages:/opt/ros/foxy/lib/python3.8/site-packages /usr/bin/python3 -W ignore:setup.py install is deprecated setup.py develop --editable --build-directory /home/pro/Mars_Rover/build/serial_motor_demo/build --no-deps symlink_data
[8.525s] Level 1:colcon.colcon_core.shell:create_environment_hook('serial_motor_demo', 'pythonpath_develop')
[8.526s] INFO:colcon.colcon_core.shell:Creating environment hook '/home/pro/Mars_Rover/build/serial_motor_demo/share/serial_motor_demo/hook/pythonpath_develop.ps1'
[8.527s] DEBUG:colcon.colcon_core.event_handler.log_command:Invoked command in '/home/pro/Mars_Rover/build/serial_motor_demo' returned '0': PYTHONPATH=/home/pro/Mars_Rover/build/serial_motor_demo/prefix_override:/home/pro/Mars_Rover/install/serial_motor_demo/lib/python3.8/site-packages:/home/pro/Mars_Rover/install/serial_motor_demo_msgs/lib/python3.8/site-packages:/home/pro/Mars_Rover/build/serial_motor_demo:/home/pro/Mars_Rover/install/serial_motor_demo/lib/python3.8/site-packages:/opt/ros/foxy/lib/python3.8/site-packages /usr/bin/python3 -W ignore:setup.py install is deprecated setup.py develop --editable --build-directory /home/pro/Mars_Rover/build/serial_motor_demo/build --no-deps symlink_data
[8.529s] INFO:colcon.colcon_core.shell:Creating environment descriptor '/home/pro/Mars_Rover/build/serial_motor_demo/share/serial_motor_demo/hook/pythonpath_develop.dsv'
[8.531s] INFO:colcon.colcon_core.shell:Creating environment hook '/home/pro/Mars_Rover/build/serial_motor_demo/share/serial_motor_demo/hook/pythonpath_develop.sh'
[8.534s] Level 1:colcon.colcon_core.environment:checking '/home/pro/Mars_Rover/install/serial_motor_demo' for CMake module files
[8.536s] Level 1:colcon.colcon_core.environment:checking '/home/pro/Mars_Rover/install/serial_motor_demo' for CMake config files
[8.539s] Level 1:colcon.colcon_core.environment:checking '/home/pro/Mars_Rover/install/serial_motor_demo/lib'
[8.540s] Level 1:colcon.colcon_core.environment:checking '/home/pro/Mars_Rover/install/serial_motor_demo/bin'
[8.540s] Level 1:colcon.colcon_core.environment:checking '/home/pro/Mars_Rover/install/serial_motor_demo/lib/pkgconfig/serial_motor_demo.pc'
[8.541s] Level 1:colcon.colcon_core.environment:checking '/home/pro/Mars_Rover/install/serial_motor_demo/lib/python3.8/site-packages'
[8.541s] Level 1:colcon.colcon_core.shell:create_environment_hook('serial_motor_demo', 'pythonpath')
[8.542s] INFO:colcon.colcon_core.shell:Creating environment hook '/home/pro/Mars_Rover/install/serial_motor_demo/share/serial_motor_demo/hook/pythonpath.ps1'
[8.544s] INFO:colcon.colcon_core.shell:Creating environment descriptor '/home/pro/Mars_Rover/install/serial_motor_demo/share/serial_motor_demo/hook/pythonpath.dsv'
[8.546s] INFO:colcon.colcon_core.shell:Creating environment hook '/home/pro/Mars_Rover/install/serial_motor_demo/share/serial_motor_demo/hook/pythonpath.sh'
[8.548s] Level 1:colcon.colcon_core.environment:checking '/home/pro/Mars_Rover/install/serial_motor_demo/bin'
[8.549s] Level 1:colcon.colcon_core.environment:create_environment_scripts_only(serial_motor_demo)
[8.550s] INFO:colcon.colcon_core.shell:Creating package script '/home/pro/Mars_Rover/install/serial_motor_demo/share/serial_motor_demo/package.ps1'
[8.553s] INFO:colcon.colcon_core.shell:Creating package descriptor '/home/pro/Mars_Rover/install/serial_motor_demo/share/serial_motor_demo/package.dsv'
[8.555s] INFO:colcon.colcon_core.shell:Creating package script '/home/pro/Mars_Rover/install/serial_motor_demo/share/serial_motor_demo/package.sh'
[8.557s] INFO:colcon.colcon_core.shell:Creating package script '/home/pro/Mars_Rover/install/serial_motor_demo/share/serial_motor_demo/package.bash'
[8.559s] INFO:colcon.colcon_core.shell:Creating package script '/home/pro/Mars_Rover/install/serial_motor_demo/share/serial_motor_demo/package.zsh'
[8.561s] Level 1:colcon.colcon_core.environment:create_file_with_runtime_dependencies(/home/pro/Mars_Rover/install/serial_motor_demo/share/colcon-core/packages/serial_motor_demo)
[8.562s] DEBUG:colcon.colcon_parallel_executor.executor.parallel:closing loop
[8.563s] DEBUG:colcon.colcon_parallel_executor.executor.parallel:loop closed
[8.564s] DEBUG:colcon.colcon_parallel_executor.executor.parallel:run_until_complete finished with '0'
[8.566s] DEBUG:colcon.colcon_core.event_reactor:joining thread
[8.587s] INFO:colcon.colcon_core.plugin_system:Skipping extension 'colcon_notification.desktop_notification.notify_send': Could not find 'notify-send'
[8.587s] INFO:colcon.colcon_core.plugin_system:Skipping extension 'colcon_notification.desktop_notification.terminal_notifier': Not used on non-Darwin systems
[8.588s] INFO:colcon.colcon_core.plugin_system:Skipping extension 'colcon_notification.desktop_notification.win32': Not used on non-Windows systems
[8.588s] INFO:colcon.colcon_notification.desktop_notification:Sending desktop notification using 'notify2'
[8.591s] DEBUG:colcon.colcon_notification.desktop_notification.notify2:Failed to initialize notify2: org.freedesktop.DBus.Error.ServiceUnknown: The name org.freedesktop.Notifications was not provided by any .service files
[8.591s] DEBUG:colcon.colcon_core.event_reactor:joined thread
[8.592s] INFO:colcon.colcon_core.shell:Creating prefix script '/home/pro/Mars_Rover/install/local_setup.ps1'
[8.596s] INFO:colcon.colcon_core.shell:Creating prefix util module '/home/pro/Mars_Rover/install/_local_setup_util_ps1.py'
[8.602s] INFO:colcon.colcon_core.shell:Creating prefix chain script '/home/pro/Mars_Rover/install/setup.ps1'
[8.606s] INFO:colcon.colcon_core.shell:Creating prefix script '/home/pro/Mars_Rover/install/local_setup.sh'
[8.608s] INFO:colcon.colcon_core.shell:Creating prefix util module '/home/pro/Mars_Rover/install/_local_setup_util_sh.py'
[8.610s] INFO:colcon.colcon_core.shell:Creating prefix chain script '/home/pro/Mars_Rover/install/setup.sh'
[8.614s] INFO:colcon.colcon_core.shell:Creating prefix script '/home/pro/Mars_Rover/install/local_setup.bash'
[8.617s] INFO:colcon.colcon_core.shell:Creating prefix chain script '/home/pro/Mars_Rover/install/setup.bash'
[8.621s] INFO:colcon.colcon_core.shell:Creating prefix script '/home/pro/Mars_Rover/install/local_setup.zsh'
[8.623s] INFO:colcon.colcon_core.shell:Creating prefix chain script '/home/pro/Mars_Rover/install/setup.zsh'
