[0.056s] Invoking command in '/home/pro/Mars_Rover/build/serial_motor_demo_msgs': CMAKE_PREFIX_PATH=${CMAKE_PREFIX_PATH}:/home/pro/Mars_Rover/install/serial_motor_demo:/home/pro/install/serial_motor_demo:/opt/ros/foxy /usr/bin/cmake --build /home/pro/Mars_Rover/build/serial_motor_demo_msgs -- -j4 -l4
[0.280s] [  1%] Built target serial_motor_demo_msgs__cpp
[0.290s] [ 12%] Built target serial_motor_demo_msgs__rosidl_generator_c
[0.403s] [ 23%] Built target serial_motor_demo_msgs__rosidl_typesupport_cpp
[0.409s] [ 34%] Built target serial_motor_demo_msgs__rosidl_typesupport_introspection_c
[0.410s] [ 45%] Built target serial_motor_demo_msgs__rosidl_typesupport_introspection_cpp
[0.444s] [ 56%] Built target serial_motor_demo_msgs__rosidl_typesupport_fastrtps_cpp
[0.512s] [ 67%] Built target serial_motor_demo_msgs__rosidl_typesupport_c
[0.619s] [ 78%] Built target serial_motor_demo_msgs__rosidl_typesupport_fastrtps_c
[0.701s] [ 78%] Built target serial_motor_demo_msgs
[0.786s] [ 80%] Built target serial_motor_demo_msgs__py
[0.918s] [ 89%] Built target serial_motor_demo_msgs__python
[1.056s] [ 92%] Built target serial_motor_demo_msgs__rosidl_typesupport_introspection_c__pyext
[1.060s] [ 96%] Built target serial_motor_demo_msgs__rosidl_typesupport_fastrtps_c__pyext
[1.065s] [100%] Built target serial_motor_demo_msgs__rosidl_typesupport_c__pyext
[1.111s] Invoked command in '/home/pro/Mars_Rover/build/serial_motor_demo_msgs' returned '0': CMAKE_PREFIX_PATH=${CMAKE_PREFIX_PATH}:/home/pro/Mars_Rover/install/serial_motor_demo:/home/pro/install/serial_motor_demo:/opt/ros/foxy /usr/bin/cmake --build /home/pro/Mars_Rover/build/serial_motor_demo_msgs -- -j4 -l4
[1.663s] Invoking command in '/home/pro/Mars_Rover/build/serial_motor_demo_msgs': CMAKE_PREFIX_PATH=${CMAKE_PREFIX_PATH}:/home/pro/Mars_Rover/install/serial_motor_demo:/home/pro/install/serial_motor_demo:/opt/ros/foxy /usr/bin/cmake --install /home/pro/Mars_Rover/build/serial_motor_demo_msgs
[1.696s] -- Install configuration: ""
[1.697s] -- Execute custom install script
[1.699s] -- Up-to-date symlink: /home/pro/Mars_Rover/install/serial_motor_demo_msgs/share/ament_index/resource_index/rosidl_interfaces/serial_motor_demo_msgs
[1.703s] -- Up-to-date symlink: /home/pro/Mars_Rover/install/serial_motor_demo_msgs/include/serial_motor_demo_msgs/msg/detail/encoder_vals__functions.h
[1.704s] -- Up-to-date symlink: /home/pro/Mars_Rover/install/serial_motor_demo_msgs/include/serial_motor_demo_msgs/msg/detail/encoder_vals__struct.h
[1.705s] -- Up-to-date symlink: /home/pro/Mars_Rover/install/serial_motor_demo_msgs/include/serial_motor_demo_msgs/msg/detail/encoder_vals__type_support.h
[1.706s] -- Up-to-date symlink: /home/pro/Mars_Rover/install/serial_motor_demo_msgs/include/serial_motor_demo_msgs/msg/detail/motor_command__functions.h
[1.707s] -- Up-to-date symlink: /home/pro/Mars_Rover/install/serial_motor_demo_msgs/include/serial_motor_demo_msgs/msg/detail/motor_command__struct.h
[1.708s] -- Up-to-date symlink: /home/pro/Mars_Rover/install/serial_motor_demo_msgs/include/serial_motor_demo_msgs/msg/detail/motor_command__type_support.h
[1.710s] -- Up-to-date symlink: /home/pro/Mars_Rover/install/serial_motor_demo_msgs/include/serial_motor_demo_msgs/msg/detail/motor_vels__functions.h
[1.711s] -- Up-to-date symlink: /home/pro/Mars_Rover/install/serial_motor_demo_msgs/include/serial_motor_demo_msgs/msg/detail/motor_vels__struct.h
[1.712s] -- Up-to-date symlink: /home/pro/Mars_Rover/install/serial_motor_demo_msgs/include/serial_motor_demo_msgs/msg/detail/motor_vels__type_support.h
[1.713s] -- Up-to-date symlink: /home/pro/Mars_Rover/install/serial_motor_demo_msgs/include/serial_motor_demo_msgs/msg/detail/steering_command__functions.h
[1.714s] -- Up-to-date symlink: /home/pro/Mars_Rover/install/serial_motor_demo_msgs/include/serial_motor_demo_msgs/msg/detail/steering_command__struct.h
[1.715s] -- Up-to-date symlink: /home/pro/Mars_Rover/install/serial_motor_demo_msgs/include/serial_motor_demo_msgs/msg/detail/steering_command__type_support.h
[1.716s] -- Up-to-date symlink: /home/pro/Mars_Rover/install/serial_motor_demo_msgs/include/serial_motor_demo_msgs/msg/encoder_vals.h
[1.717s] -- Up-to-date symlink: /home/pro/Mars_Rover/install/serial_motor_demo_msgs/include/serial_motor_demo_msgs/msg/motor_command.h
[1.718s] -- Up-to-date symlink: /home/pro/Mars_Rover/install/serial_motor_demo_msgs/include/serial_motor_demo_msgs/msg/motor_vels.h
[1.719s] -- Up-to-date symlink: /home/pro/Mars_Rover/install/serial_motor_demo_msgs/include/serial_motor_demo_msgs/msg/rosidl_generator_c__visibility_control.h
[1.720s] -- Up-to-date symlink: /home/pro/Mars_Rover/install/serial_motor_demo_msgs/include/serial_motor_demo_msgs/msg/steering_command.h
[1.722s] -- Up-to-date symlink: /home/pro/Mars_Rover/install/serial_motor_demo_msgs/share/serial_motor_demo_msgs/environment/library_path.sh
[1.723s] -- Up-to-date symlink: /home/pro/Mars_Rover/install/serial_motor_demo_msgs/share/serial_motor_demo_msgs/environment/library_path.dsv
[1.727s] -- Up-to-date symlink: /home/pro/Mars_Rover/install/serial_motor_demo_msgs/include/serial_motor_demo_msgs/msg/detail/encoder_vals__rosidl_typesupport_fastrtps_c.h
[1.728s] -- Up-to-date symlink: /home/pro/Mars_Rover/install/serial_motor_demo_msgs/include/serial_motor_demo_msgs/msg/detail/motor_command__rosidl_typesupport_fastrtps_c.h
[1.729s] -- Up-to-date symlink: /home/pro/Mars_Rover/install/serial_motor_demo_msgs/include/serial_motor_demo_msgs/msg/detail/motor_vels__rosidl_typesupport_fastrtps_c.h
[1.730s] -- Up-to-date symlink: /home/pro/Mars_Rover/install/serial_motor_demo_msgs/include/serial_motor_demo_msgs/msg/detail/steering_command__rosidl_typesupport_fastrtps_c.h
[1.731s] -- Up-to-date symlink: /home/pro/Mars_Rover/install/serial_motor_demo_msgs/include/serial_motor_demo_msgs/msg/rosidl_typesupport_fastrtps_c__visibility_control.h
[1.733s] -- Up-to-date symlink: /home/pro/Mars_Rover/install/serial_motor_demo_msgs/lib/libserial_motor_demo_msgs__rosidl_typesupport_fastrtps_c.so
[1.737s] -- Up-to-date symlink: /home/pro/Mars_Rover/install/serial_motor_demo_msgs/include/serial_motor_demo_msgs/msg/detail/encoder_vals__rosidl_typesupport_fastrtps_cpp.hpp
[1.739s] -- Up-to-date symlink: /home/pro/Mars_Rover/install/serial_motor_demo_msgs/include/serial_motor_demo_msgs/msg/detail/motor_command__rosidl_typesupport_fastrtps_cpp.hpp
[1.740s] -- Up-to-date symlink: /home/pro/Mars_Rover/install/serial_motor_demo_msgs/include/serial_motor_demo_msgs/msg/detail/motor_vels__rosidl_typesupport_fastrtps_cpp.hpp
[1.741s] -- Up-to-date symlink: /home/pro/Mars_Rover/install/serial_motor_demo_msgs/include/serial_motor_demo_msgs/msg/detail/steering_command__rosidl_typesupport_fastrtps_cpp.hpp
[1.742s] -- Up-to-date symlink: /home/pro/Mars_Rover/install/serial_motor_demo_msgs/include/serial_motor_demo_msgs/msg/rosidl_typesupport_fastrtps_cpp__visibility_control.h
[1.744s] -- Up-to-date symlink: /home/pro/Mars_Rover/install/serial_motor_demo_msgs/lib/libserial_motor_demo_msgs__rosidl_typesupport_fastrtps_cpp.so
[1.747s] -- Up-to-date symlink: /home/pro/Mars_Rover/install/serial_motor_demo_msgs/include/serial_motor_demo_msgs/msg/detail/encoder_vals__rosidl_typesupport_introspection_c.h
[1.748s] -- Up-to-date symlink: /home/pro/Mars_Rover/install/serial_motor_demo_msgs/include/serial_motor_demo_msgs/msg/detail/motor_command__rosidl_typesupport_introspection_c.h
[1.749s] -- Up-to-date symlink: /home/pro/Mars_Rover/install/serial_motor_demo_msgs/include/serial_motor_demo_msgs/msg/detail/motor_vels__rosidl_typesupport_introspection_c.h
[1.750s] -- Up-to-date symlink: /home/pro/Mars_Rover/install/serial_motor_demo_msgs/include/serial_motor_demo_msgs/msg/detail/steering_command__rosidl_typesupport_introspection_c.h
[1.751s] -- Up-to-date symlink: /home/pro/Mars_Rover/install/serial_motor_demo_msgs/include/serial_motor_demo_msgs/msg/rosidl_typesupport_introspection_c__visibility_control.h
[1.755s] -- Up-to-date symlink: /home/pro/Mars_Rover/install/serial_motor_demo_msgs/include/serial_motor_demo_msgs/msg/detail/encoder_vals__builder.hpp
[1.756s] -- Up-to-date symlink: /home/pro/Mars_Rover/install/serial_motor_demo_msgs/include/serial_motor_demo_msgs/msg/detail/encoder_vals__struct.hpp
[1.757s] -- Up-to-date symlink: /home/pro/Mars_Rover/install/serial_motor_demo_msgs/include/serial_motor_demo_msgs/msg/detail/encoder_vals__traits.hpp
[1.758s] -- Up-to-date symlink: /home/pro/Mars_Rover/install/serial_motor_demo_msgs/include/serial_motor_demo_msgs/msg/detail/encoder_vals__type_support.hpp
[1.759s] -- Up-to-date symlink: /home/pro/Mars_Rover/install/serial_motor_demo_msgs/include/serial_motor_demo_msgs/msg/detail/motor_command__builder.hpp
[1.760s] -- Up-to-date symlink: /home/pro/Mars_Rover/install/serial_motor_demo_msgs/include/serial_motor_demo_msgs/msg/detail/motor_command__struct.hpp
[1.762s] -- Up-to-date symlink: /home/pro/Mars_Rover/install/serial_motor_demo_msgs/include/serial_motor_demo_msgs/msg/detail/motor_command__traits.hpp
[1.763s] -- Up-to-date symlink: /home/pro/Mars_Rover/install/serial_motor_demo_msgs/include/serial_motor_demo_msgs/msg/detail/motor_command__type_support.hpp
[1.764s] -- Up-to-date symlink: /home/pro/Mars_Rover/install/serial_motor_demo_msgs/include/serial_motor_demo_msgs/msg/detail/motor_vels__builder.hpp
[1.765s] -- Up-to-date symlink: /home/pro/Mars_Rover/install/serial_motor_demo_msgs/include/serial_motor_demo_msgs/msg/detail/motor_vels__struct.hpp
[1.766s] -- Up-to-date symlink: /home/pro/Mars_Rover/install/serial_motor_demo_msgs/include/serial_motor_demo_msgs/msg/detail/motor_vels__traits.hpp
[1.767s] -- Up-to-date symlink: /home/pro/Mars_Rover/install/serial_motor_demo_msgs/include/serial_motor_demo_msgs/msg/detail/motor_vels__type_support.hpp
[1.768s] -- Up-to-date symlink: /home/pro/Mars_Rover/install/serial_motor_demo_msgs/include/serial_motor_demo_msgs/msg/detail/steering_command__builder.hpp
[1.769s] -- Up-to-date symlink: /home/pro/Mars_Rover/install/serial_motor_demo_msgs/include/serial_motor_demo_msgs/msg/detail/steering_command__struct.hpp
[1.770s] -- Up-to-date symlink: /home/pro/Mars_Rover/install/serial_motor_demo_msgs/include/serial_motor_demo_msgs/msg/detail/steering_command__traits.hpp
[1.771s] -- Up-to-date symlink: /home/pro/Mars_Rover/install/serial_motor_demo_msgs/include/serial_motor_demo_msgs/msg/detail/steering_command__type_support.hpp
[1.772s] -- Up-to-date symlink: /home/pro/Mars_Rover/install/serial_motor_demo_msgs/include/serial_motor_demo_msgs/msg/encoder_vals.hpp
[1.773s] -- Up-to-date symlink: /home/pro/Mars_Rover/install/serial_motor_demo_msgs/include/serial_motor_demo_msgs/msg/motor_command.hpp
[1.774s] -- Up-to-date symlink: /home/pro/Mars_Rover/install/serial_motor_demo_msgs/include/serial_motor_demo_msgs/msg/motor_vels.hpp
[1.775s] -- Up-to-date symlink: /home/pro/Mars_Rover/install/serial_motor_demo_msgs/include/serial_motor_demo_msgs/msg/rosidl_generator_cpp__visibility_control.hpp
[1.776s] -- Up-to-date symlink: /home/pro/Mars_Rover/install/serial_motor_demo_msgs/include/serial_motor_demo_msgs/msg/steering_command.hpp
[1.779s] -- Up-to-date symlink: /home/pro/Mars_Rover/install/serial_motor_demo_msgs/include/serial_motor_demo_msgs/msg/detail/encoder_vals__rosidl_typesupport_introspection_cpp.hpp
[1.780s] -- Up-to-date symlink: /home/pro/Mars_Rover/install/serial_motor_demo_msgs/include/serial_motor_demo_msgs/msg/detail/motor_command__rosidl_typesupport_introspection_cpp.hpp
[1.782s] -- Up-to-date symlink: /home/pro/Mars_Rover/install/serial_motor_demo_msgs/include/serial_motor_demo_msgs/msg/detail/motor_vels__rosidl_typesupport_introspection_cpp.hpp
[1.783s] -- Up-to-date symlink: /home/pro/Mars_Rover/install/serial_motor_demo_msgs/include/serial_motor_demo_msgs/msg/detail/steering_command__rosidl_typesupport_introspection_cpp.hpp
[1.784s] -- Up-to-date symlink: /home/pro/Mars_Rover/install/serial_motor_demo_msgs/share/serial_motor_demo_msgs/environment/pythonpath.sh
[1.785s] -- Up-to-date symlink: /home/pro/Mars_Rover/install/serial_motor_demo_msgs/share/serial_motor_demo_msgs/environment/pythonpath.dsv
[1.787s] -- Up-to-date symlink: /home/pro/Mars_Rover/install/serial_motor_demo_msgs/lib/python3.8/site-packages/serial_motor_demo_msgs/__init__.py
[1.789s] -- Up-to-date symlink: /home/pro/Mars_Rover/install/serial_motor_demo_msgs/lib/python3.8/site-packages/serial_motor_demo_msgs/msg/__init__.py
[1.790s] -- Up-to-date symlink: /home/pro/Mars_Rover/install/serial_motor_demo_msgs/lib/python3.8/site-packages/serial_motor_demo_msgs/msg/_encoder_vals.py
[1.791s] -- Up-to-date symlink: /home/pro/Mars_Rover/install/serial_motor_demo_msgs/lib/python3.8/site-packages/serial_motor_demo_msgs/msg/_motor_command.py
[1.792s] -- Up-to-date symlink: /home/pro/Mars_Rover/install/serial_motor_demo_msgs/lib/python3.8/site-packages/serial_motor_demo_msgs/msg/_motor_vels.py
[1.793s] -- Up-to-date symlink: /home/pro/Mars_Rover/install/serial_motor_demo_msgs/lib/python3.8/site-packages/serial_motor_demo_msgs/msg/_steering_command.py
[1.795s] -- Up-to-date symlink: /home/pro/Mars_Rover/install/serial_motor_demo_msgs/lib/python3.8/site-packages/serial_motor_demo_msgs/serial_motor_demo_msgs_s__rosidl_typesupport_fastrtps_c.cpython-38-aarch64-linux-gnu.so
[1.797s] -- Up-to-date symlink: /home/pro/Mars_Rover/install/serial_motor_demo_msgs/lib/python3.8/site-packages/serial_motor_demo_msgs/serial_motor_demo_msgs_s__rosidl_typesupport_introspection_c.cpython-38-aarch64-linux-gnu.so
[1.799s] -- Up-to-date symlink: /home/pro/Mars_Rover/install/serial_motor_demo_msgs/lib/python3.8/site-packages/serial_motor_demo_msgs/serial_motor_demo_msgs_s__rosidl_typesupport_c.cpython-38-aarch64-linux-gnu.so
[1.801s] -- Up-to-date symlink: /home/pro/Mars_Rover/install/serial_motor_demo_msgs/lib/libserial_motor_demo_msgs__python.so
[1.802s] -- Up-to-date symlink: /home/pro/Mars_Rover/install/serial_motor_demo_msgs/share/serial_motor_demo_msgs/msg/MotorCommand.idl
[1.804s] -- Up-to-date symlink: /home/pro/Mars_Rover/install/serial_motor_demo_msgs/share/serial_motor_demo_msgs/msg/MotorVels.idl
[1.806s] -- Up-to-date symlink: /home/pro/Mars_Rover/install/serial_motor_demo_msgs/share/serial_motor_demo_msgs/msg/EncoderVals.idl
[1.806s] -- Up-to-date symlink: /home/pro/Mars_Rover/install/serial_motor_demo_msgs/share/serial_motor_demo_msgs/msg/SteeringCommand.idl
[1.808s] -- Up-to-date symlink: /home/pro/Mars_Rover/install/serial_motor_demo_msgs/share/serial_motor_demo_msgs/msg/MotorCommand.msg
[1.809s] -- Up-to-date symlink: /home/pro/Mars_Rover/install/serial_motor_demo_msgs/share/serial_motor_demo_msgs/msg/MotorVels.msg
[1.810s] -- Up-to-date symlink: /home/pro/Mars_Rover/install/serial_motor_demo_msgs/share/serial_motor_demo_msgs/msg/EncoderVals.msg
[1.812s] -- Up-to-date symlink: /home/pro/Mars_Rover/install/serial_motor_demo_msgs/share/serial_motor_demo_msgs/msg/SteeringCommand.msg
[1.813s] -- Up-to-date symlink: /home/pro/Mars_Rover/install/serial_motor_demo_msgs/share/ament_index/resource_index/package_run_dependencies/serial_motor_demo_msgs
[1.815s] -- Up-to-date symlink: /home/pro/Mars_Rover/install/serial_motor_demo_msgs/share/ament_index/resource_index/parent_prefix_path/serial_motor_demo_msgs
[1.816s] -- Up-to-date symlink: /home/pro/Mars_Rover/install/serial_motor_demo_msgs/share/serial_motor_demo_msgs/environment/ament_prefix_path.sh
[1.818s] -- Up-to-date symlink: /home/pro/Mars_Rover/install/serial_motor_demo_msgs/share/serial_motor_demo_msgs/environment/ament_prefix_path.dsv
[1.819s] -- Up-to-date symlink: /home/pro/Mars_Rover/install/serial_motor_demo_msgs/share/serial_motor_demo_msgs/environment/path.sh
[1.820s] -- Up-to-date symlink: /home/pro/Mars_Rover/install/serial_motor_demo_msgs/share/serial_motor_demo_msgs/environment/path.dsv
[1.821s] -- Up-to-date symlink: /home/pro/Mars_Rover/install/serial_motor_demo_msgs/share/serial_motor_demo_msgs/local_setup.bash
[1.823s] -- Up-to-date symlink: /home/pro/Mars_Rover/install/serial_motor_demo_msgs/share/serial_motor_demo_msgs/local_setup.sh
[1.824s] -- Up-to-date symlink: /home/pro/Mars_Rover/install/serial_motor_demo_msgs/share/serial_motor_demo_msgs/local_setup.zsh
[1.825s] -- Up-to-date symlink: /home/pro/Mars_Rover/install/serial_motor_demo_msgs/share/serial_motor_demo_msgs/local_setup.dsv
[1.826s] -- Symlinking: /home/pro/Mars_Rover/install/serial_motor_demo_msgs/share/serial_motor_demo_msgs/package.dsv
[1.860s] -- Up-to-date symlink: /home/pro/Mars_Rover/install/serial_motor_demo_msgs/share/ament_index/resource_index/packages/serial_motor_demo_msgs
[1.861s] -- Up-to-date symlink: /home/pro/Mars_Rover/install/serial_motor_demo_msgs/share/serial_motor_demo_msgs/cmake/rosidl_cmake-extras.cmake
[1.863s] -- Up-to-date symlink: /home/pro/Mars_Rover/install/serial_motor_demo_msgs/share/serial_motor_demo_msgs/cmake/ament_cmake_export_dependencies-extras.cmake
[1.864s] -- Up-to-date symlink: /home/pro/Mars_Rover/install/serial_motor_demo_msgs/share/serial_motor_demo_msgs/cmake/ament_cmake_export_libraries-extras.cmake
[1.866s] -- Up-to-date symlink: /home/pro/Mars_Rover/install/serial_motor_demo_msgs/share/serial_motor_demo_msgs/cmake/ament_cmake_export_targets-extras.cmake
[1.867s] -- Up-to-date symlink: /home/pro/Mars_Rover/install/serial_motor_demo_msgs/share/serial_motor_demo_msgs/cmake/ament_cmake_export_include_directories-extras.cmake
[1.868s] -- Up-to-date symlink: /home/pro/Mars_Rover/install/serial_motor_demo_msgs/share/serial_motor_demo_msgs/cmake/rosidl_cmake_export_typesupport_libraries-extras.cmake
[1.870s] -- Up-to-date symlink: /home/pro/Mars_Rover/install/serial_motor_demo_msgs/share/serial_motor_demo_msgs/cmake/rosidl_cmake_export_typesupport_targets-extras.cmake
[1.871s] -- Up-to-date symlink: /home/pro/Mars_Rover/install/serial_motor_demo_msgs/share/serial_motor_demo_msgs/cmake/serial_motor_demo_msgsConfig.cmake
[1.872s] -- Up-to-date symlink: /home/pro/Mars_Rover/install/serial_motor_demo_msgs/share/serial_motor_demo_msgs/cmake/serial_motor_demo_msgsConfig-version.cmake
[1.873s] -- Up-to-date symlink: /home/pro/Mars_Rover/install/serial_motor_demo_msgs/share/serial_motor_demo_msgs/package.xml
[1.874s] -- Up-to-date: /home/pro/Mars_Rover/install/serial_motor_demo_msgs/lib/libserial_motor_demo_msgs__rosidl_generator_c.so
[1.876s] -- Up-to-date: /home/pro/Mars_Rover/install/serial_motor_demo_msgs/lib/libserial_motor_demo_msgs__rosidl_typesupport_introspection_c.so
[1.878s] -- Up-to-date: /home/pro/Mars_Rover/install/serial_motor_demo_msgs/lib/libserial_motor_demo_msgs__rosidl_typesupport_c.so
[1.881s] -- Up-to-date: /home/pro/Mars_Rover/install/serial_motor_demo_msgs/lib/libserial_motor_demo_msgs__rosidl_typesupport_introspection_cpp.so
[1.883s] -- Up-to-date: /home/pro/Mars_Rover/install/serial_motor_demo_msgs/lib/libserial_motor_demo_msgs__rosidl_typesupport_cpp.so
[2.040s] -- Up-to-date: /home/pro/Mars_Rover/install/serial_motor_demo_msgs/share/serial_motor_demo_msgs/cmake/serial_motor_demo_msgs__rosidl_generator_cExport.cmake
[2.040s] -- Up-to-date: /home/pro/Mars_Rover/install/serial_motor_demo_msgs/share/serial_motor_demo_msgs/cmake/serial_motor_demo_msgs__rosidl_generator_cExport-noconfig.cmake
[2.041s] -- Up-to-date: /home/pro/Mars_Rover/install/serial_motor_demo_msgs/share/serial_motor_demo_msgs/cmake/serial_motor_demo_msgs__rosidl_typesupport_introspection_cExport.cmake
[2.042s] -- Up-to-date: /home/pro/Mars_Rover/install/serial_motor_demo_msgs/share/serial_motor_demo_msgs/cmake/serial_motor_demo_msgs__rosidl_typesupport_introspection_cExport-noconfig.cmake
[2.043s] -- Up-to-date: /home/pro/Mars_Rover/install/serial_motor_demo_msgs/share/serial_motor_demo_msgs/cmake/serial_motor_demo_msgs__rosidl_typesupport_cExport.cmake
[2.043s] -- Up-to-date: /home/pro/Mars_Rover/install/serial_motor_demo_msgs/share/serial_motor_demo_msgs/cmake/serial_motor_demo_msgs__rosidl_typesupport_cExport-noconfig.cmake
[2.044s] -- Up-to-date: /home/pro/Mars_Rover/install/serial_motor_demo_msgs/share/serial_motor_demo_msgs/cmake/serial_motor_demo_msgs__rosidl_generator_cppExport.cmake
[2.045s] -- Up-to-date: /home/pro/Mars_Rover/install/serial_motor_demo_msgs/share/serial_motor_demo_msgs/cmake/serial_motor_demo_msgs__rosidl_typesupport_introspection_cppExport.cmake
[2.046s] -- Up-to-date: /home/pro/Mars_Rover/install/serial_motor_demo_msgs/share/serial_motor_demo_msgs/cmake/serial_motor_demo_msgs__rosidl_typesupport_introspection_cppExport-noconfig.cmake
[2.046s] -- Up-to-date: /home/pro/Mars_Rover/install/serial_motor_demo_msgs/share/serial_motor_demo_msgs/cmake/serial_motor_demo_msgs__rosidl_typesupport_cppExport.cmake
[2.047s] -- Up-to-date: /home/pro/Mars_Rover/install/serial_motor_demo_msgs/share/serial_motor_demo_msgs/cmake/serial_motor_demo_msgs__rosidl_typesupport_cppExport-noconfig.cmake
[2.054s] Invoked command in '/home/pro/Mars_Rover/build/serial_motor_demo_msgs' returned '0': CMAKE_PREFIX_PATH=${CMAKE_PREFIX_PATH}:/home/pro/Mars_Rover/install/serial_motor_demo:/home/pro/install/serial_motor_demo:/opt/ros/foxy /usr/bin/cmake --install /home/pro/Mars_Rover/build/serial_motor_demo_msgs
