[0.072s] Invoking command in '/home/pro/Mars_Rover/build/serial_motor_demo_msgs': CMAKE_PREFIX_PATH=${CMAKE_PREFIX_PATH}:/home/pro/Mars_Rover/install/serial_motor_demo:/opt/ros/foxy /usr/bin/cmake --build /home/pro/Mars_Rover/build/serial_motor_demo_msgs -- -j4 -l4
[0.335s] [  1%] Built target serial_motor_demo_msgs__cpp
[0.346s] [ 12%] Built target serial_motor_demo_msgs__rosidl_generator_c
[0.478s] [ 23%] Built target serial_motor_demo_msgs__rosidl_typesupport_cpp
[0.557s] [ 34%] Built target serial_motor_demo_msgs__rosidl_typesupport_introspection_c
[0.594s] [ 45%] Built target serial_motor_demo_msgs__rosidl_typesupport_introspection_cpp
[0.601s] [ 56%] Built target serial_motor_demo_msgs__rosidl_typesupport_fastrtps_cpp
[0.682s] [ 67%] Built target serial_motor_demo_msgs__rosidl_typesupport_c
[0.772s] [ 78%] Built target serial_motor_demo_msgs__rosidl_typesupport_fastrtps_c
[0.902s] [ 78%] Built target serial_motor_demo_msgs
[1.011s] [ 80%] Built target serial_motor_demo_msgs__py
[1.141s] [ 89%] Built target serial_motor_demo_msgs__python
[1.276s] [ 92%] Built target serial_motor_demo_msgs__rosidl_typesupport_introspection_c__pyext
[1.284s] [ 96%] Built target serial_motor_demo_msgs__rosidl_typesupport_c__pyext
[1.288s] [100%] Built target serial_motor_demo_msgs__rosidl_typesupport_fastrtps_c__pyext
[1.331s] Invoked command in '/home/pro/Mars_Rover/build/serial_motor_demo_msgs' returned '0': CMAKE_PREFIX_PATH=${CMAKE_PREFIX_PATH}:/home/pro/Mars_Rover/install/serial_motor_demo:/opt/ros/foxy /usr/bin/cmake --build /home/pro/Mars_Rover/build/serial_motor_demo_msgs -- -j4 -l4
[1.855s] Invoking command in '/home/pro/Mars_Rover/build/serial_motor_demo_msgs': CMAKE_PREFIX_PATH=${CMAKE_PREFIX_PATH}:/home/pro/Mars_Rover/install/serial_motor_demo:/opt/ros/foxy /usr/bin/cmake --install /home/pro/Mars_Rover/build/serial_motor_demo_msgs
[1.887s] -- Install configuration: ""
[1.889s] -- Execute custom install script
[1.891s] -- Up-to-date symlink: /home/pro/Mars_Rover/install/serial_motor_demo_msgs/share/ament_index/resource_index/rosidl_interfaces/serial_motor_demo_msgs
[1.895s] -- Up-to-date symlink: /home/pro/Mars_Rover/install/serial_motor_demo_msgs/include/serial_motor_demo_msgs/msg/detail/encoder_vals__functions.h
[1.896s] -- Up-to-date symlink: /home/pro/Mars_Rover/install/serial_motor_demo_msgs/include/serial_motor_demo_msgs/msg/detail/encoder_vals__struct.h
[1.897s] -- Up-to-date symlink: /home/pro/Mars_Rover/install/serial_motor_demo_msgs/include/serial_motor_demo_msgs/msg/detail/encoder_vals__type_support.h
[1.899s] -- Up-to-date symlink: /home/pro/Mars_Rover/install/serial_motor_demo_msgs/include/serial_motor_demo_msgs/msg/detail/motor_command__functions.h
[1.899s] -- Up-to-date symlink: /home/pro/Mars_Rover/install/serial_motor_demo_msgs/include/serial_motor_demo_msgs/msg/detail/motor_command__struct.h
[1.900s] -- Up-to-date symlink: /home/pro/Mars_Rover/install/serial_motor_demo_msgs/include/serial_motor_demo_msgs/msg/detail/motor_command__type_support.h
[1.902s] -- Up-to-date symlink: /home/pro/Mars_Rover/install/serial_motor_demo_msgs/include/serial_motor_demo_msgs/msg/detail/motor_vels__functions.h
[1.903s] -- Up-to-date symlink: /home/pro/Mars_Rover/install/serial_motor_demo_msgs/include/serial_motor_demo_msgs/msg/detail/motor_vels__struct.h
[1.904s] -- Up-to-date symlink: /home/pro/Mars_Rover/install/serial_motor_demo_msgs/include/serial_motor_demo_msgs/msg/detail/motor_vels__type_support.h
[1.905s] -- Up-to-date symlink: /home/pro/Mars_Rover/install/serial_motor_demo_msgs/include/serial_motor_demo_msgs/msg/detail/steering_command__functions.h
[1.906s] -- Up-to-date symlink: /home/pro/Mars_Rover/install/serial_motor_demo_msgs/include/serial_motor_demo_msgs/msg/detail/steering_command__struct.h
[1.907s] -- Up-to-date symlink: /home/pro/Mars_Rover/install/serial_motor_demo_msgs/include/serial_motor_demo_msgs/msg/detail/steering_command__type_support.h
[1.908s] -- Up-to-date symlink: /home/pro/Mars_Rover/install/serial_motor_demo_msgs/include/serial_motor_demo_msgs/msg/encoder_vals.h
[1.909s] -- Up-to-date symlink: /home/pro/Mars_Rover/install/serial_motor_demo_msgs/include/serial_motor_demo_msgs/msg/motor_command.h
[1.911s] -- Up-to-date symlink: /home/pro/Mars_Rover/install/serial_motor_demo_msgs/include/serial_motor_demo_msgs/msg/motor_vels.h
[1.911s] -- Up-to-date symlink: /home/pro/Mars_Rover/install/serial_motor_demo_msgs/include/serial_motor_demo_msgs/msg/rosidl_generator_c__visibility_control.h
[1.912s] -- Up-to-date symlink: /home/pro/Mars_Rover/install/serial_motor_demo_msgs/include/serial_motor_demo_msgs/msg/steering_command.h
[1.914s] -- Up-to-date symlink: /home/pro/Mars_Rover/install/serial_motor_demo_msgs/share/serial_motor_demo_msgs/environment/library_path.sh
[1.915s] -- Up-to-date symlink: /home/pro/Mars_Rover/install/serial_motor_demo_msgs/share/serial_motor_demo_msgs/environment/library_path.dsv
[1.920s] -- Up-to-date symlink: /home/pro/Mars_Rover/install/serial_motor_demo_msgs/include/serial_motor_demo_msgs/msg/detail/encoder_vals__rosidl_typesupport_fastrtps_c.h
[1.921s] -- Up-to-date symlink: /home/pro/Mars_Rover/install/serial_motor_demo_msgs/include/serial_motor_demo_msgs/msg/detail/motor_command__rosidl_typesupport_fastrtps_c.h
[1.922s] -- Up-to-date symlink: /home/pro/Mars_Rover/install/serial_motor_demo_msgs/include/serial_motor_demo_msgs/msg/detail/motor_vels__rosidl_typesupport_fastrtps_c.h
[1.923s] -- Up-to-date symlink: /home/pro/Mars_Rover/install/serial_motor_demo_msgs/include/serial_motor_demo_msgs/msg/detail/steering_command__rosidl_typesupport_fastrtps_c.h
[1.924s] -- Up-to-date symlink: /home/pro/Mars_Rover/install/serial_motor_demo_msgs/include/serial_motor_demo_msgs/msg/rosidl_typesupport_fastrtps_c__visibility_control.h
[1.926s] -- Up-to-date symlink: /home/pro/Mars_Rover/install/serial_motor_demo_msgs/lib/libserial_motor_demo_msgs__rosidl_typesupport_fastrtps_c.so
[1.930s] -- Up-to-date symlink: /home/pro/Mars_Rover/install/serial_motor_demo_msgs/include/serial_motor_demo_msgs/msg/detail/encoder_vals__rosidl_typesupport_fastrtps_cpp.hpp
[1.931s] -- Up-to-date symlink: /home/pro/Mars_Rover/install/serial_motor_demo_msgs/include/serial_motor_demo_msgs/msg/detail/motor_command__rosidl_typesupport_fastrtps_cpp.hpp
[1.932s] -- Up-to-date symlink: /home/pro/Mars_Rover/install/serial_motor_demo_msgs/include/serial_motor_demo_msgs/msg/detail/motor_vels__rosidl_typesupport_fastrtps_cpp.hpp
[1.933s] -- Up-to-date symlink: /home/pro/Mars_Rover/install/serial_motor_demo_msgs/include/serial_motor_demo_msgs/msg/detail/steering_command__rosidl_typesupport_fastrtps_cpp.hpp
[1.935s] -- Up-to-date symlink: /home/pro/Mars_Rover/install/serial_motor_demo_msgs/include/serial_motor_demo_msgs/msg/rosidl_typesupport_fastrtps_cpp__visibility_control.h
[1.937s] -- Up-to-date symlink: /home/pro/Mars_Rover/install/serial_motor_demo_msgs/lib/libserial_motor_demo_msgs__rosidl_typesupport_fastrtps_cpp.so
[1.940s] -- Up-to-date symlink: /home/pro/Mars_Rover/install/serial_motor_demo_msgs/include/serial_motor_demo_msgs/msg/detail/encoder_vals__rosidl_typesupport_introspection_c.h
[1.941s] -- Up-to-date symlink: /home/pro/Mars_Rover/install/serial_motor_demo_msgs/include/serial_motor_demo_msgs/msg/detail/motor_command__rosidl_typesupport_introspection_c.h
[1.942s] -- Up-to-date symlink: /home/pro/Mars_Rover/install/serial_motor_demo_msgs/include/serial_motor_demo_msgs/msg/detail/motor_vels__rosidl_typesupport_introspection_c.h
[1.943s] -- Up-to-date symlink: /home/pro/Mars_Rover/install/serial_motor_demo_msgs/include/serial_motor_demo_msgs/msg/detail/steering_command__rosidl_typesupport_introspection_c.h
[1.944s] -- Up-to-date symlink: /home/pro/Mars_Rover/install/serial_motor_demo_msgs/include/serial_motor_demo_msgs/msg/rosidl_typesupport_introspection_c__visibility_control.h
[1.948s] -- Up-to-date symlink: /home/pro/Mars_Rover/install/serial_motor_demo_msgs/include/serial_motor_demo_msgs/msg/detail/encoder_vals__builder.hpp
[1.949s] -- Up-to-date symlink: /home/pro/Mars_Rover/install/serial_motor_demo_msgs/include/serial_motor_demo_msgs/msg/detail/encoder_vals__struct.hpp
[1.950s] -- Up-to-date symlink: /home/pro/Mars_Rover/install/serial_motor_demo_msgs/include/serial_motor_demo_msgs/msg/detail/encoder_vals__traits.hpp
[1.951s] -- Up-to-date symlink: /home/pro/Mars_Rover/install/serial_motor_demo_msgs/include/serial_motor_demo_msgs/msg/detail/encoder_vals__type_support.hpp
[1.952s] -- Up-to-date symlink: /home/pro/Mars_Rover/install/serial_motor_demo_msgs/include/serial_motor_demo_msgs/msg/detail/motor_command__builder.hpp
[1.954s] -- Up-to-date symlink: /home/pro/Mars_Rover/install/serial_motor_demo_msgs/include/serial_motor_demo_msgs/msg/detail/motor_command__struct.hpp
[1.955s] -- Up-to-date symlink: /home/pro/Mars_Rover/install/serial_motor_demo_msgs/include/serial_motor_demo_msgs/msg/detail/motor_command__traits.hpp
[1.956s] -- Up-to-date symlink: /home/pro/Mars_Rover/install/serial_motor_demo_msgs/include/serial_motor_demo_msgs/msg/detail/motor_command__type_support.hpp
[1.957s] -- Up-to-date symlink: /home/pro/Mars_Rover/install/serial_motor_demo_msgs/include/serial_motor_demo_msgs/msg/detail/motor_vels__builder.hpp
[1.958s] -- Up-to-date symlink: /home/pro/Mars_Rover/install/serial_motor_demo_msgs/include/serial_motor_demo_msgs/msg/detail/motor_vels__struct.hpp
[1.959s] -- Up-to-date symlink: /home/pro/Mars_Rover/install/serial_motor_demo_msgs/include/serial_motor_demo_msgs/msg/detail/motor_vels__traits.hpp
[1.960s] -- Up-to-date symlink: /home/pro/Mars_Rover/install/serial_motor_demo_msgs/include/serial_motor_demo_msgs/msg/detail/motor_vels__type_support.hpp
[1.961s] -- Up-to-date symlink: /home/pro/Mars_Rover/install/serial_motor_demo_msgs/include/serial_motor_demo_msgs/msg/detail/steering_command__builder.hpp
[1.962s] -- Up-to-date symlink: /home/pro/Mars_Rover/install/serial_motor_demo_msgs/include/serial_motor_demo_msgs/msg/detail/steering_command__struct.hpp
[1.963s] -- Up-to-date symlink: /home/pro/Mars_Rover/install/serial_motor_demo_msgs/include/serial_motor_demo_msgs/msg/detail/steering_command__traits.hpp
[1.964s] -- Up-to-date symlink: /home/pro/Mars_Rover/install/serial_motor_demo_msgs/include/serial_motor_demo_msgs/msg/detail/steering_command__type_support.hpp
[1.965s] -- Up-to-date symlink: /home/pro/Mars_Rover/install/serial_motor_demo_msgs/include/serial_motor_demo_msgs/msg/encoder_vals.hpp
[1.966s] -- Up-to-date symlink: /home/pro/Mars_Rover/install/serial_motor_demo_msgs/include/serial_motor_demo_msgs/msg/motor_command.hpp
[1.967s] -- Up-to-date symlink: /home/pro/Mars_Rover/install/serial_motor_demo_msgs/include/serial_motor_demo_msgs/msg/motor_vels.hpp
[1.968s] -- Up-to-date symlink: /home/pro/Mars_Rover/install/serial_motor_demo_msgs/include/serial_motor_demo_msgs/msg/rosidl_generator_cpp__visibility_control.hpp
[1.970s] -- Up-to-date symlink: /home/pro/Mars_Rover/install/serial_motor_demo_msgs/include/serial_motor_demo_msgs/msg/steering_command.hpp
[1.973s] -- Up-to-date symlink: /home/pro/Mars_Rover/install/serial_motor_demo_msgs/include/serial_motor_demo_msgs/msg/detail/encoder_vals__rosidl_typesupport_introspection_cpp.hpp
[1.974s] -- Up-to-date symlink: /home/pro/Mars_Rover/install/serial_motor_demo_msgs/include/serial_motor_demo_msgs/msg/detail/motor_command__rosidl_typesupport_introspection_cpp.hpp
[1.975s] -- Up-to-date symlink: /home/pro/Mars_Rover/install/serial_motor_demo_msgs/include/serial_motor_demo_msgs/msg/detail/motor_vels__rosidl_typesupport_introspection_cpp.hpp
[1.976s] -- Up-to-date symlink: /home/pro/Mars_Rover/install/serial_motor_demo_msgs/include/serial_motor_demo_msgs/msg/detail/steering_command__rosidl_typesupport_introspection_cpp.hpp
[1.977s] -- Up-to-date symlink: /home/pro/Mars_Rover/install/serial_motor_demo_msgs/share/serial_motor_demo_msgs/environment/pythonpath.sh
[1.979s] -- Up-to-date symlink: /home/pro/Mars_Rover/install/serial_motor_demo_msgs/share/serial_motor_demo_msgs/environment/pythonpath.dsv
[1.980s] -- Up-to-date symlink: /home/pro/Mars_Rover/install/serial_motor_demo_msgs/lib/python3.8/site-packages/serial_motor_demo_msgs/__init__.py
[1.983s] -- Up-to-date symlink: /home/pro/Mars_Rover/install/serial_motor_demo_msgs/lib/python3.8/site-packages/serial_motor_demo_msgs/msg/__init__.py
[1.984s] -- Up-to-date symlink: /home/pro/Mars_Rover/install/serial_motor_demo_msgs/lib/python3.8/site-packages/serial_motor_demo_msgs/msg/_encoder_vals.py
[1.985s] -- Up-to-date symlink: /home/pro/Mars_Rover/install/serial_motor_demo_msgs/lib/python3.8/site-packages/serial_motor_demo_msgs/msg/_motor_command.py
[1.986s] -- Up-to-date symlink: /home/pro/Mars_Rover/install/serial_motor_demo_msgs/lib/python3.8/site-packages/serial_motor_demo_msgs/msg/_motor_vels.py
[1.987s] -- Up-to-date symlink: /home/pro/Mars_Rover/install/serial_motor_demo_msgs/lib/python3.8/site-packages/serial_motor_demo_msgs/msg/_steering_command.py
[1.989s] -- Up-to-date symlink: /home/pro/Mars_Rover/install/serial_motor_demo_msgs/lib/python3.8/site-packages/serial_motor_demo_msgs/serial_motor_demo_msgs_s__rosidl_typesupport_fastrtps_c.cpython-38-aarch64-linux-gnu.so
[1.991s] -- Up-to-date symlink: /home/pro/Mars_Rover/install/serial_motor_demo_msgs/lib/python3.8/site-packages/serial_motor_demo_msgs/serial_motor_demo_msgs_s__rosidl_typesupport_introspection_c.cpython-38-aarch64-linux-gnu.so
[1.993s] -- Up-to-date symlink: /home/pro/Mars_Rover/install/serial_motor_demo_msgs/lib/python3.8/site-packages/serial_motor_demo_msgs/serial_motor_demo_msgs_s__rosidl_typesupport_c.cpython-38-aarch64-linux-gnu.so
[1.995s] -- Up-to-date symlink: /home/pro/Mars_Rover/install/serial_motor_demo_msgs/lib/libserial_motor_demo_msgs__python.so
[1.996s] -- Up-to-date symlink: /home/pro/Mars_Rover/install/serial_motor_demo_msgs/share/serial_motor_demo_msgs/msg/MotorCommand.idl
[1.998s] -- Up-to-date symlink: /home/pro/Mars_Rover/install/serial_motor_demo_msgs/share/serial_motor_demo_msgs/msg/MotorVels.idl
[1.999s] -- Up-to-date symlink: /home/pro/Mars_Rover/install/serial_motor_demo_msgs/share/serial_motor_demo_msgs/msg/EncoderVals.idl
[2.000s] -- Up-to-date symlink: /home/pro/Mars_Rover/install/serial_motor_demo_msgs/share/serial_motor_demo_msgs/msg/SteeringCommand.idl
[2.002s] -- Up-to-date symlink: /home/pro/Mars_Rover/install/serial_motor_demo_msgs/share/serial_motor_demo_msgs/msg/MotorCommand.msg
[2.003s] -- Up-to-date symlink: /home/pro/Mars_Rover/install/serial_motor_demo_msgs/share/serial_motor_demo_msgs/msg/MotorVels.msg
[2.004s] -- Up-to-date symlink: /home/pro/Mars_Rover/install/serial_motor_demo_msgs/share/serial_motor_demo_msgs/msg/EncoderVals.msg
[2.006s] -- Up-to-date symlink: /home/pro/Mars_Rover/install/serial_motor_demo_msgs/share/serial_motor_demo_msgs/msg/SteeringCommand.msg
[2.007s] -- Up-to-date symlink: /home/pro/Mars_Rover/install/serial_motor_demo_msgs/share/ament_index/resource_index/package_run_dependencies/serial_motor_demo_msgs
[2.009s] -- Up-to-date symlink: /home/pro/Mars_Rover/install/serial_motor_demo_msgs/share/ament_index/resource_index/parent_prefix_path/serial_motor_demo_msgs
[2.010s] -- Up-to-date symlink: /home/pro/Mars_Rover/install/serial_motor_demo_msgs/share/serial_motor_demo_msgs/environment/ament_prefix_path.sh
[2.011s] -- Up-to-date symlink: /home/pro/Mars_Rover/install/serial_motor_demo_msgs/share/serial_motor_demo_msgs/environment/ament_prefix_path.dsv
[2.013s] -- Up-to-date symlink: /home/pro/Mars_Rover/install/serial_motor_demo_msgs/share/serial_motor_demo_msgs/environment/path.sh
[2.014s] -- Up-to-date symlink: /home/pro/Mars_Rover/install/serial_motor_demo_msgs/share/serial_motor_demo_msgs/environment/path.dsv
[2.016s] -- Up-to-date symlink: /home/pro/Mars_Rover/install/serial_motor_demo_msgs/share/serial_motor_demo_msgs/local_setup.bash
[2.017s] -- Up-to-date symlink: /home/pro/Mars_Rover/install/serial_motor_demo_msgs/share/serial_motor_demo_msgs/local_setup.sh
[2.018s] -- Up-to-date symlink: /home/pro/Mars_Rover/install/serial_motor_demo_msgs/share/serial_motor_demo_msgs/local_setup.zsh
[2.020s] -- Up-to-date symlink: /home/pro/Mars_Rover/install/serial_motor_demo_msgs/share/serial_motor_demo_msgs/local_setup.dsv
[2.021s] -- Symlinking: /home/pro/Mars_Rover/install/serial_motor_demo_msgs/share/serial_motor_demo_msgs/package.dsv
[2.054s] -- Up-to-date symlink: /home/pro/Mars_Rover/install/serial_motor_demo_msgs/share/ament_index/resource_index/packages/serial_motor_demo_msgs
[2.055s] -- Up-to-date symlink: /home/pro/Mars_Rover/install/serial_motor_demo_msgs/share/serial_motor_demo_msgs/cmake/rosidl_cmake-extras.cmake
[2.056s] -- Up-to-date symlink: /home/pro/Mars_Rover/install/serial_motor_demo_msgs/share/serial_motor_demo_msgs/cmake/ament_cmake_export_dependencies-extras.cmake
[2.058s] -- Up-to-date symlink: /home/pro/Mars_Rover/install/serial_motor_demo_msgs/share/serial_motor_demo_msgs/cmake/ament_cmake_export_libraries-extras.cmake
[2.067s] -- Up-to-date symlink: /home/pro/Mars_Rover/install/serial_motor_demo_msgs/share/serial_motor_demo_msgs/cmake/ament_cmake_export_targets-extras.cmake
[2.068s] -- Up-to-date symlink: /home/pro/Mars_Rover/install/serial_motor_demo_msgs/share/serial_motor_demo_msgs/cmake/ament_cmake_export_include_directories-extras.cmake
[2.070s] -- Up-to-date symlink: /home/pro/Mars_Rover/install/serial_motor_demo_msgs/share/serial_motor_demo_msgs/cmake/rosidl_cmake_export_typesupport_libraries-extras.cmake
[2.071s] -- Up-to-date symlink: /home/pro/Mars_Rover/install/serial_motor_demo_msgs/share/serial_motor_demo_msgs/cmake/rosidl_cmake_export_typesupport_targets-extras.cmake
[2.072s] -- Up-to-date symlink: /home/pro/Mars_Rover/install/serial_motor_demo_msgs/share/serial_motor_demo_msgs/cmake/serial_motor_demo_msgsConfig.cmake
[2.073s] -- Up-to-date symlink: /home/pro/Mars_Rover/install/serial_motor_demo_msgs/share/serial_motor_demo_msgs/cmake/serial_motor_demo_msgsConfig-version.cmake
[2.075s] -- Up-to-date symlink: /home/pro/Mars_Rover/install/serial_motor_demo_msgs/share/serial_motor_demo_msgs/package.xml
[2.076s] -- Up-to-date: /home/pro/Mars_Rover/install/serial_motor_demo_msgs/lib/libserial_motor_demo_msgs__rosidl_generator_c.so
[2.079s] -- Up-to-date: /home/pro/Mars_Rover/install/serial_motor_demo_msgs/lib/libserial_motor_demo_msgs__rosidl_typesupport_introspection_c.so
[2.080s] -- Up-to-date: /home/pro/Mars_Rover/install/serial_motor_demo_msgs/lib/libserial_motor_demo_msgs__rosidl_typesupport_c.so
[2.083s] -- Up-to-date: /home/pro/Mars_Rover/install/serial_motor_demo_msgs/lib/libserial_motor_demo_msgs__rosidl_typesupport_introspection_cpp.so
[2.085s] -- Up-to-date: /home/pro/Mars_Rover/install/serial_motor_demo_msgs/lib/libserial_motor_demo_msgs__rosidl_typesupport_cpp.so
[2.241s] -- Up-to-date: /home/pro/Mars_Rover/install/serial_motor_demo_msgs/share/serial_motor_demo_msgs/cmake/serial_motor_demo_msgs__rosidl_generator_cExport.cmake
[2.241s] -- Up-to-date: /home/pro/Mars_Rover/install/serial_motor_demo_msgs/share/serial_motor_demo_msgs/cmake/serial_motor_demo_msgs__rosidl_generator_cExport-noconfig.cmake
[2.242s] -- Up-to-date: /home/pro/Mars_Rover/install/serial_motor_demo_msgs/share/serial_motor_demo_msgs/cmake/serial_motor_demo_msgs__rosidl_typesupport_introspection_cExport.cmake
[2.243s] -- Up-to-date: /home/pro/Mars_Rover/install/serial_motor_demo_msgs/share/serial_motor_demo_msgs/cmake/serial_motor_demo_msgs__rosidl_typesupport_introspection_cExport-noconfig.cmake
[2.244s] -- Up-to-date: /home/pro/Mars_Rover/install/serial_motor_demo_msgs/share/serial_motor_demo_msgs/cmake/serial_motor_demo_msgs__rosidl_typesupport_cExport.cmake
[2.245s] -- Up-to-date: /home/pro/Mars_Rover/install/serial_motor_demo_msgs/share/serial_motor_demo_msgs/cmake/serial_motor_demo_msgs__rosidl_typesupport_cExport-noconfig.cmake
[2.246s] -- Up-to-date: /home/pro/Mars_Rover/install/serial_motor_demo_msgs/share/serial_motor_demo_msgs/cmake/serial_motor_demo_msgs__rosidl_generator_cppExport.cmake
[2.247s] -- Up-to-date: /home/pro/Mars_Rover/install/serial_motor_demo_msgs/share/serial_motor_demo_msgs/cmake/serial_motor_demo_msgs__rosidl_typesupport_introspection_cppExport.cmake
[2.248s] -- Up-to-date: /home/pro/Mars_Rover/install/serial_motor_demo_msgs/share/serial_motor_demo_msgs/cmake/serial_motor_demo_msgs__rosidl_typesupport_introspection_cppExport-noconfig.cmake
[2.249s] -- Up-to-date: /home/pro/Mars_Rover/install/serial_motor_demo_msgs/share/serial_motor_demo_msgs/cmake/serial_motor_demo_msgs__rosidl_typesupport_cppExport.cmake
[2.256s] -- Up-to-date: /home/pro/Mars_Rover/install/serial_motor_demo_msgs/share/serial_motor_demo_msgs/cmake/serial_motor_demo_msgs__rosidl_typesupport_cppExport-noconfig.cmake
[2.259s] Invoked command in '/home/pro/Mars_Rover/build/serial_motor_demo_msgs' returned '0': CMAKE_PREFIX_PATH=${CMAKE_PREFIX_PATH}:/home/pro/Mars_Rover/install/serial_motor_demo:/opt/ros/foxy /usr/bin/cmake --install /home/pro/Mars_Rover/build/serial_motor_demo_msgs
