[0.058s] Invoking command in '/home/pro/Mars_Rover/build/serial_motor_demo_msgs': CMAKE_PREFIX_PATH=${CMAKE_PREFIX_PATH}:/home/pro/Mars_Rover/install/serial_motor_demo:/home/pro/install/serial_motor_demo:/opt/ros/foxy /usr/bin/cmake --build /home/pro/Mars_Rover/build/serial_motor_demo_msgs -- -j4 -l4
[0.283s] [  1%] Built target serial_motor_demo_msgs__cpp
[0.289s] [ 12%] Built target serial_motor_demo_msgs__rosidl_generator_c
[0.400s] [ 23%] Built target serial_motor_demo_msgs__rosidl_typesupport_cpp
[0.414s] [ 34%] Built target serial_motor_demo_msgs__rosidl_typesupport_introspection_cpp
[0.439s] [ 45%] Built target serial_motor_demo_msgs__rosidl_typesupport_introspection_c
[0.447s] [ 56%] Built target serial_motor_demo_msgs__rosidl_typesupport_fastrtps_cpp
[0.507s] [ 67%] Built target serial_motor_demo_msgs__rosidl_typesupport_c
[0.578s] [ 78%] Built target serial_motor_demo_msgs__rosidl_typesupport_fastrtps_c
[0.660s] [ 78%] Built target serial_motor_demo_msgs
[0.745s] [ 80%] Built target serial_motor_demo_msgs__py
[0.875s] [ 89%] Built target serial_motor_demo_msgs__python
[1.015s] [ 92%] Built target serial_motor_demo_msgs__rosidl_typesupport_fastrtps_c__pyext
[1.025s] [ 96%] Built target serial_motor_demo_msgs__rosidl_typesupport_introspection_c__pyext
[1.033s] [100%] Built target serial_motor_demo_msgs__rosidl_typesupport_c__pyext
[1.078s] Invoked command in '/home/pro/Mars_Rover/build/serial_motor_demo_msgs' returned '0': CMAKE_PREFIX_PATH=${CMAKE_PREFIX_PATH}:/home/pro/Mars_Rover/install/serial_motor_demo:/home/pro/install/serial_motor_demo:/opt/ros/foxy /usr/bin/cmake --build /home/pro/Mars_Rover/build/serial_motor_demo_msgs -- -j4 -l4
[1.642s] Invoking command in '/home/pro/Mars_Rover/build/serial_motor_demo_msgs': CMAKE_PREFIX_PATH=${CMAKE_PREFIX_PATH}:/home/pro/Mars_Rover/install/serial_motor_demo:/home/pro/install/serial_motor_demo:/opt/ros/foxy /usr/bin/cmake --install /home/pro/Mars_Rover/build/serial_motor_demo_msgs
[1.674s] -- Install configuration: ""
[1.676s] -- Execute custom install script
[1.678s] -- Up-to-date symlink: /home/pro/Mars_Rover/install/serial_motor_demo_msgs/share/ament_index/resource_index/rosidl_interfaces/serial_motor_demo_msgs
[1.682s] -- Up-to-date symlink: /home/pro/Mars_Rover/install/serial_motor_demo_msgs/include/serial_motor_demo_msgs/msg/detail/encoder_vals__functions.h
[1.683s] -- Up-to-date symlink: /home/pro/Mars_Rover/install/serial_motor_demo_msgs/include/serial_motor_demo_msgs/msg/detail/encoder_vals__struct.h
[1.684s] -- Up-to-date symlink: /home/pro/Mars_Rover/install/serial_motor_demo_msgs/include/serial_motor_demo_msgs/msg/detail/encoder_vals__type_support.h
[1.685s] -- Up-to-date symlink: /home/pro/Mars_Rover/install/serial_motor_demo_msgs/include/serial_motor_demo_msgs/msg/detail/motor_command__functions.h
[1.686s] -- Up-to-date symlink: /home/pro/Mars_Rover/install/serial_motor_demo_msgs/include/serial_motor_demo_msgs/msg/detail/motor_command__struct.h
[1.687s] -- Up-to-date symlink: /home/pro/Mars_Rover/install/serial_motor_demo_msgs/include/serial_motor_demo_msgs/msg/detail/motor_command__type_support.h
[1.689s] -- Up-to-date symlink: /home/pro/Mars_Rover/install/serial_motor_demo_msgs/include/serial_motor_demo_msgs/msg/detail/motor_vels__functions.h
[1.690s] -- Up-to-date symlink: /home/pro/Mars_Rover/install/serial_motor_demo_msgs/include/serial_motor_demo_msgs/msg/detail/motor_vels__struct.h
[1.691s] -- Up-to-date symlink: /home/pro/Mars_Rover/install/serial_motor_demo_msgs/include/serial_motor_demo_msgs/msg/detail/motor_vels__type_support.h
[1.692s] -- Up-to-date symlink: /home/pro/Mars_Rover/install/serial_motor_demo_msgs/include/serial_motor_demo_msgs/msg/detail/steering_command__functions.h
[1.693s] -- Up-to-date symlink: /home/pro/Mars_Rover/install/serial_motor_demo_msgs/include/serial_motor_demo_msgs/msg/detail/steering_command__struct.h
[1.694s] -- Up-to-date symlink: /home/pro/Mars_Rover/install/serial_motor_demo_msgs/include/serial_motor_demo_msgs/msg/detail/steering_command__type_support.h
[1.695s] -- Up-to-date symlink: /home/pro/Mars_Rover/install/serial_motor_demo_msgs/include/serial_motor_demo_msgs/msg/encoder_vals.h
[1.696s] -- Up-to-date symlink: /home/pro/Mars_Rover/install/serial_motor_demo_msgs/include/serial_motor_demo_msgs/msg/motor_command.h
[1.697s] -- Up-to-date symlink: /home/pro/Mars_Rover/install/serial_motor_demo_msgs/include/serial_motor_demo_msgs/msg/motor_vels.h
[1.698s] -- Up-to-date symlink: /home/pro/Mars_Rover/install/serial_motor_demo_msgs/include/serial_motor_demo_msgs/msg/rosidl_generator_c__visibility_control.h
[1.700s] -- Up-to-date symlink: /home/pro/Mars_Rover/install/serial_motor_demo_msgs/include/serial_motor_demo_msgs/msg/steering_command.h
[1.701s] -- Up-to-date symlink: /home/pro/Mars_Rover/install/serial_motor_demo_msgs/share/serial_motor_demo_msgs/environment/library_path.sh
[1.702s] -- Up-to-date symlink: /home/pro/Mars_Rover/install/serial_motor_demo_msgs/share/serial_motor_demo_msgs/environment/library_path.dsv
[1.707s] -- Up-to-date symlink: /home/pro/Mars_Rover/install/serial_motor_demo_msgs/include/serial_motor_demo_msgs/msg/detail/encoder_vals__rosidl_typesupport_fastrtps_c.h
[1.708s] -- Up-to-date symlink: /home/pro/Mars_Rover/install/serial_motor_demo_msgs/include/serial_motor_demo_msgs/msg/detail/motor_command__rosidl_typesupport_fastrtps_c.h
[1.709s] -- Up-to-date symlink: /home/pro/Mars_Rover/install/serial_motor_demo_msgs/include/serial_motor_demo_msgs/msg/detail/motor_vels__rosidl_typesupport_fastrtps_c.h
[1.710s] -- Up-to-date symlink: /home/pro/Mars_Rover/install/serial_motor_demo_msgs/include/serial_motor_demo_msgs/msg/detail/steering_command__rosidl_typesupport_fastrtps_c.h
[1.711s] -- Up-to-date symlink: /home/pro/Mars_Rover/install/serial_motor_demo_msgs/include/serial_motor_demo_msgs/msg/rosidl_typesupport_fastrtps_c__visibility_control.h
[1.713s] -- Up-to-date symlink: /home/pro/Mars_Rover/install/serial_motor_demo_msgs/lib/libserial_motor_demo_msgs__rosidl_typesupport_fastrtps_c.so
[1.718s] -- Up-to-date symlink: /home/pro/Mars_Rover/install/serial_motor_demo_msgs/include/serial_motor_demo_msgs/msg/detail/encoder_vals__rosidl_typesupport_fastrtps_cpp.hpp
[1.719s] -- Up-to-date symlink: /home/pro/Mars_Rover/install/serial_motor_demo_msgs/include/serial_motor_demo_msgs/msg/detail/motor_command__rosidl_typesupport_fastrtps_cpp.hpp
[1.720s] -- Up-to-date symlink: /home/pro/Mars_Rover/install/serial_motor_demo_msgs/include/serial_motor_demo_msgs/msg/detail/motor_vels__rosidl_typesupport_fastrtps_cpp.hpp
[1.721s] -- Up-to-date symlink: /home/pro/Mars_Rover/install/serial_motor_demo_msgs/include/serial_motor_demo_msgs/msg/detail/steering_command__rosidl_typesupport_fastrtps_cpp.hpp
[1.722s] -- Up-to-date symlink: /home/pro/Mars_Rover/install/serial_motor_demo_msgs/include/serial_motor_demo_msgs/msg/rosidl_typesupport_fastrtps_cpp__visibility_control.h
[1.724s] -- Up-to-date symlink: /home/pro/Mars_Rover/install/serial_motor_demo_msgs/lib/libserial_motor_demo_msgs__rosidl_typesupport_fastrtps_cpp.so
[1.727s] -- Up-to-date symlink: /home/pro/Mars_Rover/install/serial_motor_demo_msgs/include/serial_motor_demo_msgs/msg/detail/encoder_vals__rosidl_typesupport_introspection_c.h
[1.728s] -- Up-to-date symlink: /home/pro/Mars_Rover/install/serial_motor_demo_msgs/include/serial_motor_demo_msgs/msg/detail/motor_command__rosidl_typesupport_introspection_c.h
[1.729s] -- Up-to-date symlink: /home/pro/Mars_Rover/install/serial_motor_demo_msgs/include/serial_motor_demo_msgs/msg/detail/motor_vels__rosidl_typesupport_introspection_c.h
[1.730s] -- Up-to-date symlink: /home/pro/Mars_Rover/install/serial_motor_demo_msgs/include/serial_motor_demo_msgs/msg/detail/steering_command__rosidl_typesupport_introspection_c.h
[1.731s] -- Up-to-date symlink: /home/pro/Mars_Rover/install/serial_motor_demo_msgs/include/serial_motor_demo_msgs/msg/rosidl_typesupport_introspection_c__visibility_control.h
[1.735s] -- Up-to-date symlink: /home/pro/Mars_Rover/install/serial_motor_demo_msgs/include/serial_motor_demo_msgs/msg/detail/encoder_vals__builder.hpp
[1.736s] -- Up-to-date symlink: /home/pro/Mars_Rover/install/serial_motor_demo_msgs/include/serial_motor_demo_msgs/msg/detail/encoder_vals__struct.hpp
[1.737s] -- Up-to-date symlink: /home/pro/Mars_Rover/install/serial_motor_demo_msgs/include/serial_motor_demo_msgs/msg/detail/encoder_vals__traits.hpp
[1.739s] -- Up-to-date symlink: /home/pro/Mars_Rover/install/serial_motor_demo_msgs/include/serial_motor_demo_msgs/msg/detail/encoder_vals__type_support.hpp
[1.740s] -- Up-to-date symlink: /home/pro/Mars_Rover/install/serial_motor_demo_msgs/include/serial_motor_demo_msgs/msg/detail/motor_command__builder.hpp
[1.741s] -- Up-to-date symlink: /home/pro/Mars_Rover/install/serial_motor_demo_msgs/include/serial_motor_demo_msgs/msg/detail/motor_command__struct.hpp
[1.742s] -- Up-to-date symlink: /home/pro/Mars_Rover/install/serial_motor_demo_msgs/include/serial_motor_demo_msgs/msg/detail/motor_command__traits.hpp
[1.744s] -- Up-to-date symlink: /home/pro/Mars_Rover/install/serial_motor_demo_msgs/include/serial_motor_demo_msgs/msg/detail/motor_command__type_support.hpp
[1.744s] -- Up-to-date symlink: /home/pro/Mars_Rover/install/serial_motor_demo_msgs/include/serial_motor_demo_msgs/msg/detail/motor_vels__builder.hpp
[1.746s] -- Up-to-date symlink: /home/pro/Mars_Rover/install/serial_motor_demo_msgs/include/serial_motor_demo_msgs/msg/detail/motor_vels__struct.hpp
[1.747s] -- Up-to-date symlink: /home/pro/Mars_Rover/install/serial_motor_demo_msgs/include/serial_motor_demo_msgs/msg/detail/motor_vels__traits.hpp
[1.748s] -- Up-to-date symlink: /home/pro/Mars_Rover/install/serial_motor_demo_msgs/include/serial_motor_demo_msgs/msg/detail/motor_vels__type_support.hpp
[1.749s] -- Up-to-date symlink: /home/pro/Mars_Rover/install/serial_motor_demo_msgs/include/serial_motor_demo_msgs/msg/detail/steering_command__builder.hpp
[1.750s] -- Up-to-date symlink: /home/pro/Mars_Rover/install/serial_motor_demo_msgs/include/serial_motor_demo_msgs/msg/detail/steering_command__struct.hpp
[1.751s] -- Up-to-date symlink: /home/pro/Mars_Rover/install/serial_motor_demo_msgs/include/serial_motor_demo_msgs/msg/detail/steering_command__traits.hpp
[1.752s] -- Up-to-date symlink: /home/pro/Mars_Rover/install/serial_motor_demo_msgs/include/serial_motor_demo_msgs/msg/detail/steering_command__type_support.hpp
[1.753s] -- Up-to-date symlink: /home/pro/Mars_Rover/install/serial_motor_demo_msgs/include/serial_motor_demo_msgs/msg/encoder_vals.hpp
[1.754s] -- Up-to-date symlink: /home/pro/Mars_Rover/install/serial_motor_demo_msgs/include/serial_motor_demo_msgs/msg/motor_command.hpp
[1.755s] -- Up-to-date symlink: /home/pro/Mars_Rover/install/serial_motor_demo_msgs/include/serial_motor_demo_msgs/msg/motor_vels.hpp
[1.756s] -- Up-to-date symlink: /home/pro/Mars_Rover/install/serial_motor_demo_msgs/include/serial_motor_demo_msgs/msg/rosidl_generator_cpp__visibility_control.hpp
[1.757s] -- Up-to-date symlink: /home/pro/Mars_Rover/install/serial_motor_demo_msgs/include/serial_motor_demo_msgs/msg/steering_command.hpp
[1.760s] -- Up-to-date symlink: /home/pro/Mars_Rover/install/serial_motor_demo_msgs/include/serial_motor_demo_msgs/msg/detail/encoder_vals__rosidl_typesupport_introspection_cpp.hpp
[1.761s] -- Up-to-date symlink: /home/pro/Mars_Rover/install/serial_motor_demo_msgs/include/serial_motor_demo_msgs/msg/detail/motor_command__rosidl_typesupport_introspection_cpp.hpp
[1.763s] -- Up-to-date symlink: /home/pro/Mars_Rover/install/serial_motor_demo_msgs/include/serial_motor_demo_msgs/msg/detail/motor_vels__rosidl_typesupport_introspection_cpp.hpp
[1.764s] -- Up-to-date symlink: /home/pro/Mars_Rover/install/serial_motor_demo_msgs/include/serial_motor_demo_msgs/msg/detail/steering_command__rosidl_typesupport_introspection_cpp.hpp
[1.765s] -- Up-to-date symlink: /home/pro/Mars_Rover/install/serial_motor_demo_msgs/share/serial_motor_demo_msgs/environment/pythonpath.sh
[1.767s] -- Up-to-date symlink: /home/pro/Mars_Rover/install/serial_motor_demo_msgs/share/serial_motor_demo_msgs/environment/pythonpath.dsv
[1.768s] -- Up-to-date symlink: /home/pro/Mars_Rover/install/serial_motor_demo_msgs/lib/python3.8/site-packages/serial_motor_demo_msgs/__init__.py
[1.770s] -- Up-to-date symlink: /home/pro/Mars_Rover/install/serial_motor_demo_msgs/lib/python3.8/site-packages/serial_motor_demo_msgs/msg/__init__.py
[1.771s] -- Up-to-date symlink: /home/pro/Mars_Rover/install/serial_motor_demo_msgs/lib/python3.8/site-packages/serial_motor_demo_msgs/msg/_encoder_vals.py
[1.772s] -- Up-to-date symlink: /home/pro/Mars_Rover/install/serial_motor_demo_msgs/lib/python3.8/site-packages/serial_motor_demo_msgs/msg/_motor_command.py
[1.774s] -- Up-to-date symlink: /home/pro/Mars_Rover/install/serial_motor_demo_msgs/lib/python3.8/site-packages/serial_motor_demo_msgs/msg/_motor_vels.py
[1.775s] -- Up-to-date symlink: /home/pro/Mars_Rover/install/serial_motor_demo_msgs/lib/python3.8/site-packages/serial_motor_demo_msgs/msg/_steering_command.py
[1.777s] -- Up-to-date symlink: /home/pro/Mars_Rover/install/serial_motor_demo_msgs/lib/python3.8/site-packages/serial_motor_demo_msgs/serial_motor_demo_msgs_s__rosidl_typesupport_fastrtps_c.cpython-38-aarch64-linux-gnu.so
[1.779s] -- Up-to-date symlink: /home/pro/Mars_Rover/install/serial_motor_demo_msgs/lib/python3.8/site-packages/serial_motor_demo_msgs/serial_motor_demo_msgs_s__rosidl_typesupport_introspection_c.cpython-38-aarch64-linux-gnu.so
[1.780s] -- Up-to-date symlink: /home/pro/Mars_Rover/install/serial_motor_demo_msgs/lib/python3.8/site-packages/serial_motor_demo_msgs/serial_motor_demo_msgs_s__rosidl_typesupport_c.cpython-38-aarch64-linux-gnu.so
[1.782s] -- Up-to-date symlink: /home/pro/Mars_Rover/install/serial_motor_demo_msgs/lib/libserial_motor_demo_msgs__python.so
[1.784s] -- Up-to-date symlink: /home/pro/Mars_Rover/install/serial_motor_demo_msgs/share/serial_motor_demo_msgs/msg/MotorCommand.idl
[1.785s] -- Up-to-date symlink: /home/pro/Mars_Rover/install/serial_motor_demo_msgs/share/serial_motor_demo_msgs/msg/MotorVels.idl
[1.786s] -- Up-to-date symlink: /home/pro/Mars_Rover/install/serial_motor_demo_msgs/share/serial_motor_demo_msgs/msg/EncoderVals.idl
[1.788s] -- Up-to-date symlink: /home/pro/Mars_Rover/install/serial_motor_demo_msgs/share/serial_motor_demo_msgs/msg/SteeringCommand.idl
[1.789s] -- Up-to-date symlink: /home/pro/Mars_Rover/install/serial_motor_demo_msgs/share/serial_motor_demo_msgs/msg/MotorCommand.msg
[1.791s] -- Up-to-date symlink: /home/pro/Mars_Rover/install/serial_motor_demo_msgs/share/serial_motor_demo_msgs/msg/MotorVels.msg
[1.792s] -- Up-to-date symlink: /home/pro/Mars_Rover/install/serial_motor_demo_msgs/share/serial_motor_demo_msgs/msg/EncoderVals.msg
[1.793s] -- Up-to-date symlink: /home/pro/Mars_Rover/install/serial_motor_demo_msgs/share/serial_motor_demo_msgs/msg/SteeringCommand.msg
[1.795s] -- Up-to-date symlink: /home/pro/Mars_Rover/install/serial_motor_demo_msgs/share/ament_index/resource_index/package_run_dependencies/serial_motor_demo_msgs
[1.796s] -- Up-to-date symlink: /home/pro/Mars_Rover/install/serial_motor_demo_msgs/share/ament_index/resource_index/parent_prefix_path/serial_motor_demo_msgs
[1.798s] -- Up-to-date symlink: /home/pro/Mars_Rover/install/serial_motor_demo_msgs/share/serial_motor_demo_msgs/environment/ament_prefix_path.sh
[1.799s] -- Up-to-date symlink: /home/pro/Mars_Rover/install/serial_motor_demo_msgs/share/serial_motor_demo_msgs/environment/ament_prefix_path.dsv
[1.800s] -- Up-to-date symlink: /home/pro/Mars_Rover/install/serial_motor_demo_msgs/share/serial_motor_demo_msgs/environment/path.sh
[1.802s] -- Up-to-date symlink: /home/pro/Mars_Rover/install/serial_motor_demo_msgs/share/serial_motor_demo_msgs/environment/path.dsv
[1.803s] -- Up-to-date symlink: /home/pro/Mars_Rover/install/serial_motor_demo_msgs/share/serial_motor_demo_msgs/local_setup.bash
[1.804s] -- Up-to-date symlink: /home/pro/Mars_Rover/install/serial_motor_demo_msgs/share/serial_motor_demo_msgs/local_setup.sh
[1.806s] -- Up-to-date symlink: /home/pro/Mars_Rover/install/serial_motor_demo_msgs/share/serial_motor_demo_msgs/local_setup.zsh
[1.807s] -- Up-to-date symlink: /home/pro/Mars_Rover/install/serial_motor_demo_msgs/share/serial_motor_demo_msgs/local_setup.dsv
[1.808s] -- Symlinking: /home/pro/Mars_Rover/install/serial_motor_demo_msgs/share/serial_motor_demo_msgs/package.dsv
[1.842s] -- Up-to-date symlink: /home/pro/Mars_Rover/install/serial_motor_demo_msgs/share/ament_index/resource_index/packages/serial_motor_demo_msgs
[1.843s] -- Up-to-date symlink: /home/pro/Mars_Rover/install/serial_motor_demo_msgs/share/serial_motor_demo_msgs/cmake/rosidl_cmake-extras.cmake
[1.845s] -- Up-to-date symlink: /home/pro/Mars_Rover/install/serial_motor_demo_msgs/share/serial_motor_demo_msgs/cmake/ament_cmake_export_dependencies-extras.cmake
[1.847s] -- Up-to-date symlink: /home/pro/Mars_Rover/install/serial_motor_demo_msgs/share/serial_motor_demo_msgs/cmake/ament_cmake_export_libraries-extras.cmake
[1.848s] -- Up-to-date symlink: /home/pro/Mars_Rover/install/serial_motor_demo_msgs/share/serial_motor_demo_msgs/cmake/ament_cmake_export_targets-extras.cmake
[1.849s] -- Up-to-date symlink: /home/pro/Mars_Rover/install/serial_motor_demo_msgs/share/serial_motor_demo_msgs/cmake/ament_cmake_export_include_directories-extras.cmake
[1.851s] -- Up-to-date symlink: /home/pro/Mars_Rover/install/serial_motor_demo_msgs/share/serial_motor_demo_msgs/cmake/rosidl_cmake_export_typesupport_libraries-extras.cmake
[1.852s] -- Up-to-date symlink: /home/pro/Mars_Rover/install/serial_motor_demo_msgs/share/serial_motor_demo_msgs/cmake/rosidl_cmake_export_typesupport_targets-extras.cmake
[1.853s] -- Up-to-date symlink: /home/pro/Mars_Rover/install/serial_motor_demo_msgs/share/serial_motor_demo_msgs/cmake/serial_motor_demo_msgsConfig.cmake
[1.854s] -- Up-to-date symlink: /home/pro/Mars_Rover/install/serial_motor_demo_msgs/share/serial_motor_demo_msgs/cmake/serial_motor_demo_msgsConfig-version.cmake
[1.856s] -- Up-to-date symlink: /home/pro/Mars_Rover/install/serial_motor_demo_msgs/share/serial_motor_demo_msgs/package.xml
[1.857s] -- Up-to-date: /home/pro/Mars_Rover/install/serial_motor_demo_msgs/lib/libserial_motor_demo_msgs__rosidl_generator_c.so
[1.859s] -- Up-to-date: /home/pro/Mars_Rover/install/serial_motor_demo_msgs/lib/libserial_motor_demo_msgs__rosidl_typesupport_introspection_c.so
[1.861s] -- Up-to-date: /home/pro/Mars_Rover/install/serial_motor_demo_msgs/lib/libserial_motor_demo_msgs__rosidl_typesupport_c.so
[1.863s] -- Up-to-date: /home/pro/Mars_Rover/install/serial_motor_demo_msgs/lib/libserial_motor_demo_msgs__rosidl_typesupport_introspection_cpp.so
[1.865s] -- Up-to-date: /home/pro/Mars_Rover/install/serial_motor_demo_msgs/lib/libserial_motor_demo_msgs__rosidl_typesupport_cpp.so
[2.035s] -- Up-to-date: /home/pro/Mars_Rover/install/serial_motor_demo_msgs/share/serial_motor_demo_msgs/cmake/serial_motor_demo_msgs__rosidl_generator_cExport.cmake
[2.036s] -- Up-to-date: /home/pro/Mars_Rover/install/serial_motor_demo_msgs/share/serial_motor_demo_msgs/cmake/serial_motor_demo_msgs__rosidl_generator_cExport-noconfig.cmake
[2.036s] -- Up-to-date: /home/pro/Mars_Rover/install/serial_motor_demo_msgs/share/serial_motor_demo_msgs/cmake/serial_motor_demo_msgs__rosidl_typesupport_introspection_cExport.cmake
[2.037s] -- Up-to-date: /home/pro/Mars_Rover/install/serial_motor_demo_msgs/share/serial_motor_demo_msgs/cmake/serial_motor_demo_msgs__rosidl_typesupport_introspection_cExport-noconfig.cmake
[2.038s] -- Up-to-date: /home/pro/Mars_Rover/install/serial_motor_demo_msgs/share/serial_motor_demo_msgs/cmake/serial_motor_demo_msgs__rosidl_typesupport_cExport.cmake
[2.039s] -- Up-to-date: /home/pro/Mars_Rover/install/serial_motor_demo_msgs/share/serial_motor_demo_msgs/cmake/serial_motor_demo_msgs__rosidl_typesupport_cExport-noconfig.cmake
[2.039s] -- Up-to-date: /home/pro/Mars_Rover/install/serial_motor_demo_msgs/share/serial_motor_demo_msgs/cmake/serial_motor_demo_msgs__rosidl_generator_cppExport.cmake
[2.041s] -- Up-to-date: /home/pro/Mars_Rover/install/serial_motor_demo_msgs/share/serial_motor_demo_msgs/cmake/serial_motor_demo_msgs__rosidl_typesupport_introspection_cppExport.cmake
[2.041s] -- Up-to-date: /home/pro/Mars_Rover/install/serial_motor_demo_msgs/share/serial_motor_demo_msgs/cmake/serial_motor_demo_msgs__rosidl_typesupport_introspection_cppExport-noconfig.cmake
[2.042s] -- Up-to-date: /home/pro/Mars_Rover/install/serial_motor_demo_msgs/share/serial_motor_demo_msgs/cmake/serial_motor_demo_msgs__rosidl_typesupport_cppExport.cmake
[2.043s] -- Up-to-date: /home/pro/Mars_Rover/install/serial_motor_demo_msgs/share/serial_motor_demo_msgs/cmake/serial_motor_demo_msgs__rosidl_typesupport_cppExport-noconfig.cmake
[2.050s] Invoked command in '/home/pro/Mars_Rover/build/serial_motor_demo_msgs' returned '0': CMAKE_PREFIX_PATH=${CMAKE_PREFIX_PATH}:/home/pro/Mars_Rover/install/serial_motor_demo:/home/pro/install/serial_motor_demo:/opt/ros/foxy /usr/bin/cmake --install /home/pro/Mars_Rover/build/serial_motor_demo_msgs
