[2.503s] Invoking command in '/home/pro/Mars_Rover/build/serial_motor_demo': PYTHONPATH=/home/pro/Mars_Rover/build/serial_motor_demo/prefix_override:/home/pro/Mars_Rover/install/serial_motor_demo/lib/python3.8/site-packages:/home/pro/Mars_Rover/install/serial_motor_demo_msgs/lib/python3.8/site-packages:/home/pro/Mars_Rover/build/serial_motor_demo:/home/pro/Mars_Rover/install/serial_motor_demo/lib/python3.8/site-packages:/home/pro/build/serial_motor_demo:/home/pro/install/serial_motor_demo/lib/python3.8/site-packages:/home/pro/install/serial_motor_demo_msgs/lib/python3.8/site-packages:/opt/ros/foxy/lib/python3.8/site-packages /usr/bin/python3 -W ignore:setup.py install is deprecated setup.py develop --editable --build-directory /home/pro/Mars_Rover/build/serial_motor_demo/build --no-deps symlink_data
[3.472s] running develop
[4.019s] running egg_info
[4.019s] writing serial_motor_demo.egg-info/PKG-INFO
[4.020s] writing dependency_links to serial_motor_demo.egg-info/dependency_links.txt
[4.021s] writing entry points to serial_motor_demo.egg-info/entry_points.txt
[4.022s] writing requirements to serial_motor_demo.egg-info/requires.txt
[4.022s] writing top-level names to serial_motor_demo.egg-info/top_level.txt
[4.147s] reading manifest file 'serial_motor_demo.egg-info/SOURCES.txt'
[4.150s] writing manifest file 'serial_motor_demo.egg-info/SOURCES.txt'
[4.297s] running build_ext
[4.299s] Creating /home/pro/Mars_Rover/install/serial_motor_demo/lib/python3.8/site-packages/serial-motor-demo.egg-link (link to .)
[4.302s] Installing driver script to /home/pro/Mars_Rover/install/serial_motor_demo/lib/serial_motor_demo
[4.303s] Installing gui script to /home/pro/Mars_Rover/install/serial_motor_demo/lib/serial_motor_demo
[4.304s] Installing obstacle_avoid_sonar script to /home/pro/Mars_Rover/install/serial_motor_demo/lib/serial_motor_demo
[4.304s] Installing sonar script to /home/pro/Mars_Rover/install/serial_motor_demo/lib/serial_motor_demo
[4.305s] Installing sonar_array script to /home/pro/Mars_Rover/install/serial_motor_demo/lib/serial_motor_demo
[4.306s] 
[4.307s] Installed /home/pro/Mars_Rover/build/serial_motor_demo
[4.307s] running symlink_data
[4.426s] Invoked command in '/home/pro/Mars_Rover/build/serial_motor_demo' returned '0': PYTHONPATH=/home/pro/Mars_Rover/build/serial_motor_demo/prefix_override:/home/pro/Mars_Rover/install/serial_motor_demo/lib/python3.8/site-packages:/home/pro/Mars_Rover/install/serial_motor_demo_msgs/lib/python3.8/site-packages:/home/pro/Mars_Rover/build/serial_motor_demo:/home/pro/Mars_Rover/install/serial_motor_demo/lib/python3.8/site-packages:/home/pro/build/serial_motor_demo:/home/pro/install/serial_motor_demo/lib/python3.8/site-packages:/home/pro/install/serial_motor_demo_msgs/lib/python3.8/site-packages:/opt/ros/foxy/lib/python3.8/site-packages /usr/bin/python3 -W ignore:setup.py install is deprecated setup.py develop --editable --build-directory /home/pro/Mars_Rover/build/serial_motor_demo/build --no-deps symlink_data
