[2.440s] Invoking command in '/home/pro/Mars_Rover/build/serial_motor_demo': PYTHONPATH=/home/pro/Mars_Rover/build/serial_motor_demo/prefix_override:/home/pro/Mars_Rover/install/serial_motor_demo/lib/python3.8/site-packages:/home/pro/Mars_Rover/install/serial_motor_demo_msgs/lib/python3.8/site-packages:/home/pro/Mars_Rover/build/serial_motor_demo:/home/pro/Mars_Rover/install/serial_motor_demo/lib/python3.8/site-packages:/opt/ros/foxy/lib/python3.8/site-packages /usr/bin/python3 -W ignore:setup.py install is deprecated setup.py develop --editable --build-directory /home/pro/Mars_Rover/build/serial_motor_demo/build --no-deps symlink_data
[3.369s] running develop
[3.872s] running egg_info
[3.873s] writing serial_motor_demo.egg-info/PKG-INFO
[3.874s] writing dependency_links to serial_motor_demo.egg-info/dependency_links.txt
[3.875s] writing entry points to serial_motor_demo.egg-info/entry_points.txt
[3.875s] writing requirements to serial_motor_demo.egg-info/requires.txt
[3.876s] writing top-level names to serial_motor_demo.egg-info/top_level.txt
[3.999s] reading manifest file 'serial_motor_demo.egg-info/SOURCES.txt'
[4.002s] writing manifest file 'serial_motor_demo.egg-info/SOURCES.txt'
[4.147s] running build_ext
[4.148s] Creating /home/pro/Mars_Rover/install/serial_motor_demo/lib/python3.8/site-packages/serial-motor-demo.egg-link (link to .)
[4.152s] Installing driver script to /home/pro/Mars_Rover/install/serial_motor_demo/lib/serial_motor_demo
[4.153s] Installing gui script to /home/pro/Mars_Rover/install/serial_motor_demo/lib/serial_motor_demo
[4.154s] Installing obstacle_avoid_sonar script to /home/pro/Mars_Rover/install/serial_motor_demo/lib/serial_motor_demo
[4.155s] Installing sonar script to /home/pro/Mars_Rover/install/serial_motor_demo/lib/serial_motor_demo
[4.156s] Installing sonar_array script to /home/pro/Mars_Rover/install/serial_motor_demo/lib/serial_motor_demo
[4.158s] 
[4.158s] Installed /home/pro/Mars_Rover/build/serial_motor_demo
[4.158s] running symlink_data
[4.277s] Invoked command in '/home/pro/Mars_Rover/build/serial_motor_demo' returned '0': PYTHONPATH=/home/pro/Mars_Rover/build/serial_motor_demo/prefix_override:/home/pro/Mars_Rover/install/serial_motor_demo/lib/python3.8/site-packages:/home/pro/Mars_Rover/install/serial_motor_demo_msgs/lib/python3.8/site-packages:/home/pro/Mars_Rover/build/serial_motor_demo:/home/pro/Mars_Rover/install/serial_motor_demo/lib/python3.8/site-packages:/opt/ros/foxy/lib/python3.8/site-packages /usr/bin/python3 -W ignore:setup.py install is deprecated setup.py develop --editable --build-directory /home/pro/Mars_Rover/build/serial_motor_demo/build --no-deps symlink_data
