[2.549s] Invoking command in '/home/pro/Mars_Rover/build/serial_motor_demo': AMENT_PREFIX_PATH=/home/pro/Mars_Rover/install/serial_motor_demo_msgs:${AMENT_PREFIX_PATH} CMAKE_PREFIX_PATH=/home/pro/Mars_Rover/install/serial_motor_demo_msgs LD_LIBRARY_PATH=/home/pro/Mars_Rover/install/serial_motor_demo_msgs/lib:${LD_LIBRARY_PATH} PYTHONPATH=/home/pro/Mars_Rover/build/serial_motor_demo/prefix_override:/home/pro/Mars_Rover/install/serial_motor_demo/lib/python3.8/site-packages:/home/pro/Mars_Rover/install/serial_motor_demo_msgs/lib/python3.8/site-packages:${PYTHONPATH} /usr/bin/python3 -W ignore:setup.py install is deprecated setup.py develop --editable --build-directory /home/pro/Mars_Rover/build/serial_motor_demo/build --no-deps symlink_data
[3.519s] running develop
[4.054s] running egg_info
[4.058s] writing serial_motor_demo.egg-info/PKG-INFO
[4.060s] writing dependency_links to serial_motor_demo.egg-info/dependency_links.txt
[4.060s] writing entry points to serial_motor_demo.egg-info/entry_points.txt
[4.061s] writing requirements to serial_motor_demo.egg-info/requires.txt
[4.061s] writing top-level names to serial_motor_demo.egg-info/top_level.txt
[4.185s] reading manifest file 'serial_motor_demo.egg-info/SOURCES.txt'
[4.189s] writing manifest file 'serial_motor_demo.egg-info/SOURCES.txt'
[4.341s] running build_ext
[4.342s] Creating /home/pro/Mars_Rover/install/serial_motor_demo/lib/python3.8/site-packages/serial-motor-demo.egg-link (link to .)
[4.346s] Installing driver script to /home/pro/Mars_Rover/install/serial_motor_demo/lib/serial_motor_demo
[4.351s] Installing gui script to /home/pro/Mars_Rover/install/serial_motor_demo/lib/serial_motor_demo
[4.352s] Installing obstacle_avoid_sonar script to /home/pro/Mars_Rover/install/serial_motor_demo/lib/serial_motor_demo
[4.353s] Installing sonar script to /home/pro/Mars_Rover/install/serial_motor_demo/lib/serial_motor_demo
[4.356s] Installing sonar_array script to /home/pro/Mars_Rover/install/serial_motor_demo/lib/serial_motor_demo
[4.357s] 
[4.359s] Installed /home/pro/Mars_Rover/build/serial_motor_demo
[4.363s] running symlink_data
[4.476s] Invoked command in '/home/pro/Mars_Rover/build/serial_motor_demo' returned '0': AMENT_PREFIX_PATH=/home/pro/Mars_Rover/install/serial_motor_demo_msgs:${AMENT_PREFIX_PATH} CMAKE_PREFIX_PATH=/home/pro/Mars_Rover/install/serial_motor_demo_msgs LD_LIBRARY_PATH=/home/pro/Mars_Rover/install/serial_motor_demo_msgs/lib:${LD_LIBRARY_PATH} PYTHONPATH=/home/pro/Mars_Rover/build/serial_motor_demo/prefix_override:/home/pro/Mars_Rover/install/serial_motor_demo/lib/python3.8/site-packages:/home/pro/Mars_Rover/install/serial_motor_demo_msgs/lib/python3.8/site-packages:${PYTHONPATH} /usr/bin/python3 -W ignore:setup.py install is deprecated setup.py develop --editable --build-directory /home/pro/Mars_Rover/build/serial_motor_demo/build --no-deps symlink_data
