[0.052s] Invoking command in '/home/pro/Mars_Rover/build/serial_motor_demo_msgs': CMAKE_PREFIX_PATH=${CMAKE_PREFIX_PATH}:/home/pro/Mars_Rover/install/serial_motor_demo:/opt/ros/foxy /usr/bin/cmake --build /home/pro/Mars_Rover/build/serial_motor_demo_msgs -- -j4 -l4
[0.278s] [  1%] Built target serial_motor_demo_msgs__cpp
[0.287s] [ 12%] Built target serial_motor_demo_msgs__rosidl_generator_c
[0.395s] [ 23%] Built target serial_motor_demo_msgs__rosidl_typesupport_introspection_c
[0.403s] [ 34%] Built target serial_motor_demo_msgs__rosidl_typesupport_cpp
[0.419s] [ 45%] Built target serial_motor_demo_msgs__rosidl_typesupport_introspection_cpp
[0.440s] [ 56%] Built target serial_motor_demo_msgs__rosidl_typesupport_fastrtps_cpp
[0.506s] [ 67%] Built target serial_motor_demo_msgs__rosidl_typesupport_c
[0.569s] [ 78%] Built target serial_motor_demo_msgs__rosidl_typesupport_fastrtps_c
[0.648s] [ 78%] Built target serial_motor_demo_msgs
[0.729s] [ 80%] Built target serial_motor_demo_msgs__py
[0.856s] [ 89%] Built target serial_motor_demo_msgs__python
[1.000s] [ 92%] Built target serial_motor_demo_msgs__rosidl_typesupport_c__pyext
[1.005s] [ 96%] Built target serial_motor_demo_msgs__rosidl_typesupport_fastrtps_c__pyext
[1.007s] [100%] Built target serial_motor_demo_msgs__rosidl_typesupport_introspection_c__pyext
[1.050s] Invoked command in '/home/pro/Mars_Rover/build/serial_motor_demo_msgs' returned '0': CMAKE_PREFIX_PATH=${CMAKE_PREFIX_PATH}:/home/pro/Mars_Rover/install/serial_motor_demo:/opt/ros/foxy /usr/bin/cmake --build /home/pro/Mars_Rover/build/serial_motor_demo_msgs -- -j4 -l4
[1.569s] Invoking command in '/home/pro/Mars_Rover/build/serial_motor_demo_msgs': CMAKE_PREFIX_PATH=${CMAKE_PREFIX_PATH}:/home/pro/Mars_Rover/install/serial_motor_demo:/opt/ros/foxy /usr/bin/cmake --install /home/pro/Mars_Rover/build/serial_motor_demo_msgs
[1.600s] -- Install configuration: ""
[1.602s] -- Execute custom install script
[1.604s] -- Up-to-date symlink: /home/pro/Mars_Rover/install/serial_motor_demo_msgs/share/ament_index/resource_index/rosidl_interfaces/serial_motor_demo_msgs
[1.608s] -- Up-to-date symlink: /home/pro/Mars_Rover/install/serial_motor_demo_msgs/include/serial_motor_demo_msgs/msg/detail/encoder_vals__functions.h
[1.609s] -- Up-to-date symlink: /home/pro/Mars_Rover/install/serial_motor_demo_msgs/include/serial_motor_demo_msgs/msg/detail/encoder_vals__struct.h
[1.610s] -- Up-to-date symlink: /home/pro/Mars_Rover/install/serial_motor_demo_msgs/include/serial_motor_demo_msgs/msg/detail/encoder_vals__type_support.h
[1.612s] -- Up-to-date symlink: /home/pro/Mars_Rover/install/serial_motor_demo_msgs/include/serial_motor_demo_msgs/msg/detail/motor_command__functions.h
[1.613s] -- Up-to-date symlink: /home/pro/Mars_Rover/install/serial_motor_demo_msgs/include/serial_motor_demo_msgs/msg/detail/motor_command__struct.h
[1.614s] -- Up-to-date symlink: /home/pro/Mars_Rover/install/serial_motor_demo_msgs/include/serial_motor_demo_msgs/msg/detail/motor_command__type_support.h
[1.615s] -- Up-to-date symlink: /home/pro/Mars_Rover/install/serial_motor_demo_msgs/include/serial_motor_demo_msgs/msg/detail/motor_vels__functions.h
[1.616s] -- Up-to-date symlink: /home/pro/Mars_Rover/install/serial_motor_demo_msgs/include/serial_motor_demo_msgs/msg/detail/motor_vels__struct.h
[1.617s] -- Up-to-date symlink: /home/pro/Mars_Rover/install/serial_motor_demo_msgs/include/serial_motor_demo_msgs/msg/detail/motor_vels__type_support.h
[1.618s] -- Up-to-date symlink: /home/pro/Mars_Rover/install/serial_motor_demo_msgs/include/serial_motor_demo_msgs/msg/detail/steering_command__functions.h
[1.619s] -- Up-to-date symlink: /home/pro/Mars_Rover/install/serial_motor_demo_msgs/include/serial_motor_demo_msgs/msg/detail/steering_command__struct.h
[1.620s] -- Up-to-date symlink: /home/pro/Mars_Rover/install/serial_motor_demo_msgs/include/serial_motor_demo_msgs/msg/detail/steering_command__type_support.h
[1.621s] -- Up-to-date symlink: /home/pro/Mars_Rover/install/serial_motor_demo_msgs/include/serial_motor_demo_msgs/msg/encoder_vals.h
[1.622s] -- Up-to-date symlink: /home/pro/Mars_Rover/install/serial_motor_demo_msgs/include/serial_motor_demo_msgs/msg/motor_command.h
[1.623s] -- Up-to-date symlink: /home/pro/Mars_Rover/install/serial_motor_demo_msgs/include/serial_motor_demo_msgs/msg/motor_vels.h
[1.624s] -- Up-to-date symlink: /home/pro/Mars_Rover/install/serial_motor_demo_msgs/include/serial_motor_demo_msgs/msg/rosidl_generator_c__visibility_control.h
[1.625s] -- Up-to-date symlink: /home/pro/Mars_Rover/install/serial_motor_demo_msgs/include/serial_motor_demo_msgs/msg/steering_command.h
[1.627s] -- Up-to-date symlink: /home/pro/Mars_Rover/install/serial_motor_demo_msgs/share/serial_motor_demo_msgs/environment/library_path.sh
[1.629s] -- Up-to-date symlink: /home/pro/Mars_Rover/install/serial_motor_demo_msgs/share/serial_motor_demo_msgs/environment/library_path.dsv
[1.633s] -- Up-to-date symlink: /home/pro/Mars_Rover/install/serial_motor_demo_msgs/include/serial_motor_demo_msgs/msg/detail/encoder_vals__rosidl_typesupport_fastrtps_c.h
[1.634s] -- Up-to-date symlink: /home/pro/Mars_Rover/install/serial_motor_demo_msgs/include/serial_motor_demo_msgs/msg/detail/motor_command__rosidl_typesupport_fastrtps_c.h
[1.635s] -- Up-to-date symlink: /home/pro/Mars_Rover/install/serial_motor_demo_msgs/include/serial_motor_demo_msgs/msg/detail/motor_vels__rosidl_typesupport_fastrtps_c.h
[1.636s] -- Up-to-date symlink: /home/pro/Mars_Rover/install/serial_motor_demo_msgs/include/serial_motor_demo_msgs/msg/detail/steering_command__rosidl_typesupport_fastrtps_c.h
[1.637s] -- Up-to-date symlink: /home/pro/Mars_Rover/install/serial_motor_demo_msgs/include/serial_motor_demo_msgs/msg/rosidl_typesupport_fastrtps_c__visibility_control.h
[1.639s] -- Up-to-date symlink: /home/pro/Mars_Rover/install/serial_motor_demo_msgs/lib/libserial_motor_demo_msgs__rosidl_typesupport_fastrtps_c.so
[1.643s] -- Up-to-date symlink: /home/pro/Mars_Rover/install/serial_motor_demo_msgs/include/serial_motor_demo_msgs/msg/detail/encoder_vals__rosidl_typesupport_fastrtps_cpp.hpp
[1.644s] -- Up-to-date symlink: /home/pro/Mars_Rover/install/serial_motor_demo_msgs/include/serial_motor_demo_msgs/msg/detail/motor_command__rosidl_typesupport_fastrtps_cpp.hpp
[1.645s] -- Up-to-date symlink: /home/pro/Mars_Rover/install/serial_motor_demo_msgs/include/serial_motor_demo_msgs/msg/detail/motor_vels__rosidl_typesupport_fastrtps_cpp.hpp
[1.646s] -- Up-to-date symlink: /home/pro/Mars_Rover/install/serial_motor_demo_msgs/include/serial_motor_demo_msgs/msg/detail/steering_command__rosidl_typesupport_fastrtps_cpp.hpp
[1.647s] -- Up-to-date symlink: /home/pro/Mars_Rover/install/serial_motor_demo_msgs/include/serial_motor_demo_msgs/msg/rosidl_typesupport_fastrtps_cpp__visibility_control.h
[1.649s] -- Up-to-date symlink: /home/pro/Mars_Rover/install/serial_motor_demo_msgs/lib/libserial_motor_demo_msgs__rosidl_typesupport_fastrtps_cpp.so
[1.652s] -- Up-to-date symlink: /home/pro/Mars_Rover/install/serial_motor_demo_msgs/include/serial_motor_demo_msgs/msg/detail/encoder_vals__rosidl_typesupport_introspection_c.h
[1.653s] -- Up-to-date symlink: /home/pro/Mars_Rover/install/serial_motor_demo_msgs/include/serial_motor_demo_msgs/msg/detail/motor_command__rosidl_typesupport_introspection_c.h
[1.655s] -- Up-to-date symlink: /home/pro/Mars_Rover/install/serial_motor_demo_msgs/include/serial_motor_demo_msgs/msg/detail/motor_vels__rosidl_typesupport_introspection_c.h
[1.656s] -- Up-to-date symlink: /home/pro/Mars_Rover/install/serial_motor_demo_msgs/include/serial_motor_demo_msgs/msg/detail/steering_command__rosidl_typesupport_introspection_c.h
[1.657s] -- Up-to-date symlink: /home/pro/Mars_Rover/install/serial_motor_demo_msgs/include/serial_motor_demo_msgs/msg/rosidl_typesupport_introspection_c__visibility_control.h
[1.661s] -- Up-to-date symlink: /home/pro/Mars_Rover/install/serial_motor_demo_msgs/include/serial_motor_demo_msgs/msg/detail/encoder_vals__builder.hpp
[1.662s] -- Up-to-date symlink: /home/pro/Mars_Rover/install/serial_motor_demo_msgs/include/serial_motor_demo_msgs/msg/detail/encoder_vals__struct.hpp
[1.663s] -- Up-to-date symlink: /home/pro/Mars_Rover/install/serial_motor_demo_msgs/include/serial_motor_demo_msgs/msg/detail/encoder_vals__traits.hpp
[1.664s] -- Up-to-date symlink: /home/pro/Mars_Rover/install/serial_motor_demo_msgs/include/serial_motor_demo_msgs/msg/detail/encoder_vals__type_support.hpp
[1.665s] -- Up-to-date symlink: /home/pro/Mars_Rover/install/serial_motor_demo_msgs/include/serial_motor_demo_msgs/msg/detail/motor_command__builder.hpp
[1.666s] -- Up-to-date symlink: /home/pro/Mars_Rover/install/serial_motor_demo_msgs/include/serial_motor_demo_msgs/msg/detail/motor_command__struct.hpp
[1.667s] -- Up-to-date symlink: /home/pro/Mars_Rover/install/serial_motor_demo_msgs/include/serial_motor_demo_msgs/msg/detail/motor_command__traits.hpp
[1.668s] -- Up-to-date symlink: /home/pro/Mars_Rover/install/serial_motor_demo_msgs/include/serial_motor_demo_msgs/msg/detail/motor_command__type_support.hpp
[1.669s] -- Up-to-date symlink: /home/pro/Mars_Rover/install/serial_motor_demo_msgs/include/serial_motor_demo_msgs/msg/detail/motor_vels__builder.hpp
[1.670s] -- Up-to-date symlink: /home/pro/Mars_Rover/install/serial_motor_demo_msgs/include/serial_motor_demo_msgs/msg/detail/motor_vels__struct.hpp
[1.671s] -- Up-to-date symlink: /home/pro/Mars_Rover/install/serial_motor_demo_msgs/include/serial_motor_demo_msgs/msg/detail/motor_vels__traits.hpp
[1.673s] -- Up-to-date symlink: /home/pro/Mars_Rover/install/serial_motor_demo_msgs/include/serial_motor_demo_msgs/msg/detail/motor_vels__type_support.hpp
[1.674s] -- Up-to-date symlink: /home/pro/Mars_Rover/install/serial_motor_demo_msgs/include/serial_motor_demo_msgs/msg/detail/steering_command__builder.hpp
[1.675s] -- Up-to-date symlink: /home/pro/Mars_Rover/install/serial_motor_demo_msgs/include/serial_motor_demo_msgs/msg/detail/steering_command__struct.hpp
[1.676s] -- Up-to-date symlink: /home/pro/Mars_Rover/install/serial_motor_demo_msgs/include/serial_motor_demo_msgs/msg/detail/steering_command__traits.hpp
[1.677s] -- Up-to-date symlink: /home/pro/Mars_Rover/install/serial_motor_demo_msgs/include/serial_motor_demo_msgs/msg/detail/steering_command__type_support.hpp
[1.678s] -- Up-to-date symlink: /home/pro/Mars_Rover/install/serial_motor_demo_msgs/include/serial_motor_demo_msgs/msg/encoder_vals.hpp
[1.679s] -- Up-to-date symlink: /home/pro/Mars_Rover/install/serial_motor_demo_msgs/include/serial_motor_demo_msgs/msg/motor_command.hpp
[1.680s] -- Up-to-date symlink: /home/pro/Mars_Rover/install/serial_motor_demo_msgs/include/serial_motor_demo_msgs/msg/motor_vels.hpp
[1.681s] -- Up-to-date symlink: /home/pro/Mars_Rover/install/serial_motor_demo_msgs/include/serial_motor_demo_msgs/msg/rosidl_generator_cpp__visibility_control.hpp
[1.682s] -- Up-to-date symlink: /home/pro/Mars_Rover/install/serial_motor_demo_msgs/include/serial_motor_demo_msgs/msg/steering_command.hpp
[1.685s] -- Up-to-date symlink: /home/pro/Mars_Rover/install/serial_motor_demo_msgs/include/serial_motor_demo_msgs/msg/detail/encoder_vals__rosidl_typesupport_introspection_cpp.hpp
[1.686s] -- Up-to-date symlink: /home/pro/Mars_Rover/install/serial_motor_demo_msgs/include/serial_motor_demo_msgs/msg/detail/motor_command__rosidl_typesupport_introspection_cpp.hpp
[1.688s] -- Up-to-date symlink: /home/pro/Mars_Rover/install/serial_motor_demo_msgs/include/serial_motor_demo_msgs/msg/detail/motor_vels__rosidl_typesupport_introspection_cpp.hpp
[1.689s] -- Up-to-date symlink: /home/pro/Mars_Rover/install/serial_motor_demo_msgs/include/serial_motor_demo_msgs/msg/detail/steering_command__rosidl_typesupport_introspection_cpp.hpp
[1.690s] -- Up-to-date symlink: /home/pro/Mars_Rover/install/serial_motor_demo_msgs/share/serial_motor_demo_msgs/environment/pythonpath.sh
[1.692s] -- Up-to-date symlink: /home/pro/Mars_Rover/install/serial_motor_demo_msgs/share/serial_motor_demo_msgs/environment/pythonpath.dsv
[1.693s] -- Up-to-date symlink: /home/pro/Mars_Rover/install/serial_motor_demo_msgs/lib/python3.8/site-packages/serial_motor_demo_msgs/__init__.py
[1.696s] -- Up-to-date symlink: /home/pro/Mars_Rover/install/serial_motor_demo_msgs/lib/python3.8/site-packages/serial_motor_demo_msgs/msg/__init__.py
[1.697s] -- Up-to-date symlink: /home/pro/Mars_Rover/install/serial_motor_demo_msgs/lib/python3.8/site-packages/serial_motor_demo_msgs/msg/_encoder_vals.py
[1.698s] -- Up-to-date symlink: /home/pro/Mars_Rover/install/serial_motor_demo_msgs/lib/python3.8/site-packages/serial_motor_demo_msgs/msg/_motor_command.py
[1.699s] -- Up-to-date symlink: /home/pro/Mars_Rover/install/serial_motor_demo_msgs/lib/python3.8/site-packages/serial_motor_demo_msgs/msg/_motor_vels.py
[1.700s] -- Up-to-date symlink: /home/pro/Mars_Rover/install/serial_motor_demo_msgs/lib/python3.8/site-packages/serial_motor_demo_msgs/msg/_steering_command.py
[1.702s] -- Up-to-date symlink: /home/pro/Mars_Rover/install/serial_motor_demo_msgs/lib/python3.8/site-packages/serial_motor_demo_msgs/serial_motor_demo_msgs_s__rosidl_typesupport_fastrtps_c.cpython-38-aarch64-linux-gnu.so
[1.704s] -- Up-to-date symlink: /home/pro/Mars_Rover/install/serial_motor_demo_msgs/lib/python3.8/site-packages/serial_motor_demo_msgs/serial_motor_demo_msgs_s__rosidl_typesupport_introspection_c.cpython-38-aarch64-linux-gnu.so
[1.706s] -- Up-to-date symlink: /home/pro/Mars_Rover/install/serial_motor_demo_msgs/lib/python3.8/site-packages/serial_motor_demo_msgs/serial_motor_demo_msgs_s__rosidl_typesupport_c.cpython-38-aarch64-linux-gnu.so
[1.708s] -- Up-to-date symlink: /home/pro/Mars_Rover/install/serial_motor_demo_msgs/lib/libserial_motor_demo_msgs__python.so
[1.709s] -- Up-to-date symlink: /home/pro/Mars_Rover/install/serial_motor_demo_msgs/share/serial_motor_demo_msgs/msg/MotorCommand.idl
[1.711s] -- Up-to-date symlink: /home/pro/Mars_Rover/install/serial_motor_demo_msgs/share/serial_motor_demo_msgs/msg/MotorVels.idl
[1.712s] -- Up-to-date symlink: /home/pro/Mars_Rover/install/serial_motor_demo_msgs/share/serial_motor_demo_msgs/msg/EncoderVals.idl
[1.714s] -- Up-to-date symlink: /home/pro/Mars_Rover/install/serial_motor_demo_msgs/share/serial_motor_demo_msgs/msg/SteeringCommand.idl
[1.715s] -- Up-to-date symlink: /home/pro/Mars_Rover/install/serial_motor_demo_msgs/share/serial_motor_demo_msgs/msg/MotorCommand.msg
[1.716s] -- Up-to-date symlink: /home/pro/Mars_Rover/install/serial_motor_demo_msgs/share/serial_motor_demo_msgs/msg/MotorVels.msg
[1.718s] -- Up-to-date symlink: /home/pro/Mars_Rover/install/serial_motor_demo_msgs/share/serial_motor_demo_msgs/msg/EncoderVals.msg
[1.719s] -- Up-to-date symlink: /home/pro/Mars_Rover/install/serial_motor_demo_msgs/share/serial_motor_demo_msgs/msg/SteeringCommand.msg
[1.720s] -- Up-to-date symlink: /home/pro/Mars_Rover/install/serial_motor_demo_msgs/share/ament_index/resource_index/package_run_dependencies/serial_motor_demo_msgs
[1.722s] -- Up-to-date symlink: /home/pro/Mars_Rover/install/serial_motor_demo_msgs/share/ament_index/resource_index/parent_prefix_path/serial_motor_demo_msgs
[1.723s] -- Up-to-date symlink: /home/pro/Mars_Rover/install/serial_motor_demo_msgs/share/serial_motor_demo_msgs/environment/ament_prefix_path.sh
[1.725s] -- Up-to-date symlink: /home/pro/Mars_Rover/install/serial_motor_demo_msgs/share/serial_motor_demo_msgs/environment/ament_prefix_path.dsv
[1.726s] -- Up-to-date symlink: /home/pro/Mars_Rover/install/serial_motor_demo_msgs/share/serial_motor_demo_msgs/environment/path.sh
[1.728s] -- Up-to-date symlink: /home/pro/Mars_Rover/install/serial_motor_demo_msgs/share/serial_motor_demo_msgs/environment/path.dsv
[1.729s] -- Up-to-date symlink: /home/pro/Mars_Rover/install/serial_motor_demo_msgs/share/serial_motor_demo_msgs/local_setup.bash
[1.730s] -- Up-to-date symlink: /home/pro/Mars_Rover/install/serial_motor_demo_msgs/share/serial_motor_demo_msgs/local_setup.sh
[1.731s] -- Up-to-date symlink: /home/pro/Mars_Rover/install/serial_motor_demo_msgs/share/serial_motor_demo_msgs/local_setup.zsh
[1.733s] -- Up-to-date symlink: /home/pro/Mars_Rover/install/serial_motor_demo_msgs/share/serial_motor_demo_msgs/local_setup.dsv
[1.734s] -- Symlinking: /home/pro/Mars_Rover/install/serial_motor_demo_msgs/share/serial_motor_demo_msgs/package.dsv
[1.767s] -- Up-to-date symlink: /home/pro/Mars_Rover/install/serial_motor_demo_msgs/share/ament_index/resource_index/packages/serial_motor_demo_msgs
[1.768s] -- Up-to-date symlink: /home/pro/Mars_Rover/install/serial_motor_demo_msgs/share/serial_motor_demo_msgs/cmake/rosidl_cmake-extras.cmake
[1.769s] -- Up-to-date symlink: /home/pro/Mars_Rover/install/serial_motor_demo_msgs/share/serial_motor_demo_msgs/cmake/ament_cmake_export_dependencies-extras.cmake
[1.771s] -- Up-to-date symlink: /home/pro/Mars_Rover/install/serial_motor_demo_msgs/share/serial_motor_demo_msgs/cmake/ament_cmake_export_libraries-extras.cmake
[1.772s] -- Up-to-date symlink: /home/pro/Mars_Rover/install/serial_motor_demo_msgs/share/serial_motor_demo_msgs/cmake/ament_cmake_export_targets-extras.cmake
[1.774s] -- Up-to-date symlink: /home/pro/Mars_Rover/install/serial_motor_demo_msgs/share/serial_motor_demo_msgs/cmake/ament_cmake_export_include_directories-extras.cmake
[1.775s] -- Up-to-date symlink: /home/pro/Mars_Rover/install/serial_motor_demo_msgs/share/serial_motor_demo_msgs/cmake/rosidl_cmake_export_typesupport_libraries-extras.cmake
[1.777s] -- Up-to-date symlink: /home/pro/Mars_Rover/install/serial_motor_demo_msgs/share/serial_motor_demo_msgs/cmake/rosidl_cmake_export_typesupport_targets-extras.cmake
[1.778s] -- Up-to-date symlink: /home/pro/Mars_Rover/install/serial_motor_demo_msgs/share/serial_motor_demo_msgs/cmake/serial_motor_demo_msgsConfig.cmake
[1.779s] -- Up-to-date symlink: /home/pro/Mars_Rover/install/serial_motor_demo_msgs/share/serial_motor_demo_msgs/cmake/serial_motor_demo_msgsConfig-version.cmake
[1.780s] -- Up-to-date symlink: /home/pro/Mars_Rover/install/serial_motor_demo_msgs/share/serial_motor_demo_msgs/package.xml
[1.782s] -- Up-to-date: /home/pro/Mars_Rover/install/serial_motor_demo_msgs/lib/libserial_motor_demo_msgs__rosidl_generator_c.so
[1.784s] -- Up-to-date: /home/pro/Mars_Rover/install/serial_motor_demo_msgs/lib/libserial_motor_demo_msgs__rosidl_typesupport_introspection_c.so
[1.786s] -- Up-to-date: /home/pro/Mars_Rover/install/serial_motor_demo_msgs/lib/libserial_motor_demo_msgs__rosidl_typesupport_c.so
[1.788s] -- Up-to-date: /home/pro/Mars_Rover/install/serial_motor_demo_msgs/lib/libserial_motor_demo_msgs__rosidl_typesupport_introspection_cpp.so
[1.790s] -- Up-to-date: /home/pro/Mars_Rover/install/serial_motor_demo_msgs/lib/libserial_motor_demo_msgs__rosidl_typesupport_cpp.so
[1.939s] -- Up-to-date: /home/pro/Mars_Rover/install/serial_motor_demo_msgs/share/serial_motor_demo_msgs/cmake/serial_motor_demo_msgs__rosidl_generator_cExport.cmake
[1.939s] -- Up-to-date: /home/pro/Mars_Rover/install/serial_motor_demo_msgs/share/serial_motor_demo_msgs/cmake/serial_motor_demo_msgs__rosidl_generator_cExport-noconfig.cmake
[1.940s] -- Up-to-date: /home/pro/Mars_Rover/install/serial_motor_demo_msgs/share/serial_motor_demo_msgs/cmake/serial_motor_demo_msgs__rosidl_typesupport_introspection_cExport.cmake
[1.941s] -- Up-to-date: /home/pro/Mars_Rover/install/serial_motor_demo_msgs/share/serial_motor_demo_msgs/cmake/serial_motor_demo_msgs__rosidl_typesupport_introspection_cExport-noconfig.cmake
[1.942s] -- Up-to-date: /home/pro/Mars_Rover/install/serial_motor_demo_msgs/share/serial_motor_demo_msgs/cmake/serial_motor_demo_msgs__rosidl_typesupport_cExport.cmake
[1.942s] -- Up-to-date: /home/pro/Mars_Rover/install/serial_motor_demo_msgs/share/serial_motor_demo_msgs/cmake/serial_motor_demo_msgs__rosidl_typesupport_cExport-noconfig.cmake
[1.943s] -- Up-to-date: /home/pro/Mars_Rover/install/serial_motor_demo_msgs/share/serial_motor_demo_msgs/cmake/serial_motor_demo_msgs__rosidl_generator_cppExport.cmake
[1.944s] -- Up-to-date: /home/pro/Mars_Rover/install/serial_motor_demo_msgs/share/serial_motor_demo_msgs/cmake/serial_motor_demo_msgs__rosidl_typesupport_introspection_cppExport.cmake
[1.945s] -- Up-to-date: /home/pro/Mars_Rover/install/serial_motor_demo_msgs/share/serial_motor_demo_msgs/cmake/serial_motor_demo_msgs__rosidl_typesupport_introspection_cppExport-noconfig.cmake
[1.946s] -- Up-to-date: /home/pro/Mars_Rover/install/serial_motor_demo_msgs/share/serial_motor_demo_msgs/cmake/serial_motor_demo_msgs__rosidl_typesupport_cppExport.cmake
[1.947s] -- Up-to-date: /home/pro/Mars_Rover/install/serial_motor_demo_msgs/share/serial_motor_demo_msgs/cmake/serial_motor_demo_msgs__rosidl_typesupport_cppExport-noconfig.cmake
[1.954s] Invoked command in '/home/pro/Mars_Rover/build/serial_motor_demo_msgs' returned '0': CMAKE_PREFIX_PATH=${CMAKE_PREFIX_PATH}:/home/pro/Mars_Rover/install/serial_motor_demo:/opt/ros/foxy /usr/bin/cmake --install /home/pro/Mars_Rover/build/serial_motor_demo_msgs
