[0.707s] DEBUG:colcon:Command line arguments: ['/usr/bin/colcon', 'build', '--symlink-install']
[0.708s] DEBUG:colcon:Parsed command line arguments: Namespace(ament_cmake_args=None, base_paths=['.'], build_base='build', catkin_cmake_args=None, catkin_skip_building_tests=False, cmake_args=None, cmake_clean_cache=False, cmake_clean_first=False, cmake_force_configure=False, cmake_target=None, cmake_target_skip_unavailable=False, continue_on_error=False, event_handlers=None, executor='parallel', ignore_user_meta=False, install_base='install', log_base=None, log_level=None, main=<bound method BuildVerb.main of <colcon_core.verb.build.BuildVerb object at 0xffffbe016cd0>>, merge_install=False, metas=['./colcon.meta'], packages_above=None, packages_above_and_dependencies=None, packages_above_depth=None, packages_end=None, packages_ignore=None, packages_ignore_regex=None, packages_select=None, packages_select_build_failed=False, packages_select_by_dep=None, packages_select_regex=None, packages_select_test_failures=False, packages_skip=None, packages_skip_build_finished=False, packages_skip_by_dep=None, packages_skip_regex=None, packages_skip_test_passed=False, packages_skip_up_to=None, packages_start=None, packages_up_to=None, packages_up_to_regex=None, parallel_workers=4, paths=None, symlink_install=True, test_result_base=None, verb_extension=<colcon_core.verb.build.BuildVerb object at 0xffffbe016cd0>, verb_name='build', verb_parser=<colcon_defaults.argument_parser.defaults.DefaultArgumentsDecorator object at 0xffffbe025280>)
[1.296s] Level 1:colcon.colcon_core.package_discovery:discover_packages(colcon_meta) check parameters
[1.297s] Level 1:colcon.colcon_core.package_discovery:discover_packages(recursive) check parameters
[1.297s] Level 1:colcon.colcon_core.package_discovery:discover_packages(ignore) check parameters
[1.298s] Level 1:colcon.colcon_core.package_discovery:discover_packages(path) check parameters
[1.298s] Level 1:colcon.colcon_core.package_discovery:discover_packages(colcon_meta) discover
[1.299s] Level 1:colcon.colcon_core.package_discovery:discover_packages(recursive) discover
[1.299s] INFO:colcon.colcon_core.package_discovery:Crawling recursively for packages in '/home/pro/Mars_Rover'
[1.299s] Level 1:colcon.colcon_core.package_identification:_identify(.) by extensions ['ignore', 'ignore_ament_install']
[1.301s] Level 1:colcon.colcon_core.package_identification:_identify(.) by extension 'ignore'
[1.301s] Level 1:colcon.colcon_core.package_identification:_identify(.) by extension 'ignore_ament_install'
[1.302s] Level 1:colcon.colcon_core.package_identification:_identify(.) by extensions ['colcon_pkg']
[1.302s] Level 1:colcon.colcon_core.package_identification:_identify(.) by extension 'colcon_pkg'
[1.302s] Level 1:colcon.colcon_core.package_identification:_identify(.) by extensions ['colcon_meta']
[1.302s] Level 1:colcon.colcon_core.package_identification:_identify(.) by extension 'colcon_meta'
[1.302s] Level 1:colcon.colcon_core.package_identification:_identify(.) by extensions ['ros']
[1.303s] Level 1:colcon.colcon_core.package_identification:_identify(.) by extension 'ros'
[1.350s] Level 1:colcon.colcon_core.package_identification:_identify(.) by extensions ['cmake', 'python']
[1.350s] Level 1:colcon.colcon_core.package_identification:_identify(.) by extension 'cmake'
[1.351s] Level 1:colcon.colcon_core.package_identification:_identify(.) by extension 'python'
[1.351s] Level 1:colcon.colcon_core.package_identification:_identify(.) by extensions ['python_setup_py']
[1.351s] Level 1:colcon.colcon_core.package_identification:_identify(.) by extension 'python_setup_py'
[1.352s] Level 1:colcon.colcon_core.package_identification:_identify(build) by extensions ['ignore', 'ignore_ament_install']
[1.353s] Level 1:colcon.colcon_core.package_identification:_identify(build) by extension 'ignore'
[1.353s] Level 1:colcon.colcon_core.package_identification:_identify(build) ignored
[1.354s] Level 1:colcon.colcon_core.package_identification:_identify(install) by extensions ['ignore', 'ignore_ament_install']
[1.355s] Level 1:colcon.colcon_core.package_identification:_identify(install) by extension 'ignore'
[1.355s] Level 1:colcon.colcon_core.package_identification:_identify(install) ignored
[1.356s] Level 1:colcon.colcon_core.package_identification:_identify(log) by extensions ['ignore', 'ignore_ament_install']
[1.356s] Level 1:colcon.colcon_core.package_identification:_identify(log) by extension 'ignore'
[1.357s] Level 1:colcon.colcon_core.package_identification:_identify(log) ignored
[1.357s] Level 1:colcon.colcon_core.package_identification:_identify(src) by extensions ['ignore', 'ignore_ament_install']
[1.357s] Level 1:colcon.colcon_core.package_identification:_identify(src) by extension 'ignore'
[1.358s] Level 1:colcon.colcon_core.package_identification:_identify(src) by extension 'ignore_ament_install'
[1.358s] Level 1:colcon.colcon_core.package_identification:_identify(src) by extensions ['colcon_pkg']
[1.358s] Level 1:colcon.colcon_core.package_identification:_identify(src) by extension 'colcon_pkg'
[1.358s] Level 1:colcon.colcon_core.package_identification:_identify(src) by extensions ['colcon_meta']
[1.359s] Level 1:colcon.colcon_core.package_identification:_identify(src) by extension 'colcon_meta'
[1.359s] Level 1:colcon.colcon_core.package_identification:_identify(src) by extensions ['ros']
[1.359s] Level 1:colcon.colcon_core.package_identification:_identify(src) by extension 'ros'
[1.360s] Level 1:colcon.colcon_core.package_identification:_identify(src) by extensions ['cmake', 'python']
[1.360s] Level 1:colcon.colcon_core.package_identification:_identify(src) by extension 'cmake'
[1.361s] Level 1:colcon.colcon_core.package_identification:_identify(src) by extension 'python'
[1.361s] Level 1:colcon.colcon_core.package_identification:_identify(src) by extensions ['python_setup_py']
[1.361s] Level 1:colcon.colcon_core.package_identification:_identify(src) by extension 'python_setup_py'
[1.362s] Level 1:colcon.colcon_core.package_identification:_identify(src/serial_motor_demo) by extensions ['ignore', 'ignore_ament_install']
[1.362s] Level 1:colcon.colcon_core.package_identification:_identify(src/serial_motor_demo) by extension 'ignore'
[1.362s] Level 1:colcon.colcon_core.package_identification:_identify(src/serial_motor_demo) by extension 'ignore_ament_install'
[1.363s] Level 1:colcon.colcon_core.package_identification:_identify(src/serial_motor_demo) by extensions ['colcon_pkg']
[1.363s] Level 1:colcon.colcon_core.package_identification:_identify(src/serial_motor_demo) by extension 'colcon_pkg'
[1.363s] Level 1:colcon.colcon_core.package_identification:_identify(src/serial_motor_demo) by extensions ['colcon_meta']
[1.363s] Level 1:colcon.colcon_core.package_identification:_identify(src/serial_motor_demo) by extension 'colcon_meta'
[1.363s] Level 1:colcon.colcon_core.package_identification:_identify(src/serial_motor_demo) by extensions ['ros']
[1.363s] Level 1:colcon.colcon_core.package_identification:_identify(src/serial_motor_demo) by extension 'ros'
[1.364s] Level 1:colcon.colcon_core.package_identification:_identify(src/serial_motor_demo) by extensions ['cmake', 'python']
[1.364s] Level 1:colcon.colcon_core.package_identification:_identify(src/serial_motor_demo) by extension 'cmake'
[1.364s] Level 1:colcon.colcon_core.package_identification:_identify(src/serial_motor_demo) by extension 'python'
[1.364s] Level 1:colcon.colcon_core.package_identification:_identify(src/serial_motor_demo) by extensions ['python_setup_py']
[1.364s] Level 1:colcon.colcon_core.package_identification:_identify(src/serial_motor_demo) by extension 'python_setup_py'
[1.365s] Level 1:colcon.colcon_core.package_identification:_identify(src/serial_motor_demo/serial_motor_demo) by extensions ['ignore', 'ignore_ament_install']
[1.365s] Level 1:colcon.colcon_core.package_identification:_identify(src/serial_motor_demo/serial_motor_demo) by extension 'ignore'
[1.366s] Level 1:colcon.colcon_core.package_identification:_identify(src/serial_motor_demo/serial_motor_demo) by extension 'ignore_ament_install'
[1.366s] Level 1:colcon.colcon_core.package_identification:_identify(src/serial_motor_demo/serial_motor_demo) by extensions ['colcon_pkg']
[1.366s] Level 1:colcon.colcon_core.package_identification:_identify(src/serial_motor_demo/serial_motor_demo) by extension 'colcon_pkg'
[1.366s] Level 1:colcon.colcon_core.package_identification:_identify(src/serial_motor_demo/serial_motor_demo) by extensions ['colcon_meta']
[1.366s] Level 1:colcon.colcon_core.package_identification:_identify(src/serial_motor_demo/serial_motor_demo) by extension 'colcon_meta'
[1.366s] Level 1:colcon.colcon_core.package_identification:_identify(src/serial_motor_demo/serial_motor_demo) by extensions ['ros']
[1.367s] Level 1:colcon.colcon_core.package_identification:_identify(src/serial_motor_demo/serial_motor_demo) by extension 'ros'
[1.377s] DEBUG:colcon.colcon_core.package_identification:Package 'src/serial_motor_demo/serial_motor_demo' with type 'ros.ament_python' and name 'serial_motor_demo'
[1.377s] Level 1:colcon.colcon_core.package_identification:_identify(src/serial_motor_demo/serial_motor_demo_msgs) by extensions ['ignore', 'ignore_ament_install']
[1.378s] Level 1:colcon.colcon_core.package_identification:_identify(src/serial_motor_demo/serial_motor_demo_msgs) by extension 'ignore'
[1.378s] Level 1:colcon.colcon_core.package_identification:_identify(src/serial_motor_demo/serial_motor_demo_msgs) by extension 'ignore_ament_install'
[1.379s] Level 1:colcon.colcon_core.package_identification:_identify(src/serial_motor_demo/serial_motor_demo_msgs) by extensions ['colcon_pkg']
[1.379s] Level 1:colcon.colcon_core.package_identification:_identify(src/serial_motor_demo/serial_motor_demo_msgs) by extension 'colcon_pkg'
[1.379s] Level 1:colcon.colcon_core.package_identification:_identify(src/serial_motor_demo/serial_motor_demo_msgs) by extensions ['colcon_meta']
[1.379s] Level 1:colcon.colcon_core.package_identification:_identify(src/serial_motor_demo/serial_motor_demo_msgs) by extension 'colcon_meta'
[1.379s] Level 1:colcon.colcon_core.package_identification:_identify(src/serial_motor_demo/serial_motor_demo_msgs) by extensions ['ros']
[1.380s] Level 1:colcon.colcon_core.package_identification:_identify(src/serial_motor_demo/serial_motor_demo_msgs) by extension 'ros'
[1.382s] DEBUG:colcon.colcon_core.package_identification:Package 'src/serial_motor_demo/serial_motor_demo_msgs' with type 'ros.ament_cmake' and name 'serial_motor_demo_msgs'
[1.382s] Level 1:colcon.colcon_core.package_discovery:discover_packages(recursive) using defaults
[1.382s] Level 1:colcon.colcon_core.package_discovery:discover_packages(ignore) discover
[1.382s] Level 1:colcon.colcon_core.package_discovery:discover_packages(ignore) using defaults
[1.382s] Level 1:colcon.colcon_core.package_discovery:discover_packages(path) discover
[1.383s] Level 1:colcon.colcon_core.package_discovery:discover_packages(path) using defaults
[1.446s] Level 5:colcon.colcon_core.verb:set package 'serial_motor_demo_msgs' build argument 'cmake_args' from command line to 'None'
[1.446s] Level 5:colcon.colcon_core.verb:set package 'serial_motor_demo_msgs' build argument 'cmake_target' from command line to 'None'
[1.446s] Level 5:colcon.colcon_core.verb:set package 'serial_motor_demo_msgs' build argument 'cmake_target_skip_unavailable' from command line to 'False'
[1.446s] Level 5:colcon.colcon_core.verb:set package 'serial_motor_demo_msgs' build argument 'cmake_clean_cache' from command line to 'False'
[1.447s] Level 5:colcon.colcon_core.verb:set package 'serial_motor_demo_msgs' build argument 'cmake_clean_first' from command line to 'False'
[1.447s] Level 5:colcon.colcon_core.verb:set package 'serial_motor_demo_msgs' build argument 'cmake_force_configure' from command line to 'False'
[1.447s] Level 5:colcon.colcon_core.verb:set package 'serial_motor_demo_msgs' build argument 'ament_cmake_args' from command line to 'None'
[1.447s] Level 5:colcon.colcon_core.verb:set package 'serial_motor_demo_msgs' build argument 'catkin_cmake_args' from command line to 'None'
[1.447s] Level 5:colcon.colcon_core.verb:set package 'serial_motor_demo_msgs' build argument 'catkin_skip_building_tests' from command line to 'False'
[1.447s] DEBUG:colcon.colcon_core.verb:Building package 'serial_motor_demo_msgs' with the following arguments: {'ament_cmake_args': None, 'build_base': '/home/pro/Mars_Rover/build/serial_motor_demo_msgs', 'catkin_cmake_args': None, 'catkin_skip_building_tests': False, 'cmake_args': None, 'cmake_clean_cache': False, 'cmake_clean_first': False, 'cmake_force_configure': False, 'cmake_target': None, 'cmake_target_skip_unavailable': False, 'install_base': '/home/pro/Mars_Rover/install/serial_motor_demo_msgs', 'merge_install': False, 'path': '/home/pro/Mars_Rover/src/serial_motor_demo/serial_motor_demo_msgs', 'symlink_install': True, 'test_result_base': None}
[1.449s] Level 5:colcon.colcon_core.verb:set package 'serial_motor_demo' build argument 'cmake_args' from command line to 'None'
[1.449s] Level 5:colcon.colcon_core.verb:set package 'serial_motor_demo' build argument 'cmake_target' from command line to 'None'
[1.449s] Level 5:colcon.colcon_core.verb:set package 'serial_motor_demo' build argument 'cmake_target_skip_unavailable' from command line to 'False'
[1.449s] Level 5:colcon.colcon_core.verb:set package 'serial_motor_demo' build argument 'cmake_clean_cache' from command line to 'False'
[1.449s] Level 5:colcon.colcon_core.verb:set package 'serial_motor_demo' build argument 'cmake_clean_first' from command line to 'False'
[1.449s] Level 5:colcon.colcon_core.verb:set package 'serial_motor_demo' build argument 'cmake_force_configure' from command line to 'False'
[1.449s] Level 5:colcon.colcon_core.verb:set package 'serial_motor_demo' build argument 'ament_cmake_args' from command line to 'None'
[1.449s] Level 5:colcon.colcon_core.verb:set package 'serial_motor_demo' build argument 'catkin_cmake_args' from command line to 'None'
[1.450s] Level 5:colcon.colcon_core.verb:set package 'serial_motor_demo' build argument 'catkin_skip_building_tests' from command line to 'False'
[1.450s] DEBUG:colcon.colcon_core.verb:Building package 'serial_motor_demo' with the following arguments: {'ament_cmake_args': None, 'build_base': '/home/pro/Mars_Rover/build/serial_motor_demo', 'catkin_cmake_args': None, 'catkin_skip_building_tests': False, 'cmake_args': None, 'cmake_clean_cache': False, 'cmake_clean_first': False, 'cmake_force_configure': False, 'cmake_target': None, 'cmake_target_skip_unavailable': False, 'install_base': '/home/pro/Mars_Rover/install/serial_motor_demo', 'merge_install': False, 'path': '/home/pro/Mars_Rover/src/serial_motor_demo/serial_motor_demo', 'symlink_install': True, 'test_result_base': None}
[1.450s] INFO:colcon.colcon_core.executor:Executing jobs using 'parallel' executor
[1.454s] DEBUG:colcon.colcon_parallel_executor.executor.parallel:run_until_complete
[1.456s] INFO:colcon.colcon_ros.task.ament_cmake.build:Building ROS package in '/home/pro/Mars_Rover/src/serial_motor_demo/serial_motor_demo_msgs' with build type 'ament_cmake'
[1.457s] INFO:colcon.colcon_cmake.task.cmake.build:Building CMake package in '/home/pro/Mars_Rover/src/serial_motor_demo/serial_motor_demo_msgs'
[1.466s] INFO:colcon.colcon_core.plugin_system:Skipping extension 'colcon_core.shell.bat': Not used on non-Windows systems
[1.466s] INFO:colcon.colcon_core.shell:Skip shell extension 'powershell' for command environment: Not usable outside of PowerShell
[1.467s] DEBUG:colcon.colcon_core.shell:Skip shell extension 'dsv' for command environment
[1.511s] DEBUG:colcon.colcon_core.event_handler.log_command:Invoking command in '/home/pro/Mars_Rover/build/serial_motor_demo_msgs': CMAKE_PREFIX_PATH=${CMAKE_PREFIX_PATH}:/home/pro/Mars_Rover/install/serial_motor_demo:/opt/ros/foxy /usr/bin/cmake --build /home/pro/Mars_Rover/build/serial_motor_demo_msgs -- -j4 -l4
[2.493s] DEBUG:colcon.colcon_core.event_handler.log_command:Invoked command in '/home/pro/Mars_Rover/build/serial_motor_demo_msgs' returned '0': CMAKE_PREFIX_PATH=${CMAKE_PREFIX_PATH}:/home/pro/Mars_Rover/install/serial_motor_demo:/opt/ros/foxy /usr/bin/cmake --build /home/pro/Mars_Rover/build/serial_motor_demo_msgs -- -j4 -l4
[3.019s] DEBUG:colcon.colcon_core.event_handler.log_command:Invoking command in '/home/pro/Mars_Rover/build/serial_motor_demo_msgs': CMAKE_PREFIX_PATH=${CMAKE_PREFIX_PATH}:/home/pro/Mars_Rover/install/serial_motor_demo:/opt/ros/foxy /usr/bin/cmake --install /home/pro/Mars_Rover/build/serial_motor_demo_msgs
[3.416s] Level 1:colcon.colcon_core.environment:create_environment_scripts_only(serial_motor_demo_msgs)
[3.418s] DEBUG:colcon.colcon_core.event_handler.log_command:Invoked command in '/home/pro/Mars_Rover/build/serial_motor_demo_msgs' returned '0': CMAKE_PREFIX_PATH=${CMAKE_PREFIX_PATH}:/home/pro/Mars_Rover/install/serial_motor_demo:/opt/ros/foxy /usr/bin/cmake --install /home/pro/Mars_Rover/build/serial_motor_demo_msgs
[3.427s] Level 1:colcon.colcon_core.environment:checking '/home/pro/Mars_Rover/install/serial_motor_demo_msgs' for CMake module files
[3.431s] Level 1:colcon.colcon_core.environment:checking '/home/pro/Mars_Rover/install/serial_motor_demo_msgs' for CMake config files
[3.437s] Level 1:colcon.colcon_core.shell:create_environment_hook('serial_motor_demo_msgs', 'cmake_prefix_path')
[3.438s] INFO:colcon.colcon_core.shell:Creating environment hook '/home/pro/Mars_Rover/install/serial_motor_demo_msgs/share/serial_motor_demo_msgs/hook/cmake_prefix_path.ps1'
[3.441s] INFO:colcon.colcon_core.shell:Creating environment descriptor '/home/pro/Mars_Rover/install/serial_motor_demo_msgs/share/serial_motor_demo_msgs/hook/cmake_prefix_path.dsv'
[3.443s] INFO:colcon.colcon_core.shell:Creating environment hook '/home/pro/Mars_Rover/install/serial_motor_demo_msgs/share/serial_motor_demo_msgs/hook/cmake_prefix_path.sh'
[3.447s] Level 1:colcon.colcon_core.environment:checking '/home/pro/Mars_Rover/install/serial_motor_demo_msgs/lib'
[3.448s] Level 1:colcon.colcon_core.shell:create_environment_hook('serial_motor_demo_msgs', 'ld_library_path_lib')
[3.449s] INFO:colcon.colcon_core.shell:Creating environment hook '/home/pro/Mars_Rover/install/serial_motor_demo_msgs/share/serial_motor_demo_msgs/hook/ld_library_path_lib.ps1'
[3.450s] INFO:colcon.colcon_core.shell:Creating environment descriptor '/home/pro/Mars_Rover/install/serial_motor_demo_msgs/share/serial_motor_demo_msgs/hook/ld_library_path_lib.dsv'
[3.452s] INFO:colcon.colcon_core.shell:Creating environment hook '/home/pro/Mars_Rover/install/serial_motor_demo_msgs/share/serial_motor_demo_msgs/hook/ld_library_path_lib.sh'
[3.454s] Level 1:colcon.colcon_core.environment:checking '/home/pro/Mars_Rover/install/serial_motor_demo_msgs/bin'
[3.454s] Level 1:colcon.colcon_core.environment:checking '/home/pro/Mars_Rover/install/serial_motor_demo_msgs/lib/pkgconfig/serial_motor_demo_msgs.pc'
[3.457s] Level 1:colcon.colcon_core.environment:checking '/home/pro/Mars_Rover/install/serial_motor_demo_msgs/lib/python3.8/site-packages'
[3.458s] Level 1:colcon.colcon_core.shell:create_environment_hook('serial_motor_demo_msgs', 'pythonpath')
[3.459s] INFO:colcon.colcon_core.shell:Creating environment hook '/home/pro/Mars_Rover/install/serial_motor_demo_msgs/share/serial_motor_demo_msgs/hook/pythonpath.ps1'
[3.460s] INFO:colcon.colcon_core.shell:Creating environment descriptor '/home/pro/Mars_Rover/install/serial_motor_demo_msgs/share/serial_motor_demo_msgs/hook/pythonpath.dsv'
[3.462s] INFO:colcon.colcon_core.shell:Creating environment hook '/home/pro/Mars_Rover/install/serial_motor_demo_msgs/share/serial_motor_demo_msgs/hook/pythonpath.sh'
[3.465s] Level 1:colcon.colcon_core.environment:checking '/home/pro/Mars_Rover/install/serial_motor_demo_msgs/bin'
[3.467s] INFO:colcon.colcon_core.shell:Creating package script '/home/pro/Mars_Rover/install/serial_motor_demo_msgs/share/serial_motor_demo_msgs/package.ps1'
[3.470s] INFO:colcon.colcon_core.shell:Creating package descriptor '/home/pro/Mars_Rover/install/serial_motor_demo_msgs/share/serial_motor_demo_msgs/package.dsv'
[3.473s] INFO:colcon.colcon_core.shell:Creating package script '/home/pro/Mars_Rover/install/serial_motor_demo_msgs/share/serial_motor_demo_msgs/package.sh'
[3.476s] INFO:colcon.colcon_core.shell:Creating package script '/home/pro/Mars_Rover/install/serial_motor_demo_msgs/share/serial_motor_demo_msgs/package.bash'
[3.479s] INFO:colcon.colcon_core.shell:Creating package script '/home/pro/Mars_Rover/install/serial_motor_demo_msgs/share/serial_motor_demo_msgs/package.zsh'
[3.482s] Level 1:colcon.colcon_core.environment:create_file_with_runtime_dependencies(/home/pro/Mars_Rover/install/serial_motor_demo_msgs/share/colcon-core/packages/serial_motor_demo_msgs)
[3.972s] Level 1:colcon.colcon_core.environment:create_environment_scripts_only(serial_motor_demo_msgs)
[3.974s] Level 1:colcon.colcon_core.environment:checking '/home/pro/Mars_Rover/install/serial_motor_demo_msgs' for CMake module files
[3.978s] Level 1:colcon.colcon_core.environment:checking '/home/pro/Mars_Rover/install/serial_motor_demo_msgs' for CMake config files
[3.984s] Level 1:colcon.colcon_core.shell:create_environment_hook('serial_motor_demo_msgs', 'cmake_prefix_path')
[3.985s] INFO:colcon.colcon_core.shell:Creating environment hook '/home/pro/Mars_Rover/install/serial_motor_demo_msgs/share/serial_motor_demo_msgs/hook/cmake_prefix_path.ps1'
[3.987s] INFO:colcon.colcon_core.shell:Creating environment descriptor '/home/pro/Mars_Rover/install/serial_motor_demo_msgs/share/serial_motor_demo_msgs/hook/cmake_prefix_path.dsv'
[3.989s] INFO:colcon.colcon_core.shell:Creating environment hook '/home/pro/Mars_Rover/install/serial_motor_demo_msgs/share/serial_motor_demo_msgs/hook/cmake_prefix_path.sh'
[3.992s] Level 1:colcon.colcon_core.environment:checking '/home/pro/Mars_Rover/install/serial_motor_demo_msgs/lib'
[3.992s] Level 1:colcon.colcon_core.shell:create_environment_hook('serial_motor_demo_msgs', 'ld_library_path_lib')
[3.994s] INFO:colcon.colcon_core.shell:Creating environment hook '/home/pro/Mars_Rover/install/serial_motor_demo_msgs/share/serial_motor_demo_msgs/hook/ld_library_path_lib.ps1'
[3.996s] INFO:colcon.colcon_core.shell:Creating environment descriptor '/home/pro/Mars_Rover/install/serial_motor_demo_msgs/share/serial_motor_demo_msgs/hook/ld_library_path_lib.dsv'
[3.997s] INFO:colcon.colcon_core.shell:Creating environment hook '/home/pro/Mars_Rover/install/serial_motor_demo_msgs/share/serial_motor_demo_msgs/hook/ld_library_path_lib.sh'
[3.999s] Level 1:colcon.colcon_core.environment:checking '/home/pro/Mars_Rover/install/serial_motor_demo_msgs/bin'
[3.999s] Level 1:colcon.colcon_core.environment:checking '/home/pro/Mars_Rover/install/serial_motor_demo_msgs/lib/pkgconfig/serial_motor_demo_msgs.pc'
[4.000s] Level 1:colcon.colcon_core.environment:checking '/home/pro/Mars_Rover/install/serial_motor_demo_msgs/lib/python3.8/site-packages'
[4.001s] Level 1:colcon.colcon_core.shell:create_environment_hook('serial_motor_demo_msgs', 'pythonpath')
[4.001s] INFO:colcon.colcon_core.shell:Creating environment hook '/home/pro/Mars_Rover/install/serial_motor_demo_msgs/share/serial_motor_demo_msgs/hook/pythonpath.ps1'
[4.003s] INFO:colcon.colcon_core.shell:Creating environment descriptor '/home/pro/Mars_Rover/install/serial_motor_demo_msgs/share/serial_motor_demo_msgs/hook/pythonpath.dsv'
[4.005s] INFO:colcon.colcon_core.shell:Creating environment hook '/home/pro/Mars_Rover/install/serial_motor_demo_msgs/share/serial_motor_demo_msgs/hook/pythonpath.sh'
[4.007s] Level 1:colcon.colcon_core.environment:checking '/home/pro/Mars_Rover/install/serial_motor_demo_msgs/bin'
[4.009s] INFO:colcon.colcon_core.shell:Creating package script '/home/pro/Mars_Rover/install/serial_motor_demo_msgs/share/serial_motor_demo_msgs/package.ps1'
[4.011s] INFO:colcon.colcon_core.shell:Creating package descriptor '/home/pro/Mars_Rover/install/serial_motor_demo_msgs/share/serial_motor_demo_msgs/package.dsv'
[4.014s] INFO:colcon.colcon_core.shell:Creating package script '/home/pro/Mars_Rover/install/serial_motor_demo_msgs/share/serial_motor_demo_msgs/package.sh'
[4.016s] INFO:colcon.colcon_core.shell:Creating package script '/home/pro/Mars_Rover/install/serial_motor_demo_msgs/share/serial_motor_demo_msgs/package.bash'
[4.018s] INFO:colcon.colcon_core.shell:Creating package script '/home/pro/Mars_Rover/install/serial_motor_demo_msgs/share/serial_motor_demo_msgs/package.zsh'
[4.020s] Level 1:colcon.colcon_core.environment:create_file_with_runtime_dependencies(/home/pro/Mars_Rover/install/serial_motor_demo_msgs/share/colcon-core/packages/serial_motor_demo_msgs)
[4.022s] INFO:colcon.colcon_ros.task.ament_python.build:Building ROS package in '/home/pro/Mars_Rover/src/serial_motor_demo/serial_motor_demo' with build type 'ament_python'
[4.023s] Level 1:colcon.colcon_core.shell:create_environment_hook('serial_motor_demo', 'ament_prefix_path')
[4.024s] INFO:colcon.colcon_core.shell:Creating environment hook '/home/pro/Mars_Rover/install/serial_motor_demo/share/serial_motor_demo/hook/ament_prefix_path.ps1'
[4.026s] INFO:colcon.colcon_core.shell:Creating environment descriptor '/home/pro/Mars_Rover/install/serial_motor_demo/share/serial_motor_demo/hook/ament_prefix_path.dsv'
[4.028s] INFO:colcon.colcon_core.shell:Creating environment hook '/home/pro/Mars_Rover/install/serial_motor_demo/share/serial_motor_demo/hook/ament_prefix_path.sh'
[4.031s] INFO:colcon.colcon_core.shell:Skip shell extension 'powershell' for command environment: Not usable outside of PowerShell
[4.031s] DEBUG:colcon.colcon_core.shell:Skip shell extension 'dsv' for command environment
[4.959s] INFO:colcon.colcon_core.task.python.build:Building Python package in '/home/pro/Mars_Rover/src/serial_motor_demo/serial_motor_demo'
[4.960s] INFO:colcon.colcon_core.shell:Skip shell extension 'powershell' for command environment: Not usable outside of PowerShell
[4.960s] DEBUG:colcon.colcon_core.shell:Skip shell extension 'dsv' for command environment
[6.509s] DEBUG:colcon.colcon_core.event_handler.log_command:Invoking command in '/home/pro/Mars_Rover/build/serial_motor_demo': PYTHONPATH=/home/pro/Mars_Rover/build/serial_motor_demo/prefix_override:/home/pro/Mars_Rover/install/serial_motor_demo/lib/python3.8/site-packages:/home/pro/Mars_Rover/install/serial_motor_demo_msgs/lib/python3.8/site-packages:/home/pro/Mars_Rover/build/serial_motor_demo:/home/pro/Mars_Rover/install/serial_motor_demo/lib/python3.8/site-packages:/opt/ros/foxy/lib/python3.8/site-packages /usr/bin/python3 -W ignore:setup.py install is deprecated setup.py develop --editable --build-directory /home/pro/Mars_Rover/build/serial_motor_demo/build --no-deps symlink_data
[8.343s] Level 1:colcon.colcon_core.shell:create_environment_hook('serial_motor_demo', 'pythonpath_develop')
[8.344s] INFO:colcon.colcon_core.shell:Creating environment hook '/home/pro/Mars_Rover/build/serial_motor_demo/share/serial_motor_demo/hook/pythonpath_develop.ps1'
[8.345s] DEBUG:colcon.colcon_core.event_handler.log_command:Invoked command in '/home/pro/Mars_Rover/build/serial_motor_demo' returned '0': PYTHONPATH=/home/pro/Mars_Rover/build/serial_motor_demo/prefix_override:/home/pro/Mars_Rover/install/serial_motor_demo/lib/python3.8/site-packages:/home/pro/Mars_Rover/install/serial_motor_demo_msgs/lib/python3.8/site-packages:/home/pro/Mars_Rover/build/serial_motor_demo:/home/pro/Mars_Rover/install/serial_motor_demo/lib/python3.8/site-packages:/opt/ros/foxy/lib/python3.8/site-packages /usr/bin/python3 -W ignore:setup.py install is deprecated setup.py develop --editable --build-directory /home/pro/Mars_Rover/build/serial_motor_demo/build --no-deps symlink_data
[8.347s] INFO:colcon.colcon_core.shell:Creating environment descriptor '/home/pro/Mars_Rover/build/serial_motor_demo/share/serial_motor_demo/hook/pythonpath_develop.dsv'
[8.349s] INFO:colcon.colcon_core.shell:Creating environment hook '/home/pro/Mars_Rover/build/serial_motor_demo/share/serial_motor_demo/hook/pythonpath_develop.sh'
[8.351s] Level 1:colcon.colcon_core.environment:checking '/home/pro/Mars_Rover/install/serial_motor_demo' for CMake module files
[8.354s] Level 1:colcon.colcon_core.environment:checking '/home/pro/Mars_Rover/install/serial_motor_demo' for CMake config files
[8.357s] Level 1:colcon.colcon_core.environment:checking '/home/pro/Mars_Rover/install/serial_motor_demo/lib'
[8.357s] Level 1:colcon.colcon_core.environment:checking '/home/pro/Mars_Rover/install/serial_motor_demo/bin'
[8.357s] Level 1:colcon.colcon_core.environment:checking '/home/pro/Mars_Rover/install/serial_motor_demo/lib/pkgconfig/serial_motor_demo.pc'
[8.358s] Level 1:colcon.colcon_core.environment:checking '/home/pro/Mars_Rover/install/serial_motor_demo/lib/python3.8/site-packages'
[8.359s] Level 1:colcon.colcon_core.shell:create_environment_hook('serial_motor_demo', 'pythonpath')
[8.360s] INFO:colcon.colcon_core.shell:Creating environment hook '/home/pro/Mars_Rover/install/serial_motor_demo/share/serial_motor_demo/hook/pythonpath.ps1'
[8.362s] INFO:colcon.colcon_core.shell:Creating environment descriptor '/home/pro/Mars_Rover/install/serial_motor_demo/share/serial_motor_demo/hook/pythonpath.dsv'
[8.364s] INFO:colcon.colcon_core.shell:Creating environment hook '/home/pro/Mars_Rover/install/serial_motor_demo/share/serial_motor_demo/hook/pythonpath.sh'
[8.366s] Level 1:colcon.colcon_core.environment:checking '/home/pro/Mars_Rover/install/serial_motor_demo/bin'
[8.366s] Level 1:colcon.colcon_core.environment:create_environment_scripts_only(serial_motor_demo)
[8.368s] INFO:colcon.colcon_core.shell:Creating package script '/home/pro/Mars_Rover/install/serial_motor_demo/share/serial_motor_demo/package.ps1'
[8.370s] INFO:colcon.colcon_core.shell:Creating package descriptor '/home/pro/Mars_Rover/install/serial_motor_demo/share/serial_motor_demo/package.dsv'
[8.373s] INFO:colcon.colcon_core.shell:Creating package script '/home/pro/Mars_Rover/install/serial_motor_demo/share/serial_motor_demo/package.sh'
[8.375s] INFO:colcon.colcon_core.shell:Creating package script '/home/pro/Mars_Rover/install/serial_motor_demo/share/serial_motor_demo/package.bash'
[8.377s] INFO:colcon.colcon_core.shell:Creating package script '/home/pro/Mars_Rover/install/serial_motor_demo/share/serial_motor_demo/package.zsh'
[8.379s] Level 1:colcon.colcon_core.environment:create_file_with_runtime_dependencies(/home/pro/Mars_Rover/install/serial_motor_demo/share/colcon-core/packages/serial_motor_demo)
[8.380s] DEBUG:colcon.colcon_parallel_executor.executor.parallel:closing loop
[8.381s] DEBUG:colcon.colcon_parallel_executor.executor.parallel:loop closed
[8.382s] DEBUG:colcon.colcon_parallel_executor.executor.parallel:run_until_complete finished with '0'
[8.382s] DEBUG:colcon.colcon_core.event_reactor:joining thread
[8.402s] INFO:colcon.colcon_core.plugin_system:Skipping extension 'colcon_notification.desktop_notification.notify_send': Could not find 'notify-send'
[8.403s] INFO:colcon.colcon_core.plugin_system:Skipping extension 'colcon_notification.desktop_notification.terminal_notifier': Not used on non-Darwin systems
[8.403s] INFO:colcon.colcon_core.plugin_system:Skipping extension 'colcon_notification.desktop_notification.win32': Not used on non-Windows systems
[8.403s] INFO:colcon.colcon_notification.desktop_notification:Sending desktop notification using 'notify2'
[8.406s] DEBUG:colcon.colcon_notification.desktop_notification.notify2:Failed to initialize notify2: org.freedesktop.DBus.Error.ServiceUnknown: The name org.freedesktop.Notifications was not provided by any .service files
[8.407s] DEBUG:colcon.colcon_core.event_reactor:joined thread
[8.408s] INFO:colcon.colcon_core.shell:Creating prefix script '/home/pro/Mars_Rover/install/local_setup.ps1'
[8.411s] INFO:colcon.colcon_core.shell:Creating prefix util module '/home/pro/Mars_Rover/install/_local_setup_util_ps1.py'
[8.417s] INFO:colcon.colcon_core.shell:Creating prefix chain script '/home/pro/Mars_Rover/install/setup.ps1'
[8.421s] INFO:colcon.colcon_core.shell:Creating prefix script '/home/pro/Mars_Rover/install/local_setup.sh'
[8.423s] INFO:colcon.colcon_core.shell:Creating prefix util module '/home/pro/Mars_Rover/install/_local_setup_util_sh.py'
[8.425s] INFO:colcon.colcon_core.shell:Creating prefix chain script '/home/pro/Mars_Rover/install/setup.sh'
[8.430s] INFO:colcon.colcon_core.shell:Creating prefix script '/home/pro/Mars_Rover/install/local_setup.bash'
[8.432s] INFO:colcon.colcon_core.shell:Creating prefix chain script '/home/pro/Mars_Rover/install/setup.bash'
[8.436s] INFO:colcon.colcon_core.shell:Creating prefix script '/home/pro/Mars_Rover/install/local_setup.zsh'
[8.438s] INFO:colcon.colcon_core.shell:Creating prefix chain script '/home/pro/Mars_Rover/install/setup.zsh'
