[0.930s] DEBUG:colcon:Command line arguments: ['/usr/bin/colcon', 'build', '--symlink-install']
[0.930s] DEBUG:colcon:Parsed command line arguments: Namespace(ament_cmake_args=None, base_paths=['.'], build_base='build', catkin_cmake_args=None, catkin_skip_building_tests=False, cmake_args=None, cmake_clean_cache=False, cmake_clean_first=False, cmake_force_configure=False, cmake_target=None, cmake_target_skip_unavailable=False, continue_on_error=False, event_handlers=None, executor='parallel', ignore_user_meta=False, install_base='install', log_base=None, log_level=None, main=<bound method BuildVerb.main of <colcon_core.verb.build.BuildVerb object at 0xffff9e5f8d00>>, merge_install=False, metas=['./colcon.meta'], packages_above=None, packages_above_and_dependencies=None, packages_above_depth=None, packages_end=None, packages_ignore=None, packages_ignore_regex=None, packages_select=None, packages_select_build_failed=False, packages_select_by_dep=None, packages_select_regex=None, packages_select_test_failures=False, packages_skip=None, packages_skip_build_finished=False, packages_skip_by_dep=None, packages_skip_regex=None, packages_skip_test_passed=False, packages_skip_up_to=None, packages_start=None, packages_up_to=None, packages_up_to_regex=None, parallel_workers=4, paths=None, symlink_install=True, test_result_base=None, verb_extension=<colcon_core.verb.build.BuildVerb object at 0xffff9e5f8d00>, verb_name='build', verb_parser=<colcon_defaults.argument_parser.defaults.DefaultArgumentsDecorator object at 0xffff9e6062b0>)
[1.657s] Level 1:colcon.colcon_core.package_discovery:discover_packages(colcon_meta) check parameters
[1.657s] Level 1:colcon.colcon_core.package_discovery:discover_packages(recursive) check parameters
[1.658s] Level 1:colcon.colcon_core.package_discovery:discover_packages(ignore) check parameters
[1.658s] Level 1:colcon.colcon_core.package_discovery:discover_packages(path) check parameters
[1.658s] Level 1:colcon.colcon_core.package_discovery:discover_packages(colcon_meta) discover
[1.658s] Level 1:colcon.colcon_core.package_discovery:discover_packages(recursive) discover
[1.658s] INFO:colcon.colcon_core.package_discovery:Crawling recursively for packages in '/home/pro/Mars_Rover'
[1.659s] Level 1:colcon.colcon_core.package_identification:_identify(.) by extensions ['ignore', 'ignore_ament_install']
[1.660s] Level 1:colcon.colcon_core.package_identification:_identify(.) by extension 'ignore'
[1.660s] Level 1:colcon.colcon_core.package_identification:_identify(.) by extension 'ignore_ament_install'
[1.660s] Level 1:colcon.colcon_core.package_identification:_identify(.) by extensions ['colcon_pkg']
[1.661s] Level 1:colcon.colcon_core.package_identification:_identify(.) by extension 'colcon_pkg'
[1.661s] Level 1:colcon.colcon_core.package_identification:_identify(.) by extensions ['colcon_meta']
[1.661s] Level 1:colcon.colcon_core.package_identification:_identify(.) by extension 'colcon_meta'
[1.661s] Level 1:colcon.colcon_core.package_identification:_identify(.) by extensions ['ros']
[1.661s] Level 1:colcon.colcon_core.package_identification:_identify(.) by extension 'ros'
[1.706s] Level 1:colcon.colcon_core.package_identification:_identify(.) by extensions ['cmake', 'python']
[1.706s] Level 1:colcon.colcon_core.package_identification:_identify(.) by extension 'cmake'
[1.707s] Level 1:colcon.colcon_core.package_identification:_identify(.) by extension 'python'
[1.707s] Level 1:colcon.colcon_core.package_identification:_identify(.) by extensions ['python_setup_py']
[1.707s] Level 1:colcon.colcon_core.package_identification:_identify(.) by extension 'python_setup_py'
[1.708s] Level 1:colcon.colcon_core.package_identification:_identify(build) by extensions ['ignore', 'ignore_ament_install']
[1.708s] Level 1:colcon.colcon_core.package_identification:_identify(build) by extension 'ignore'
[1.709s] Level 1:colcon.colcon_core.package_identification:_identify(build) ignored
[1.709s] Level 1:colcon.colcon_core.package_identification:_identify(install) by extensions ['ignore', 'ignore_ament_install']
[1.710s] Level 1:colcon.colcon_core.package_identification:_identify(install) by extension 'ignore'
[1.710s] Level 1:colcon.colcon_core.package_identification:_identify(install) ignored
[1.711s] Level 1:colcon.colcon_core.package_identification:_identify(log) by extensions ['ignore', 'ignore_ament_install']
[1.711s] Level 1:colcon.colcon_core.package_identification:_identify(log) by extension 'ignore'
[1.712s] Level 1:colcon.colcon_core.package_identification:_identify(log) ignored
[1.712s] Level 1:colcon.colcon_core.package_identification:_identify(src) by extensions ['ignore', 'ignore_ament_install']
[1.713s] Level 1:colcon.colcon_core.package_identification:_identify(src) by extension 'ignore'
[1.713s] Level 1:colcon.colcon_core.package_identification:_identify(src) by extension 'ignore_ament_install'
[1.713s] Level 1:colcon.colcon_core.package_identification:_identify(src) by extensions ['colcon_pkg']
[1.714s] Level 1:colcon.colcon_core.package_identification:_identify(src) by extension 'colcon_pkg'
[1.714s] Level 1:colcon.colcon_core.package_identification:_identify(src) by extensions ['colcon_meta']
[1.714s] Level 1:colcon.colcon_core.package_identification:_identify(src) by extension 'colcon_meta'
[1.714s] Level 1:colcon.colcon_core.package_identification:_identify(src) by extensions ['ros']
[1.714s] Level 1:colcon.colcon_core.package_identification:_identify(src) by extension 'ros'
[1.715s] Level 1:colcon.colcon_core.package_identification:_identify(src) by extensions ['cmake', 'python']
[1.715s] Level 1:colcon.colcon_core.package_identification:_identify(src) by extension 'cmake'
[1.715s] Level 1:colcon.colcon_core.package_identification:_identify(src) by extension 'python'
[1.716s] Level 1:colcon.colcon_core.package_identification:_identify(src) by extensions ['python_setup_py']
[1.716s] Level 1:colcon.colcon_core.package_identification:_identify(src) by extension 'python_setup_py'
[1.717s] Level 1:colcon.colcon_core.package_identification:_identify(src/serial_motor_demo) by extensions ['ignore', 'ignore_ament_install']
[1.717s] Level 1:colcon.colcon_core.package_identification:_identify(src/serial_motor_demo) by extension 'ignore'
[1.718s] Level 1:colcon.colcon_core.package_identification:_identify(src/serial_motor_demo) by extension 'ignore_ament_install'
[1.718s] Level 1:colcon.colcon_core.package_identification:_identify(src/serial_motor_demo) by extensions ['colcon_pkg']
[1.718s] Level 1:colcon.colcon_core.package_identification:_identify(src/serial_motor_demo) by extension 'colcon_pkg'
[1.719s] Level 1:colcon.colcon_core.package_identification:_identify(src/serial_motor_demo) by extensions ['colcon_meta']
[1.719s] Level 1:colcon.colcon_core.package_identification:_identify(src/serial_motor_demo) by extension 'colcon_meta'
[1.720s] Level 1:colcon.colcon_core.package_identification:_identify(src/serial_motor_demo) by extensions ['ros']
[1.720s] Level 1:colcon.colcon_core.package_identification:_identify(src/serial_motor_demo) by extension 'ros'
[1.720s] Level 1:colcon.colcon_core.package_identification:_identify(src/serial_motor_demo) by extensions ['cmake', 'python']
[1.721s] Level 1:colcon.colcon_core.package_identification:_identify(src/serial_motor_demo) by extension 'cmake'
[1.721s] Level 1:colcon.colcon_core.package_identification:_identify(src/serial_motor_demo) by extension 'python'
[1.721s] Level 1:colcon.colcon_core.package_identification:_identify(src/serial_motor_demo) by extensions ['python_setup_py']
[1.722s] Level 1:colcon.colcon_core.package_identification:_identify(src/serial_motor_demo) by extension 'python_setup_py'
[1.722s] Level 1:colcon.colcon_core.package_identification:_identify(src/serial_motor_demo/serial_motor_demo) by extensions ['ignore', 'ignore_ament_install']
[1.723s] Level 1:colcon.colcon_core.package_identification:_identify(src/serial_motor_demo/serial_motor_demo) by extension 'ignore'
[1.723s] Level 1:colcon.colcon_core.package_identification:_identify(src/serial_motor_demo/serial_motor_demo) by extension 'ignore_ament_install'
[1.724s] Level 1:colcon.colcon_core.package_identification:_identify(src/serial_motor_demo/serial_motor_demo) by extensions ['colcon_pkg']
[1.724s] Level 1:colcon.colcon_core.package_identification:_identify(src/serial_motor_demo/serial_motor_demo) by extension 'colcon_pkg'
[1.725s] Level 1:colcon.colcon_core.package_identification:_identify(src/serial_motor_demo/serial_motor_demo) by extensions ['colcon_meta']
[1.725s] Level 1:colcon.colcon_core.package_identification:_identify(src/serial_motor_demo/serial_motor_demo) by extension 'colcon_meta'
[1.725s] Level 1:colcon.colcon_core.package_identification:_identify(src/serial_motor_demo/serial_motor_demo) by extensions ['ros']
[1.725s] Level 1:colcon.colcon_core.package_identification:_identify(src/serial_motor_demo/serial_motor_demo) by extension 'ros'
[1.735s] DEBUG:colcon.colcon_core.package_identification:Package 'src/serial_motor_demo/serial_motor_demo' with type 'ros.ament_python' and name 'serial_motor_demo'
[1.736s] Level 1:colcon.colcon_core.package_identification:_identify(src/serial_motor_demo/serial_motor_demo_msgs) by extensions ['ignore', 'ignore_ament_install']
[1.736s] Level 1:colcon.colcon_core.package_identification:_identify(src/serial_motor_demo/serial_motor_demo_msgs) by extension 'ignore'
[1.737s] Level 1:colcon.colcon_core.package_identification:_identify(src/serial_motor_demo/serial_motor_demo_msgs) by extension 'ignore_ament_install'
[1.737s] Level 1:colcon.colcon_core.package_identification:_identify(src/serial_motor_demo/serial_motor_demo_msgs) by extensions ['colcon_pkg']
[1.737s] Level 1:colcon.colcon_core.package_identification:_identify(src/serial_motor_demo/serial_motor_demo_msgs) by extension 'colcon_pkg'
[1.738s] Level 1:colcon.colcon_core.package_identification:_identify(src/serial_motor_demo/serial_motor_demo_msgs) by extensions ['colcon_meta']
[1.738s] Level 1:colcon.colcon_core.package_identification:_identify(src/serial_motor_demo/serial_motor_demo_msgs) by extension 'colcon_meta'
[1.738s] Level 1:colcon.colcon_core.package_identification:_identify(src/serial_motor_demo/serial_motor_demo_msgs) by extensions ['ros']
[1.739s] Level 1:colcon.colcon_core.package_identification:_identify(src/serial_motor_demo/serial_motor_demo_msgs) by extension 'ros'
[1.741s] DEBUG:colcon.colcon_core.package_identification:Package 'src/serial_motor_demo/serial_motor_demo_msgs' with type 'ros.ament_cmake' and name 'serial_motor_demo_msgs'
[1.741s] Level 1:colcon.colcon_core.package_discovery:discover_packages(recursive) using defaults
[1.742s] Level 1:colcon.colcon_core.package_discovery:discover_packages(ignore) discover
[1.742s] Level 1:colcon.colcon_core.package_discovery:discover_packages(ignore) using defaults
[1.742s] Level 1:colcon.colcon_core.package_discovery:discover_packages(path) discover
[1.742s] Level 1:colcon.colcon_core.package_discovery:discover_packages(path) using defaults
[1.819s] Level 5:colcon.colcon_core.verb:set package 'serial_motor_demo_msgs' build argument 'cmake_args' from command line to 'None'
[1.820s] Level 5:colcon.colcon_core.verb:set package 'serial_motor_demo_msgs' build argument 'cmake_target' from command line to 'None'
[1.820s] Level 5:colcon.colcon_core.verb:set package 'serial_motor_demo_msgs' build argument 'cmake_target_skip_unavailable' from command line to 'False'
[1.820s] Level 5:colcon.colcon_core.verb:set package 'serial_motor_demo_msgs' build argument 'cmake_clean_cache' from command line to 'False'
[1.821s] Level 5:colcon.colcon_core.verb:set package 'serial_motor_demo_msgs' build argument 'cmake_clean_first' from command line to 'False'
[1.821s] Level 5:colcon.colcon_core.verb:set package 'serial_motor_demo_msgs' build argument 'cmake_force_configure' from command line to 'False'
[1.821s] Level 5:colcon.colcon_core.verb:set package 'serial_motor_demo_msgs' build argument 'ament_cmake_args' from command line to 'None'
[1.821s] Level 5:colcon.colcon_core.verb:set package 'serial_motor_demo_msgs' build argument 'catkin_cmake_args' from command line to 'None'
[1.821s] Level 5:colcon.colcon_core.verb:set package 'serial_motor_demo_msgs' build argument 'catkin_skip_building_tests' from command line to 'False'
[1.821s] DEBUG:colcon.colcon_core.verb:Building package 'serial_motor_demo_msgs' with the following arguments: {'ament_cmake_args': None, 'build_base': '/home/pro/Mars_Rover/build/serial_motor_demo_msgs', 'catkin_cmake_args': None, 'catkin_skip_building_tests': False, 'cmake_args': None, 'cmake_clean_cache': False, 'cmake_clean_first': False, 'cmake_force_configure': False, 'cmake_target': None, 'cmake_target_skip_unavailable': False, 'install_base': '/home/pro/Mars_Rover/install/serial_motor_demo_msgs', 'merge_install': False, 'path': '/home/pro/Mars_Rover/src/serial_motor_demo/serial_motor_demo_msgs', 'symlink_install': True, 'test_result_base': None}
[1.823s] Level 5:colcon.colcon_core.verb:set package 'serial_motor_demo' build argument 'cmake_args' from command line to 'None'
[1.824s] Level 5:colcon.colcon_core.verb:set package 'serial_motor_demo' build argument 'cmake_target' from command line to 'None'
[1.824s] Level 5:colcon.colcon_core.verb:set package 'serial_motor_demo' build argument 'cmake_target_skip_unavailable' from command line to 'False'
[1.825s] Level 5:colcon.colcon_core.verb:set package 'serial_motor_demo' build argument 'cmake_clean_cache' from command line to 'False'
[1.826s] Level 5:colcon.colcon_core.verb:set package 'serial_motor_demo' build argument 'cmake_clean_first' from command line to 'False'
[1.826s] Level 5:colcon.colcon_core.verb:set package 'serial_motor_demo' build argument 'cmake_force_configure' from command line to 'False'
[1.826s] Level 5:colcon.colcon_core.verb:set package 'serial_motor_demo' build argument 'ament_cmake_args' from command line to 'None'
[1.826s] Level 5:colcon.colcon_core.verb:set package 'serial_motor_demo' build argument 'catkin_cmake_args' from command line to 'None'
[1.827s] Level 5:colcon.colcon_core.verb:set package 'serial_motor_demo' build argument 'catkin_skip_building_tests' from command line to 'False'
[1.827s] DEBUG:colcon.colcon_core.verb:Building package 'serial_motor_demo' with the following arguments: {'ament_cmake_args': None, 'build_base': '/home/pro/Mars_Rover/build/serial_motor_demo', 'catkin_cmake_args': None, 'catkin_skip_building_tests': False, 'cmake_args': None, 'cmake_clean_cache': False, 'cmake_clean_first': False, 'cmake_force_configure': False, 'cmake_target': None, 'cmake_target_skip_unavailable': False, 'install_base': '/home/pro/Mars_Rover/install/serial_motor_demo', 'merge_install': False, 'path': '/home/pro/Mars_Rover/src/serial_motor_demo/serial_motor_demo', 'symlink_install': True, 'test_result_base': None}
[1.828s] INFO:colcon.colcon_core.executor:Executing jobs using 'parallel' executor
[1.832s] DEBUG:colcon.colcon_parallel_executor.executor.parallel:run_until_complete
[1.834s] INFO:colcon.colcon_ros.task.ament_cmake.build:Building ROS package in '/home/pro/Mars_Rover/src/serial_motor_demo/serial_motor_demo_msgs' with build type 'ament_cmake'
[1.836s] INFO:colcon.colcon_cmake.task.cmake.build:Building CMake package in '/home/pro/Mars_Rover/src/serial_motor_demo/serial_motor_demo_msgs'
[1.847s] INFO:colcon.colcon_core.plugin_system:Skipping extension 'colcon_core.shell.bat': Not used on non-Windows systems
[1.848s] INFO:colcon.colcon_core.shell:Skip shell extension 'powershell' for command environment: Not usable outside of PowerShell
[1.848s] DEBUG:colcon.colcon_core.shell:Skip shell extension 'dsv' for command environment
[1.910s] DEBUG:colcon.colcon_core.event_handler.log_command:Invoking command in '/home/pro/Mars_Rover/build/serial_motor_demo_msgs': CMAKE_PREFIX_PATH=${CMAKE_PREFIX_PATH}:/home/pro/Mars_Rover/install/serial_motor_demo:/opt/ros/foxy /usr/bin/cmake --build /home/pro/Mars_Rover/build/serial_motor_demo_msgs -- -j4 -l4
[3.169s] DEBUG:colcon.colcon_core.event_handler.log_command:Invoked command in '/home/pro/Mars_Rover/build/serial_motor_demo_msgs' returned '0': CMAKE_PREFIX_PATH=${CMAKE_PREFIX_PATH}:/home/pro/Mars_Rover/install/serial_motor_demo:/opt/ros/foxy /usr/bin/cmake --build /home/pro/Mars_Rover/build/serial_motor_demo_msgs -- -j4 -l4
[3.694s] DEBUG:colcon.colcon_core.event_handler.log_command:Invoking command in '/home/pro/Mars_Rover/build/serial_motor_demo_msgs': CMAKE_PREFIX_PATH=${CMAKE_PREFIX_PATH}:/home/pro/Mars_Rover/install/serial_motor_demo:/opt/ros/foxy /usr/bin/cmake --install /home/pro/Mars_Rover/build/serial_motor_demo_msgs
[4.095s] Level 1:colcon.colcon_core.environment:create_environment_scripts_only(serial_motor_demo_msgs)
[4.097s] DEBUG:colcon.colcon_core.event_handler.log_command:Invoked command in '/home/pro/Mars_Rover/build/serial_motor_demo_msgs' returned '0': CMAKE_PREFIX_PATH=${CMAKE_PREFIX_PATH}:/home/pro/Mars_Rover/install/serial_motor_demo:/opt/ros/foxy /usr/bin/cmake --install /home/pro/Mars_Rover/build/serial_motor_demo_msgs
[4.109s] Level 1:colcon.colcon_core.environment:checking '/home/pro/Mars_Rover/install/serial_motor_demo_msgs' for CMake module files
[4.113s] Level 1:colcon.colcon_core.environment:checking '/home/pro/Mars_Rover/install/serial_motor_demo_msgs' for CMake config files
[4.121s] Level 1:colcon.colcon_core.shell:create_environment_hook('serial_motor_demo_msgs', 'cmake_prefix_path')
[4.122s] INFO:colcon.colcon_core.shell:Creating environment hook '/home/pro/Mars_Rover/install/serial_motor_demo_msgs/share/serial_motor_demo_msgs/hook/cmake_prefix_path.ps1'
[4.125s] INFO:colcon.colcon_core.shell:Creating environment descriptor '/home/pro/Mars_Rover/install/serial_motor_demo_msgs/share/serial_motor_demo_msgs/hook/cmake_prefix_path.dsv'
[4.128s] INFO:colcon.colcon_core.shell:Creating environment hook '/home/pro/Mars_Rover/install/serial_motor_demo_msgs/share/serial_motor_demo_msgs/hook/cmake_prefix_path.sh'
[4.133s] Level 1:colcon.colcon_core.environment:checking '/home/pro/Mars_Rover/install/serial_motor_demo_msgs/lib'
[4.134s] Level 1:colcon.colcon_core.shell:create_environment_hook('serial_motor_demo_msgs', 'ld_library_path_lib')
[4.135s] INFO:colcon.colcon_core.shell:Creating environment hook '/home/pro/Mars_Rover/install/serial_motor_demo_msgs/share/serial_motor_demo_msgs/hook/ld_library_path_lib.ps1'
[4.138s] INFO:colcon.colcon_core.shell:Creating environment descriptor '/home/pro/Mars_Rover/install/serial_motor_demo_msgs/share/serial_motor_demo_msgs/hook/ld_library_path_lib.dsv'
[4.140s] INFO:colcon.colcon_core.shell:Creating environment hook '/home/pro/Mars_Rover/install/serial_motor_demo_msgs/share/serial_motor_demo_msgs/hook/ld_library_path_lib.sh'
[4.142s] Level 1:colcon.colcon_core.environment:checking '/home/pro/Mars_Rover/install/serial_motor_demo_msgs/bin'
[4.143s] Level 1:colcon.colcon_core.environment:checking '/home/pro/Mars_Rover/install/serial_motor_demo_msgs/lib/pkgconfig/serial_motor_demo_msgs.pc'
[4.146s] Level 1:colcon.colcon_core.environment:checking '/home/pro/Mars_Rover/install/serial_motor_demo_msgs/lib/python3.8/site-packages'
[4.147s] Level 1:colcon.colcon_core.shell:create_environment_hook('serial_motor_demo_msgs', 'pythonpath')
[4.148s] INFO:colcon.colcon_core.shell:Creating environment hook '/home/pro/Mars_Rover/install/serial_motor_demo_msgs/share/serial_motor_demo_msgs/hook/pythonpath.ps1'
[4.151s] INFO:colcon.colcon_core.shell:Creating environment descriptor '/home/pro/Mars_Rover/install/serial_motor_demo_msgs/share/serial_motor_demo_msgs/hook/pythonpath.dsv'
[4.153s] INFO:colcon.colcon_core.shell:Creating environment hook '/home/pro/Mars_Rover/install/serial_motor_demo_msgs/share/serial_motor_demo_msgs/hook/pythonpath.sh'
[4.156s] Level 1:colcon.colcon_core.environment:checking '/home/pro/Mars_Rover/install/serial_motor_demo_msgs/bin'
[4.158s] INFO:colcon.colcon_core.shell:Creating package script '/home/pro/Mars_Rover/install/serial_motor_demo_msgs/share/serial_motor_demo_msgs/package.ps1'
[4.162s] INFO:colcon.colcon_core.shell:Creating package descriptor '/home/pro/Mars_Rover/install/serial_motor_demo_msgs/share/serial_motor_demo_msgs/package.dsv'
[4.166s] INFO:colcon.colcon_core.shell:Creating package script '/home/pro/Mars_Rover/install/serial_motor_demo_msgs/share/serial_motor_demo_msgs/package.sh'
[4.170s] INFO:colcon.colcon_core.shell:Creating package script '/home/pro/Mars_Rover/install/serial_motor_demo_msgs/share/serial_motor_demo_msgs/package.bash'
[4.174s] INFO:colcon.colcon_core.shell:Creating package script '/home/pro/Mars_Rover/install/serial_motor_demo_msgs/share/serial_motor_demo_msgs/package.zsh'
[4.177s] Level 1:colcon.colcon_core.environment:create_file_with_runtime_dependencies(/home/pro/Mars_Rover/install/serial_motor_demo_msgs/share/colcon-core/packages/serial_motor_demo_msgs)
[4.658s] Level 1:colcon.colcon_core.environment:create_environment_scripts_only(serial_motor_demo_msgs)
[4.659s] Level 1:colcon.colcon_core.environment:checking '/home/pro/Mars_Rover/install/serial_motor_demo_msgs' for CMake module files
[4.663s] Level 1:colcon.colcon_core.environment:checking '/home/pro/Mars_Rover/install/serial_motor_demo_msgs' for CMake config files
[4.670s] Level 1:colcon.colcon_core.shell:create_environment_hook('serial_motor_demo_msgs', 'cmake_prefix_path')
[4.671s] INFO:colcon.colcon_core.shell:Creating environment hook '/home/pro/Mars_Rover/install/serial_motor_demo_msgs/share/serial_motor_demo_msgs/hook/cmake_prefix_path.ps1'
[4.673s] INFO:colcon.colcon_core.shell:Creating environment descriptor '/home/pro/Mars_Rover/install/serial_motor_demo_msgs/share/serial_motor_demo_msgs/hook/cmake_prefix_path.dsv'
[4.675s] INFO:colcon.colcon_core.shell:Creating environment hook '/home/pro/Mars_Rover/install/serial_motor_demo_msgs/share/serial_motor_demo_msgs/hook/cmake_prefix_path.sh'
[4.677s] Level 1:colcon.colcon_core.environment:checking '/home/pro/Mars_Rover/install/serial_motor_demo_msgs/lib'
[4.678s] Level 1:colcon.colcon_core.shell:create_environment_hook('serial_motor_demo_msgs', 'ld_library_path_lib')
[4.679s] INFO:colcon.colcon_core.shell:Creating environment hook '/home/pro/Mars_Rover/install/serial_motor_demo_msgs/share/serial_motor_demo_msgs/hook/ld_library_path_lib.ps1'
[4.681s] INFO:colcon.colcon_core.shell:Creating environment descriptor '/home/pro/Mars_Rover/install/serial_motor_demo_msgs/share/serial_motor_demo_msgs/hook/ld_library_path_lib.dsv'
[4.683s] INFO:colcon.colcon_core.shell:Creating environment hook '/home/pro/Mars_Rover/install/serial_motor_demo_msgs/share/serial_motor_demo_msgs/hook/ld_library_path_lib.sh'
[4.684s] Level 1:colcon.colcon_core.environment:checking '/home/pro/Mars_Rover/install/serial_motor_demo_msgs/bin'
[4.685s] Level 1:colcon.colcon_core.environment:checking '/home/pro/Mars_Rover/install/serial_motor_demo_msgs/lib/pkgconfig/serial_motor_demo_msgs.pc'
[4.685s] Level 1:colcon.colcon_core.environment:checking '/home/pro/Mars_Rover/install/serial_motor_demo_msgs/lib/python3.8/site-packages'
[4.686s] Level 1:colcon.colcon_core.shell:create_environment_hook('serial_motor_demo_msgs', 'pythonpath')
[4.687s] INFO:colcon.colcon_core.shell:Creating environment hook '/home/pro/Mars_Rover/install/serial_motor_demo_msgs/share/serial_motor_demo_msgs/hook/pythonpath.ps1'
[4.688s] INFO:colcon.colcon_core.shell:Creating environment descriptor '/home/pro/Mars_Rover/install/serial_motor_demo_msgs/share/serial_motor_demo_msgs/hook/pythonpath.dsv'
[4.690s] INFO:colcon.colcon_core.shell:Creating environment hook '/home/pro/Mars_Rover/install/serial_motor_demo_msgs/share/serial_motor_demo_msgs/hook/pythonpath.sh'
[4.692s] Level 1:colcon.colcon_core.environment:checking '/home/pro/Mars_Rover/install/serial_motor_demo_msgs/bin'
[4.694s] INFO:colcon.colcon_core.shell:Creating package script '/home/pro/Mars_Rover/install/serial_motor_demo_msgs/share/serial_motor_demo_msgs/package.ps1'
[4.696s] INFO:colcon.colcon_core.shell:Creating package descriptor '/home/pro/Mars_Rover/install/serial_motor_demo_msgs/share/serial_motor_demo_msgs/package.dsv'
[4.700s] INFO:colcon.colcon_core.shell:Creating package script '/home/pro/Mars_Rover/install/serial_motor_demo_msgs/share/serial_motor_demo_msgs/package.sh'
[4.702s] INFO:colcon.colcon_core.shell:Creating package script '/home/pro/Mars_Rover/install/serial_motor_demo_msgs/share/serial_motor_demo_msgs/package.bash'
[4.704s] INFO:colcon.colcon_core.shell:Creating package script '/home/pro/Mars_Rover/install/serial_motor_demo_msgs/share/serial_motor_demo_msgs/package.zsh'
[4.706s] Level 1:colcon.colcon_core.environment:create_file_with_runtime_dependencies(/home/pro/Mars_Rover/install/serial_motor_demo_msgs/share/colcon-core/packages/serial_motor_demo_msgs)
[4.707s] INFO:colcon.colcon_ros.task.ament_python.build:Building ROS package in '/home/pro/Mars_Rover/src/serial_motor_demo/serial_motor_demo' with build type 'ament_python'
[4.708s] Level 1:colcon.colcon_core.shell:create_environment_hook('serial_motor_demo', 'ament_prefix_path')
[4.709s] INFO:colcon.colcon_core.shell:Creating environment hook '/home/pro/Mars_Rover/install/serial_motor_demo/share/serial_motor_demo/hook/ament_prefix_path.ps1'
[4.711s] INFO:colcon.colcon_core.shell:Creating environment descriptor '/home/pro/Mars_Rover/install/serial_motor_demo/share/serial_motor_demo/hook/ament_prefix_path.dsv'
[4.714s] INFO:colcon.colcon_core.shell:Creating environment hook '/home/pro/Mars_Rover/install/serial_motor_demo/share/serial_motor_demo/hook/ament_prefix_path.sh'
[4.716s] INFO:colcon.colcon_core.shell:Skip shell extension 'powershell' for command environment: Not usable outside of PowerShell
[4.717s] DEBUG:colcon.colcon_core.shell:Skip shell extension 'dsv' for command environment
[5.628s] INFO:colcon.colcon_core.task.python.build:Building Python package in '/home/pro/Mars_Rover/src/serial_motor_demo/serial_motor_demo'
[5.630s] INFO:colcon.colcon_core.shell:Skip shell extension 'powershell' for command environment: Not usable outside of PowerShell
[5.630s] DEBUG:colcon.colcon_core.shell:Skip shell extension 'dsv' for command environment
[7.176s] DEBUG:colcon.colcon_core.event_handler.log_command:Invoking command in '/home/pro/Mars_Rover/build/serial_motor_demo': PYTHONPATH=/home/pro/Mars_Rover/build/serial_motor_demo/prefix_override:/home/pro/Mars_Rover/install/serial_motor_demo/lib/python3.8/site-packages:/home/pro/Mars_Rover/install/serial_motor_demo_msgs/lib/python3.8/site-packages:/home/pro/Mars_Rover/build/serial_motor_demo:/home/pro/Mars_Rover/install/serial_motor_demo/lib/python3.8/site-packages:/opt/ros/foxy/lib/python3.8/site-packages /usr/bin/python3 -W ignore:setup.py install is deprecated setup.py develop --editable --build-directory /home/pro/Mars_Rover/build/serial_motor_demo/build --no-deps symlink_data
[9.021s] Level 1:colcon.colcon_core.shell:create_environment_hook('serial_motor_demo', 'pythonpath_develop')
[9.022s] INFO:colcon.colcon_core.shell:Creating environment hook '/home/pro/Mars_Rover/build/serial_motor_demo/share/serial_motor_demo/hook/pythonpath_develop.ps1'
[9.024s] DEBUG:colcon.colcon_core.event_handler.log_command:Invoked command in '/home/pro/Mars_Rover/build/serial_motor_demo' returned '0': PYTHONPATH=/home/pro/Mars_Rover/build/serial_motor_demo/prefix_override:/home/pro/Mars_Rover/install/serial_motor_demo/lib/python3.8/site-packages:/home/pro/Mars_Rover/install/serial_motor_demo_msgs/lib/python3.8/site-packages:/home/pro/Mars_Rover/build/serial_motor_demo:/home/pro/Mars_Rover/install/serial_motor_demo/lib/python3.8/site-packages:/opt/ros/foxy/lib/python3.8/site-packages /usr/bin/python3 -W ignore:setup.py install is deprecated setup.py develop --editable --build-directory /home/pro/Mars_Rover/build/serial_motor_demo/build --no-deps symlink_data
[9.025s] INFO:colcon.colcon_core.shell:Creating environment descriptor '/home/pro/Mars_Rover/build/serial_motor_demo/share/serial_motor_demo/hook/pythonpath_develop.dsv'
[9.027s] INFO:colcon.colcon_core.shell:Creating environment hook '/home/pro/Mars_Rover/build/serial_motor_demo/share/serial_motor_demo/hook/pythonpath_develop.sh'
[9.030s] Level 1:colcon.colcon_core.environment:checking '/home/pro/Mars_Rover/install/serial_motor_demo' for CMake module files
[9.032s] Level 1:colcon.colcon_core.environment:checking '/home/pro/Mars_Rover/install/serial_motor_demo' for CMake config files
[9.036s] Level 1:colcon.colcon_core.environment:checking '/home/pro/Mars_Rover/install/serial_motor_demo/lib'
[9.036s] Level 1:colcon.colcon_core.environment:checking '/home/pro/Mars_Rover/install/serial_motor_demo/bin'
[9.037s] Level 1:colcon.colcon_core.environment:checking '/home/pro/Mars_Rover/install/serial_motor_demo/lib/pkgconfig/serial_motor_demo.pc'
[9.038s] Level 1:colcon.colcon_core.environment:checking '/home/pro/Mars_Rover/install/serial_motor_demo/lib/python3.8/site-packages'
[9.038s] Level 1:colcon.colcon_core.shell:create_environment_hook('serial_motor_demo', 'pythonpath')
[9.039s] INFO:colcon.colcon_core.shell:Creating environment hook '/home/pro/Mars_Rover/install/serial_motor_demo/share/serial_motor_demo/hook/pythonpath.ps1'
[9.041s] INFO:colcon.colcon_core.shell:Creating environment descriptor '/home/pro/Mars_Rover/install/serial_motor_demo/share/serial_motor_demo/hook/pythonpath.dsv'
[9.043s] INFO:colcon.colcon_core.shell:Creating environment hook '/home/pro/Mars_Rover/install/serial_motor_demo/share/serial_motor_demo/hook/pythonpath.sh'
[9.045s] Level 1:colcon.colcon_core.environment:checking '/home/pro/Mars_Rover/install/serial_motor_demo/bin'
[9.045s] Level 1:colcon.colcon_core.environment:create_environment_scripts_only(serial_motor_demo)
[9.047s] INFO:colcon.colcon_core.shell:Creating package script '/home/pro/Mars_Rover/install/serial_motor_demo/share/serial_motor_demo/package.ps1'
[9.049s] INFO:colcon.colcon_core.shell:Creating package descriptor '/home/pro/Mars_Rover/install/serial_motor_demo/share/serial_motor_demo/package.dsv'
[9.052s] INFO:colcon.colcon_core.shell:Creating package script '/home/pro/Mars_Rover/install/serial_motor_demo/share/serial_motor_demo/package.sh'
[9.054s] INFO:colcon.colcon_core.shell:Creating package script '/home/pro/Mars_Rover/install/serial_motor_demo/share/serial_motor_demo/package.bash'
[9.056s] INFO:colcon.colcon_core.shell:Creating package script '/home/pro/Mars_Rover/install/serial_motor_demo/share/serial_motor_demo/package.zsh'
[9.057s] Level 1:colcon.colcon_core.environment:create_file_with_runtime_dependencies(/home/pro/Mars_Rover/install/serial_motor_demo/share/colcon-core/packages/serial_motor_demo)
[9.059s] DEBUG:colcon.colcon_parallel_executor.executor.parallel:closing loop
[9.060s] DEBUG:colcon.colcon_parallel_executor.executor.parallel:loop closed
[9.062s] DEBUG:colcon.colcon_parallel_executor.executor.parallel:run_until_complete finished with '0'
[9.062s] DEBUG:colcon.colcon_core.event_reactor:joining thread
[9.081s] INFO:colcon.colcon_core.plugin_system:Skipping extension 'colcon_notification.desktop_notification.notify_send': Could not find 'notify-send'
[9.081s] INFO:colcon.colcon_core.plugin_system:Skipping extension 'colcon_notification.desktop_notification.terminal_notifier': Not used on non-Darwin systems
[9.081s] INFO:colcon.colcon_core.plugin_system:Skipping extension 'colcon_notification.desktop_notification.win32': Not used on non-Windows systems
[9.082s] INFO:colcon.colcon_notification.desktop_notification:Sending desktop notification using 'notify2'
[9.084s] DEBUG:colcon.colcon_notification.desktop_notification.notify2:Failed to initialize notify2: org.freedesktop.DBus.Error.ServiceUnknown: The name org.freedesktop.Notifications was not provided by any .service files
[9.085s] DEBUG:colcon.colcon_core.event_reactor:joined thread
[9.086s] INFO:colcon.colcon_core.shell:Creating prefix script '/home/pro/Mars_Rover/install/local_setup.ps1'
[9.090s] INFO:colcon.colcon_core.shell:Creating prefix util module '/home/pro/Mars_Rover/install/_local_setup_util_ps1.py'
[9.095s] INFO:colcon.colcon_core.shell:Creating prefix chain script '/home/pro/Mars_Rover/install/setup.ps1'
[9.099s] INFO:colcon.colcon_core.shell:Creating prefix script '/home/pro/Mars_Rover/install/local_setup.sh'
[9.102s] INFO:colcon.colcon_core.shell:Creating prefix util module '/home/pro/Mars_Rover/install/_local_setup_util_sh.py'
[9.104s] INFO:colcon.colcon_core.shell:Creating prefix chain script '/home/pro/Mars_Rover/install/setup.sh'
[9.109s] INFO:colcon.colcon_core.shell:Creating prefix script '/home/pro/Mars_Rover/install/local_setup.bash'
[9.111s] INFO:colcon.colcon_core.shell:Creating prefix chain script '/home/pro/Mars_Rover/install/setup.bash'
[9.115s] INFO:colcon.colcon_core.shell:Creating prefix script '/home/pro/Mars_Rover/install/local_setup.zsh'
[9.118s] INFO:colcon.colcon_core.shell:Creating prefix chain script '/home/pro/Mars_Rover/install/setup.zsh'
